Log file open, 04/07/15 01:59:39
LogInit:Display: Running engine without a game
LogInit:Display: Loading recent project file: D:/Works/Unreal/FFMProject/FFMProject.uproject
LogInit: Version: 4.7.4-2497108+++depot+UE4-Releases+4.7
LogInit: API Version: 2455222
LogInit: Compiled (64-bit): Mar 31 2015 09:40:25
LogInit: Compiled with Visual C++: 18.00.21005.01
LogInit: Build Configuration: Development
LogInit: Branch Name: ++depot+UE4-Releases+4.7
LogInit: Command line: 
LogInit: Base directory: C:/Program Files/Epic Games/4.7/Engine/Binaries/Win64/
LogInit: Rocket: 1
[2015.04.06-23.59.39:604][  0]LogTaskGraph: Started task graph with 3 named threads and 6 total threads.
[2015.04.06-23.59.39:658][  0]LogOnline:Warning: No default platform service specified for OnlineSubsystem
[2015.04.06-23.59.39:670][  0]LogInit: Presizing for 0 objects not considered by GC, pre-allocating 0 bytes.
[2015.04.06-23.59.39:679][  0]LogInit: Object subsystem initialized
[2015.04.06-23.59.39:680][  0]LogConsoleResponse:Warning: Skipping Unknown console variable: 'TranslucentSortAxis = (X=0.000000,Y=-1.000000,Z=0.000000)'
[2015.04.06-23.59.39:680][  0]LogConsoleResponse:Warning:   Found in ini file 'D:/Works/Unreal/FFMProject/Saved/Config/Windows/Engine.ini', in section '[/Script/Engine.RendererSettings]'
[2015.04.06-23.59.39:680][  0]LogConsoleResponse:Warning: Skipping Unknown console variable: 'UIScaleRule = ShortestSide'
[2015.04.06-23.59.39:680][  0]LogConsoleResponse:Warning:   Found in ini file 'D:/Works/Unreal/FFMProject/Saved/Config/Windows/Engine.ini', in section '[/Script/Engine.RendererSettings]'
[2015.04.06-23.59.39:680][  0]LogConsoleResponse:Warning: Skipping Unknown console variable: 'UIScaleCurve = (EditorCurveData=(Keys=),ExternalCurve=None)'
[2015.04.06-23.59.39:680][  0]LogConsoleResponse:Warning:   Found in ini file 'D:/Works/Unreal/FFMProject/Saved/Config/Windows/Engine.ini', in section '[/Script/Engine.RendererSettings]'
[2015.04.06-23.59.39:680][  0]LogInit: Selected Device Profile: [Windows]
[2015.04.06-23.59.39:680][  0]LogInit: Applying CVar settings loaded from the selected device profile: [Windows]
[2015.04.06-23.59.39:686][  0]LogInit: Computer: SGSOFT-PC
[2015.04.06-23.59.39:686][  0]LogInit: User: SGSoft
[2015.04.06-23.59.39:686][  0]LogInit: CPU Page size=4096, Cores=4
[2015.04.06-23.59.39:686][  0]LogInit: High frequency timer resolution =3.330093 MHz
[2015.04.06-23.59.39:686][  0]LogMemory: Memory total: Physical=8.0GB (8GB approx) Virtual=131072.0GB
[2015.04.06-23.59.39:686][  0]LogMemory: Platform Memory Stats for Windows
[2015.04.06-23.59.39:686][  0]LogMemory: Process Physical Memory: 45.67 MB used, 45.67 MB peak
[2015.04.06-23.59.39:686][  0]LogMemory: Process Virtual Memory: 22.53 MB used, 22.53 MB peak
[2015.04.06-23.59.39:686][  0]LogMemory: Physical Memory: 4121.80 MB used, 8144.52 MB total
[2015.04.06-23.59.39:686][  0]LogMemory: Virtual Memory: 285.19 MB used, 134217728.00 MB total
[2015.04.06-23.59.39:715][  0]LogD3D11RHI: Found D3D11 adapter 0: NVIDIA GeForce GTX 760 (Feature Level 11_0)
[2015.04.06-23.59.39:715][  0]LogD3D11RHI: Adapter has 1985MB of dedicated video memory, 0MB of dedicated system memory, and 2048MB of shared system memory, 2 output[s]
[2015.04.06-23.59.39:716][  0]LogD3D11RHI: Found D3D11 adapter 1: Microsoft Basic Render Driver (Feature Level 11_0)
[2015.04.06-23.59.39:716][  0]LogD3D11RHI: Adapter has 0MB of dedicated video memory, 0MB of dedicated system memory, and 256MB of shared system memory, 0 output[s]
[2015.04.06-23.59.39:716][  0]LogD3D11RHI: Chosen D3D11 Adapter Id = 0
[2015.04.06-23.59.39:719][  0]LogRHI: Texture pool is 1361 MB (70% of 1945 MB)
[2015.04.06-23.59.39:730][  0]LogD3D11RHI: Async texture creation enabled
[2015.04.06-23.59.39:786][  0]LogTextLocalizationManager: The requested culture ('en_US') has no localization data; parent culture's ('en') localization data will be used.
[2015.04.06-23.59.39:841][  0]LogTextLocalizationManager:Warning: Loading localization resources contain conflicting entries for (Namespace:UICommands, Key:Save_ToolTip):
Resource: (C:/Program Files/Epic Games/4.7/Engine/Content/Localization/Editor/en/Editor.locres) Hash: (-29098895) String: (Saves the current level to disk)
Resource: (C:/Program Files/Epic Games/4.7/Engine/Content/Localization/Engine/en/Engine.locres) Hash: (-1280300587) String: (Save selected data to vlog file)
[2015.04.06-23.59.39:841][  0]LogTextLocalizationManager:Warning: Loading localization resources contain conflicting entries for (Namespace:ContentBrowser, Key:ImportAssetToolTip):
Resource: (C:/Program Files/Epic Games/4.7/Engine/Content/Localization/Editor/en/Editor.locres) Hash: (-630476809) String: (Import to {0}...)
Resource: (C:/Program Files/Epic Games/4.7/Engine/Content/Localization/Editor/en/Editor.locres) Hash: (1271782899) String: (Imports an asset from file to this folder.)
[2015.04.06-23.59.39:915][  0]LogContentStreaming: Texture pool size is 0.000000MB
[2015.04.06-23.59.41:931][  0]LogTargetPlatformManager:Display: Building Assets For Windows
[2015.04.06-23.59.42:431][  0]LogTargetPlatformManager:Display: Building Assets For Windows
[2015.04.06-23.59.42:487][  0]LogDerivedDataCache:Display: Max Cache Size: 512 MB
[2015.04.06-23.59.43:058][  0]LogDerivedDataCache: Loaded boot cache 0.57s 39MB C:/Users/SGSoft/AppData/Local/UnrealEngine/4.7/DerivedDataCache/Boot.ddc.
[2015.04.06-23.59.43:058][  0]LogDerivedDataCache:Display: Loaded Boot cache: C:/Users/SGSoft/AppData/Local/UnrealEngine/4.7/DerivedDataCache/Boot.ddc
[2015.04.06-23.59.43:058][  0]LogDerivedDataCache: FDerivedDataBackendGraph:  Pak pak cache file D:/Works/Unreal/FFMProject/DerivedDataCache/DDC.ddp not found, will not use a pak cache.
[2015.04.06-23.59.43:059][  0]LogDerivedDataCache: Unable to find inner node Pak for hierarchical cache Hierarchy.
[2015.04.06-23.59.43:180][  0]LogDerivedDataCache:Display: Pak cache opened for reading ../../../Engine/DerivedDataCache/Compressed.ddp.
[2015.04.06-23.59.43:192][  0]LogDerivedDataCache: Using Local data cache path C:/Users/SGSoft/AppData/Local/UnrealEngine/Common/DerivedDataCache: Writable
[2015.04.06-23.59.43:455][  0]LogMeshUtilities: No automatic mesh reduction module available
[2015.04.06-23.59.43:455][  0]LogMeshUtilities: No automatic mesh merging module available
[2015.04.06-23.59.43:831][  0]LogInit: WinSock: version 1.1 (2.2), MaxSocks=32767, MaxUdp=65467
[2015.04.06-23.59.43:899][  0]LogSlate:Warning: Failed to load font data from '../../../Engine/Content/Slate/Fonts/Roboto-Italic.ttf'
[2015.04.06-23.59.44:791][  0]UdpMessaging: Initializing bridge on interface 0.0.0.0:0 to multicast group 230.0.0.1:6666.
[2015.04.06-23.59.44:867][  0]LogLinker:Warning: Can't find file '/Game/Materials/BaseColor'
[2015.04.06-23.59.44:867][  0]LogLinker:Warning: Can't find file '/Game/Materials/BaseColor'
[2015.04.06-23.59.44:867][  0]LogUObjectGlobals:Warning: Failed to find object 'MaterialInterface /Game/Materials/BaseColor.BaseColor'
[2015.04.06-23.59.44:867][  0]Error: CDO Constructor (BoxPrimitiveModel): Failed to find Material'/Game/Materials/BaseColor.BaseColor'

[2015.04.06-23.59.44:867][  0]LogUObjectBase:Warning: -------------- Default Property warnings and errors:
[2015.04.06-23.59.44:867][  0]LogUObjectBase:Warning: Error: CDO Constructor (BoxPrimitiveModel): Failed to find Material'/Game/Materials/BaseColor.BaseColor'

[2015.04.06-23.59.51:888][  0]SourceControl: Info Source control is disabled
[2015.04.06-23.59.51:888][  0]SourceControl: Info Source control is disabled
[2015.04.06-23.59.51:888][  0]SourceControl: Info Source control is disabled
[2015.04.06-23.59.51:889][  0]LogSourceControl: RunCommandInternalRaw: 'git version'
[2015.04.06-23.59.51:889][  0]LogSourceControl: RunCommandInternalRaw: ExecProcess ReturnCode=2 OutResults=''
[2015.04.06-23.59.51:897][  0]SourceControl: Info Source control is disabled
[2015.04.06-23.59.52:058][  0]LogObj: 24263 objects as part of root set at end of initial load.
[2015.04.06-23.59.52:058][  0]LogUObjectAllocator: 5147880 out of 0 bytes used by permanent object pool.
[2015.04.06-23.59.52:131][  0]LogEngine: Initializing Engine...
[2015.04.06-23.59.54:285][  0]LogInit: XAudio2 using 'Lautsprecher (Realtek High Definition Audio)' : 2 channels at 48 kHz using 32 bits per sample (channel mask 0x3)
[2015.04.06-23.59.54:292][  0]LogInit: FAudioDevice initialized.
[2015.04.06-23.59.54:324][  0]LogAIModule: Creating AISystem for world NewWorld
[2015.04.06-23.59.54:341][  0]LogDerivedDataCache: Saved boot cache 0.02s 39MB C:/Users/SGSoft/AppData/Local/UnrealEngine/4.7/DerivedDataCache/Boot.ddc.
[2015.04.06-23.59.54:345][  0]LogInit: Texture streaming: Enabled
[2015.04.06-23.59.54:424][  0]LogAnalytics: Creating configured Analytics provider AnalyticsET
[2015.04.06-23.59.54:424][  0]LogAnalytics: ET APIKey = Rocket.Release. APIServer = http://et2.epicgames.com/ET2/. AppVersion = 4.7.4-2497108+++depot+UE4-Releases+4.7
[2015.04.06-23.59.54:424][  0]LogAnalytics: ET APIKey = Rocket.Release. DataRouterUploadURL = https://datarouter-public-service-gamedev.ol.epicgames.net/datarouter/api/v1/public/data. AppVersion = 4.7.4-2497108+++depot+UE4-Releases+4.7
[2015.04.06-23.59.54:424][  0]LogAnalytics: SetUserId a4f2ed4f47d76c443fcab9a99498089f|ab70b434162440e89bbb6a7cf7531383|e4d26380-4fa6-4617-996d-595afa92f20d
[2015.04.06-23.59.54:424][  0]LogAnalytics: AnalyticsET::StartSession [Rocket.Release]
[2015.04.06-23.59.54:443][  0]LogInit: Transaction tracking system initialized
[2015.04.06-23.59.54:592][  0]BlueprintLog: New page: Editor Load
[2015.04.06-23.59.54:629][  0]LogAssetRegistry: FAssetRegistry took 0.0105 seconds to start up
[2015.04.06-23.59.54:629][  0]LogDirectoryWatcher:Warning: Failed to begin reading directory changes for ../../../Engine/Plugins/Experimental/CharacterAI/Content/. Error: 0
[2015.04.06-23.59.55:099][  0]LogTargetPlatformManager:Display: Building Assets For Windows
[2015.04.06-23.59.55:421][  0]LogTargetPlatformManager:Display: Building Assets For Windows
[2015.04.06-23.59.55:662][  0]LogSlate:Warning: Failed to load font data from '../../../Engine/Content/Editor/Slate/Fonts/Roboto-Regular.ttf'
[2015.04.06-23.59.55:662][  0]LogSlate:Warning: Failed to load font data from '../../../Engine/Content/Editor/Slate/Fonts/Roboto-Bold.ttf'
[2015.04.06-23.59.55:666][  0]LogConsoleResponse:Display: 
[2015.04.06-23.59.55:784][  0]LogCook:Display: Done creating registry. It took  0.00s.
[2015.04.06-23.59.55:903][  0]SourceControl: Info Source control is disabled
[2015.04.06-23.59.55:903][  0]Cmd: MAP LOAD FILE="D:/Works/Unreal/FFMProject/Content/StarterContent/Maps/Minimal_Default.umap" TEMPLATE=0 SHOWPROGRESS=1 FEATURELEVEL=3
[2015.04.06-23.59.55:904][  0]LightingResults: New page: Lighting Build
[2015.04.06-23.59.55:914][  0]MapCheck: New page: Map Check
[2015.04.06-23.59.55:914][  0]LightingResults: New page: Lighting Build
[2015.04.06-23.59.55:920][  0]LogParticles: Destroying 0 GPU particle simulations for FXSystem 0x000000C931BCCE00
[2015.04.06-23.59.56:654][  0]LogEditorServer: Finished looking for orphan Actors (0.000 secs)
[2015.04.06-23.59.56:668][  0]LogAIModule: Creating AISystem for world Minimal_Default
[2015.04.06-23.59.56:668][  0]Cmd: MAP CHECKDEP
[2015.04.06-23.59.56:668][  0]MapCheck: New page: Minimal_Default - Apr 7, 2015, 3:59:56 AM
[2015.04.06-23.59.56:738][  0]MapCheck: Info Map check complete: 0 Error(s), 0 Warning(s), took 69.871ms to complete.
[2015.04.06-23.59.56:738][  0]LogFileHelpers: Loading map 'Minimal_Default' took 0.835
[2015.04.06-23.59.56:891][  0]LogCollectionManager: Loaded 0 collections in 0.001550 seconds
[2015.04.06-23.59.56:900][  0]LogContentBrowser: Native class hierarchy populated in 0.0095 seconds. Added 1700 classes and 263 folders.
[2015.04.06-23.59.56:933][  0]LogContentBrowser: Native class hierarchy updated for 'SceneOutliner' in 0.0031 seconds. Added 1 classes and 2 folders.
[2015.04.06-23.59.56:977][  0]LogCrashTracker: Crashtracker disabled due to settings.
[2015.04.06-23.59.56:978][  0]LogSlate:Warning: Failed to load font data from 'Veranda'
[2015.04.06-23.59.56:983][  0]LogUObjectGlobals:Warning: Failed to find object 'Class None.'
[2015.04.06-23.59.57:009][  0]LogLoad: Full Startup: 20.71 seconds (BP compile: 0.08 seconds)
[2015.04.06-23.59.57:547][  0]LogRenderer:Warning: Reallocating scene render targets to support 1208x576 (Frame:2).
[2015.04.06-23.59.58:704][  4]LogAssetRegistry: Asset discovery search completed in 4.0852 seconds
[2015.04.07-00.00.18:375][ 63]LogEditorViewport: Clicking on Actor (context menu): BP_Sky_Sphere_C (BP_Sky_Sphere)
[2015.04.07-00.00.26:441][799]LogSourceControl: RunCommandInternalRaw: 'git version'
[2015.04.07-00.00.26:475][799]LogSourceControl: RunCommandInternalRaw: ExecProcess ReturnCode=0 OutResults='git version 1.9.5.msysgit.1
'
[2015.04.07-00.00.28:534][ 32]LogSourceControl: RunCommandInternalRaw: 'git status'
[2015.04.07-00.00.28:567][ 36]LogSourceControl: RunCommandInternalRaw: ExecProcess ReturnCode=0 OutResults='On branch master
Changes not staged for commit:
  (use "git add <file>..." to update what will be committed)
  (use "git checkout -- <file>..." to discard changes in working directory)

	modified:   .gitignore

Untracked files:
  (use "git add <file>..." to include in what will be committed)

	Build/
	Config/
	Content/
	FFMProject.uproject
	Saved/
	Source/

no changes added to commit (use "git add" and/or "git commit -a")
'
[2015.04.07-00.00.28:567][ 36]LogSourceControl: RunCommandInternalRaw: 'git symbolic-ref --short HEAD'
[2015.04.07-00.00.28:585][ 38]LogSourceControl: RunCommandInternalRaw: ExecProcess ReturnCode=0 OutResults='master
'
[2015.04.07-00.00.28:585][ 38]SourceControl: Info master
[2015.04.07-00.01.19:040][501]LogSourceControl: RunCommandInternalRaw: 'git status'
[2015.04.07-00.01.19:040][501]LogSourceControl: RunCommandInternalRaw: ExecProcess ReturnCode=0 OutResults='On branch master
Changes not staged for commit:
  (use "git add <file>..." to update what will be committed)
  (use "git checkout -- <file>..." to discard changes in working directory)

	modified:   .gitignore

Untracked files:
  (use "git add <file>..." to include in what will be committed)

	Build/
	Config/
	Content/
	FFMProject.uproject
	Saved/
	Source/

no changes added to commit (use "git add" and/or "git commit -a")
'
[2015.04.07-00.01.19:040][501]LogSourceControl: RunCommandInternalRaw: 'git symbolic-ref --short HEAD'
[2015.04.07-00.01.19:050][502]LogSourceControl: RunCommandInternalRaw: ExecProcess ReturnCode=0 OutResults='master
'
[2015.04.07-00.01.19:050][502]SourceControl: Info master
[2015.04.07-00.01.23:092][943]LogEditorViewport: Clicking on Actor (LMB): StaticMeshActor (Floor)
[2015.04.07-00.16.53:980][628]Recompiling FFMProject...
[2015.04.07-00.16.53:980][628]Launching UnrealBuildTool... [C:/Program Files/Epic Games/4.7/Engine/Binaries/DotNET/UnrealBuildTool.exe FFMProject -ModuleWithSuffix FFMProject 7726 Win64 Development -editorrecompile -canskiplink "D:/Works/Unreal/FFMProject/FFMProject.uproject" -rocket  -rocket]
[2015.04.07-00.16.53:981][628]Warning: Starting HotReload took  0.0s.
[2015.04.07-00.17.31:421][634]CompilerResultsLog: New page: Compilation - Apr 7, 2015, 4:17:31 AM
[2015.04.07-00.17.31:421][634]CompilerResultsLog: Info Parsing headers for FFMProjectEditor
[2015.04.07-00.17.31:421][634]CompilerResultsLog: Info Reflection code generated for FFMProjectEditor
[2015.04.07-00.17.31:421][634]CompilerResultsLog: Info Performing 10 actions (4 in parallel)
[2015.04.07-00.17.31:421][634]CompilerResultsLog: Info [3/10] Resource FFMProject.rc
[2015.04.07-00.17.31:421][634]CompilerResultsLog: Info [2/10] Resource ModuleVersionResource.rc.inl
[2015.04.07-00.17.31:421][634]CompilerResultsLog: Info PCH.FFMProject.FFMProject.h.cpp
[2015.04.07-00.17.31:421][634]CompilerResultsLog: Info FFMProject.generated.cpp
[2015.04.07-00.17.31:421][634]CompilerResultsLog: Info ProceduralMeshComponent.cpp
[2015.04.07-00.17.31:421][634]CompilerResultsLog: Info MainScene.cpp
[2015.04.07-00.17.31:421][634]CompilerResultsLog: Info BoxPrimitiveModel.cpp
[2015.04.07-00.17.31:421][634]CompilerResultsLog: Info FFMProjectGameMode.cpp
[2015.04.07-00.17.31:421][634]CompilerResultsLog: Info FFMProject.cpp
[2015.04.07-00.17.31:421][634]CompilerResultsLog: Info [10/10] Link UE4Editor-FFMProject-7726.dll
[2015.04.07-00.17.31:421][634]CompilerResultsLog: Info    Creating library D:\Works\Unreal\FFMProject\Intermediate\Build\Win64\FFMProjectEditor\Development\UE4Editor-FFMProject-7726.lib and object D:\Works\Unreal\FFMProject\Intermediate\Build\Win64\FFMProjectEditor\Development\UE4Editor-FFMProject-7726.exp
[2015.04.07-00.17.31:421][634]CompilerResultsLog: Info -------- End Detailed Actions Stats -----------------------------------------------------------
[2015.04.07-00.17.31:421][634]CompilerResultsLog: Info Cumulative action seconds (8 processors): 0.00 building projects, 30.79 compiling, 0.00 creating app bundles, 0.00 generating debug info, 1.24 linking, 0.00 other
[2015.04.07-00.17.31:422][634]CompilerResultsLog: Info UBT execution time: 37.24 seconds
[2015.04.07-00.17.31:422][634]LogMainFrame: MainFrame: Module compiling took 37.454 seconds
[2015.04.07-00.17.31:519][634]LogLinker:Warning: Can't find file '/Game/Materials/BaseColor'
[2015.04.07-00.17.31:519][634]LogLinker:Warning: Can't find file '/Game/Materials/BaseColor'
[2015.04.07-00.17.31:519][634]LogUObjectGlobals:Warning: Failed to find object 'MaterialInterface /Game/Materials/BaseColor.BaseColor'
[2015.04.07-00.17.31:519][634]Error: CDO Constructor (BoxPrimitiveModel): Failed to find Material'/Game/Materials/BaseColor.BaseColor'

[2015.04.07-00.17.31:520][634]LogClass: ProceduralMeshVertex HotReload.
[2015.04.07-00.17.31:520][634]LogClass: ProceduralMeshTriangle HotReload.
[2015.04.07-00.17.31:521][634]LogHotReload: Re-instancing MainScene after hot-reload.
[2015.04.07-00.17.31:547][634]LogContentBrowser: Native class hierarchy updated for 'FFMProject' in 0.0031 seconds. Added 4 classes and 2 folders.
[2015.04.07-00.17.31:547][634]Warning: Some classes could not be reloaded:
Error: CDO Constructor (BoxPrimitiveModel): Failed to find Material'/Game/Materials/BaseColor.BaseColor'


[2015.04.07-00.17.31:547][634]Warning: HotReload successful (3 functions remapped  2 scriptstructs remapped)
[2015.04.07-00.17.31:562][634]LogContentBrowser: Native class hierarchy populated in 0.0094 seconds. Added 1701 classes and 265 folders.
[2015.04.07-00.17.41:707][664]LogSavePackage: Save=78.535645ms
[2015.04.07-00.17.41:707][664]LogSavePackage: Moving 'D:/Works/Unreal/FFMProject/Saved/Minimal_Default_Auto14CC22E154491929B490376A76402E52B.tmp' to 'D:/Works/Unreal/FFMProject/Saved/Autosaves/Game/StarterContent/Maps/Minimal_Default_Auto1.umap'
[2015.04.07-00.17.41:725][664]LogFileHelpers: Editor autosave (incl. sublevels) for '/Game/StarterContent/Maps/Minimal_Default' took 0.186
[2015.04.07-00.17.41:725][664]LogFileHelpers: Editor autosave (incl. sublevels) for all levels took 0.186
[2015.04.07-00.17.58:945][ 47]LogPlayLevel: PIE:  No blueprints needed recompiling
[2015.04.07-00.17.58:945][ 47]PIE: New page: PIE session: Minimal_Default (Apr 7, 2015, 4:17:58 AM)
[2015.04.07-00.17.58:949][ 47]LogPlayLevel: PIE: StaticDuplicateObject took: (0.003357s)
[2015.04.07-00.17.58:950][ 47]LogPlayLevel: PIE: World Init took: (0.000672s)
[2015.04.07-00.17.58:950][ 47]LogPlayLevel: PIE: Created PIE world by copying editor world from /Game/StarterContent/Maps/Minimal_Default.Minimal_Default to /Game/StarterContent/Maps/UEDPIE_0_Minimal_Default.Minimal_Default (0.004213s)
[2015.04.07-00.17.59:040][ 47]LogWorld: Game class is 'FFMProjectGameMode'
[2015.04.07-00.17.59:042][ 47]LogAIModule: Creating AISystem for world Minimal_Default
[2015.04.07-00.17.59:044][ 47]LogWorld: Bringing World /Game/StarterContent/Maps/UEDPIE_0_Minimal_Default.Minimal_Default up for play (max tick rate 0) at 2015.04.07-02.17.59
[2015.04.07-00.17.59:045][ 47]LogWorld: Bringing up level for play took: 0.002732
[2015.04.07-00.17.59:047][ 47]PIE: Info Play in editor start time for /Game/StarterContent/Maps/UEDPIE_0_Minimal_Default 0.142
[2015.04.07-00.18.01:732][352]LogParticles: Destroying 0 GPU particle simulations for FXSystem 0x000000C92D8ED1C0
[2015.04.07-00.18.09:694][201]LogEditorViewport: Clicking on Actor (LMB): BP_Sky_Sphere_C (BP_Sky_Sphere)
[2015.04.07-00.18.10:245][248]LogEditorViewport: Clicking on Actor (LMB): MainScene (MainScene3)
[2015.04.07-00.18.14:670][742]LogPlayLevel: PIE:  No blueprints needed recompiling
[2015.04.07-00.18.14:670][742]PIE: New page: PIE session: Minimal_Default (Apr 7, 2015, 4:18:14 AM)
[2015.04.07-00.18.14:674][742]LogPlayLevel: PIE: StaticDuplicateObject took: (0.003558s)
[2015.04.07-00.18.14:675][742]LogPlayLevel: PIE: World Init took: (0.001150s)
[2015.04.07-00.18.14:675][742]LogPlayLevel: PIE: Created PIE world by copying editor world from /Game/StarterContent/Maps/Minimal_Default.Minimal_Default to /Game/StarterContent/Maps/UEDPIE_0_Minimal_Default.Minimal_Default (0.004896s)
[2015.04.07-00.18.14:711][742]LogWorld: Game class is 'FFMProjectGameMode'
[2015.04.07-00.18.14:713][742]LogAIModule: Creating AISystem for world Minimal_Default
[2015.04.07-00.18.14:715][742]LogWorld: Bringing World /Game/StarterContent/Maps/UEDPIE_0_Minimal_Default.Minimal_Default up for play (max tick rate 0) at 2015.04.07-02.18.14
[2015.04.07-00.18.14:715][742]LogWorld: Bringing up level for play took: 0.002357
[2015.04.07-00.18.14:717][742]PIE: Info Play in editor start time for /Game/StarterContent/Maps/UEDPIE_0_Minimal_Default -0.188
[2015.04.07-00.18.37:266][791]LogParticles: Destroying 0 GPU particle simulations for FXSystem 0x000000C92B196660
[2015.04.07-00.18.42:197][322]LogSourceControl: RunCommandInternalRaw: 'git status --porcelain --ignored "D:/Works/Unreal/FFMProject/Config/DefaultGame.ini"'
[2015.04.07-00.18.42:214][323]LogSourceControl: RunCommandInternalRaw: ExecProcess ReturnCode=0 OutResults=''
[2015.04.07-00.18.43:187][439]LogSourceControl: RunCommandInternalRaw: 'git status --porcelain --ignored "D:/Works/Unreal/FFMProject/Config/DefaultGame.ini"'
[2015.04.07-00.18.43:198][440]LogSourceControl: RunCommandInternalRaw: ExecProcess ReturnCode=0 OutResults=''
[2015.04.07-00.18.44:189][559]LogSourceControl: RunCommandInternalRaw: 'git status --porcelain --ignored "D:/Works/Unreal/FFMProject/Config/DefaultGame.ini"'
[2015.04.07-00.18.44:197][560]LogSourceControl: RunCommandInternalRaw: ExecProcess ReturnCode=0 OutResults=''
[2015.04.07-00.18.44:326][572]LogSourceControl: RunCommandInternalRaw: 'git status --porcelain --ignored "D:/Works/Unreal/FFMProject/Config/DefaultInput.ini"'
[2015.04.07-00.18.44:337][573]LogSourceControl: RunCommandInternalRaw: ExecProcess ReturnCode=0 OutResults=''
[2015.04.07-00.18.45:326][691]LogSourceControl: RunCommandInternalRaw: 'git status --porcelain --ignored "D:/Works/Unreal/FFMProject/Config/DefaultInput.ini"'
[2015.04.07-00.18.45:334][692]LogSourceControl: RunCommandInternalRaw: ExecProcess ReturnCode=0 OutResults=''
[2015.04.07-00.18.46:332][811]LogSourceControl: RunCommandInternalRaw: 'git status --porcelain --ignored "D:/Works/Unreal/FFMProject/Config/DefaultInput.ini"'
[2015.04.07-00.18.46:341][812]LogSourceControl: RunCommandInternalRaw: ExecProcess ReturnCode=0 OutResults=''
[2015.04.07-00.18.47:338][931]LogSourceControl: RunCommandInternalRaw: 'git status --porcelain --ignored "D:/Works/Unreal/FFMProject/Config/DefaultInput.ini"'
[2015.04.07-00.18.47:345][932]LogSourceControl: RunCommandInternalRaw: ExecProcess ReturnCode=0 OutResults=''
[2015.04.07-00.18.48:340][ 51]LogSourceControl: RunCommandInternalRaw: 'git status --porcelain --ignored "D:/Works/Unreal/FFMProject/Config/DefaultInput.ini"'
[2015.04.07-00.18.48:348][ 52]LogSourceControl: RunCommandInternalRaw: ExecProcess ReturnCode=0 OutResults=''
[2015.04.07-00.18.49:341][171]LogSourceControl: RunCommandInternalRaw: 'git status --porcelain --ignored "D:/Works/Unreal/FFMProject/Config/DefaultInput.ini"'
[2015.04.07-00.18.49:350][172]LogSourceControl: RunCommandInternalRaw: ExecProcess ReturnCode=0 OutResults=''
[2015.04.07-00.18.52:803][573]LogPlayLevel: PIE:  No blueprints needed recompiling
[2015.04.07-00.18.52:803][573]PIE: New page: PIE session: Minimal_Default (Apr 7, 2015, 4:18:52 AM)
[2015.04.07-00.18.52:807][573]LogPlayLevel: PIE: StaticDuplicateObject took: (0.003485s)
[2015.04.07-00.18.52:807][573]LogPlayLevel: PIE: World Init took: (0.000654s)
[2015.04.07-00.18.52:808][573]LogPlayLevel: PIE: Created PIE world by copying editor world from /Game/StarterContent/Maps/Minimal_Default.Minimal_Default to /Game/StarterContent/Maps/UEDPIE_0_Minimal_Default.Minimal_Default (0.004361s)
[2015.04.07-00.18.52:843][573]LogWorld: Game class is 'FFMProjectGameMode'
[2015.04.07-00.18.52:845][573]LogAIModule: Creating AISystem for world Minimal_Default
[2015.04.07-00.18.52:848][573]LogWorld: Bringing World /Game/StarterContent/Maps/UEDPIE_0_Minimal_Default.Minimal_Default up for play (max tick rate 0) at 2015.04.07-02.18.52
[2015.04.07-00.18.52:848][573]LogWorld: Bringing up level for play took: 0.002620
[2015.04.07-00.18.52:849][573]PIE: Info Play in editor start time for /Game/StarterContent/Maps/UEDPIE_0_Minimal_Default -0.056
[2015.04.07-00.18.54:425][754]LogParticles: Destroying 0 GPU particle simulations for FXSystem 0x000000C92B195C60
[2015.04.07-00.18.55:222][847]LogPlayLevel: PIE:  No blueprints needed recompiling
[2015.04.07-00.18.55:222][847]PIE: New page: PIE session: Minimal_Default (Apr 7, 2015, 4:18:55 AM)
[2015.04.07-00.18.55:226][847]LogPlayLevel: PIE: StaticDuplicateObject took: (0.003101s)
[2015.04.07-00.18.55:226][847]LogPlayLevel: PIE: World Init took: (0.000426s)
[2015.04.07-00.18.55:226][847]LogPlayLevel: PIE: Created PIE world by copying editor world from /Game/StarterContent/Maps/Minimal_Default.Minimal_Default to /Game/StarterContent/Maps/UEDPIE_0_Minimal_Default.Minimal_Default (0.003669s)
[2015.04.07-00.18.55:261][847]LogWorld: Game class is 'FFMProjectGameMode'
[2015.04.07-00.18.55:263][847]LogAIModule: Creating AISystem for world Minimal_Default
[2015.04.07-00.18.55:265][847]LogWorld: Bringing World /Game/StarterContent/Maps/UEDPIE_0_Minimal_Default.Minimal_Default up for play (max tick rate 0) at 2015.04.07-02.18.55
[2015.04.07-00.18.55:266][847]LogWorld: Bringing up level for play took: 0.002361
[2015.04.07-00.18.55:267][847]PIE: Info Play in editor start time for /Game/StarterContent/Maps/UEDPIE_0_Minimal_Default 0.361
[2015.04.07-00.18.56:119][939]LogPhysics:Warning: PHYSX: ..\..\PhysXExtensions\src\ExtRigidBodyExt.cpp (234) 4 : computeMassAndInertia: Dynamic actor with illegal collision shapes
[2015.04.07-00.18.56:119][939]LogPhysics:Warning: PHYSX: ..\..\PhysXExtensions\src\ExtRigidBodyExt.cpp (283) 4 : PxRigidBodyExt::updateMassAndInertia: Mass and inertia computation failed, setting mass to 1 and inertia to (1,1,1)
[2015.04.07-00.18.58:182][185]LogPhysics:Warning: PHYSX: ..\..\PhysXExtensions\src\ExtRigidBodyExt.cpp (234) 4 : computeMassAndInertia: Dynamic actor with illegal collision shapes
[2015.04.07-00.18.58:182][185]LogPhysics:Warning: PHYSX: ..\..\PhysXExtensions\src\ExtRigidBodyExt.cpp (283) 4 : PxRigidBodyExt::updateMassAndInertia: Mass and inertia computation failed, setting mass to 1 and inertia to (1,1,1)
[2015.04.07-00.18.58:932][275]LogPhysics:Warning: PHYSX: ..\..\PhysXExtensions\src\ExtRigidBodyExt.cpp (234) 4 : computeMassAndInertia: Dynamic actor with illegal collision shapes
[2015.04.07-00.18.58:932][275]LogPhysics:Warning: PHYSX: ..\..\PhysXExtensions\src\ExtRigidBodyExt.cpp (283) 4 : PxRigidBodyExt::updateMassAndInertia: Mass and inertia computation failed, setting mass to 1 and inertia to (1,1,1)
[2015.04.07-00.18.59:521][344]LogPhysics:Warning: PHYSX: ..\..\PhysXExtensions\src\ExtRigidBodyExt.cpp (234) 4 : computeMassAndInertia: Dynamic actor with illegal collision shapes
[2015.04.07-00.18.59:521][344]LogPhysics:Warning: PHYSX: ..\..\PhysXExtensions\src\ExtRigidBodyExt.cpp (283) 4 : PxRigidBodyExt::updateMassAndInertia: Mass and inertia computation failed, setting mass to 1 and inertia to (1,1,1)
[2015.04.07-00.19.01:140][533]LogParticles: Destroying 0 GPU particle simulations for FXSystem 0x000000C938870540
[2015.04.07-00.19.08:122][282]LogEditorViewport: Clicking on Actor (LMB): StaticMeshActor (Floor)
[2015.04.07-00.19.08:855][365]LogEditorViewport: Clicking on Actor (LMB): MainScene (MainScene3)
[2015.04.07-00.19.12:064][699]LogEditorViewport: Clicking on Actor (LMB): MainScene (MainScene3)
[2015.04.07-00.20.00:726][305]LogEditorViewport: Clicking on Actor (LMB): BP_Sky_Sphere_C (BP_Sky_Sphere)
[2015.04.07-00.20.05:068][821]LogEditorViewport: Clicking on Actor (LMB): StaticMeshActor (Floor)
[2015.04.07-00.20.06:011][929]LogEditorViewport: Clicking on Actor (LMB): MainScene (MainScene3)
[2015.04.07-00.20.17:382][275]LogEditorViewport: Clicking on Actor (LMB): StaticMeshActor (Floor)
[2015.04.07-00.20.18:699][428]LogEditorViewport: Clicking on Actor (CTRL LMB): StaticMeshActor (Floor)
[2015.04.07-00.20.22:909][920]LogEditorViewport: Clicking on Actor (LMB): BP_Sky_Sphere_C (BP_Sky_Sphere)
[2015.04.07-00.20.23:919][ 32]LogPlayLevel: PIE:  No blueprints needed recompiling
[2015.04.07-00.20.23:919][ 32]PIE: New page: PIE session: Minimal_Default (Apr 7, 2015, 4:20:23 AM)
[2015.04.07-00.20.23:923][ 32]LogPlayLevel: PIE: StaticDuplicateObject took: (0.003869s)
[2015.04.07-00.20.23:924][ 32]LogPlayLevel: PIE: World Init took: (0.000776s)
[2015.04.07-00.20.23:924][ 32]LogPlayLevel: PIE: Created PIE world by copying editor world from /Game/StarterContent/Maps/Minimal_Default.Minimal_Default to /Game/StarterContent/Maps/UEDPIE_0_Minimal_Default.Minimal_Default (0.004825s)
[2015.04.07-00.20.23:960][ 32]LogWorld: Game class is 'FFMProjectGameMode'
[2015.04.07-00.20.23:962][ 32]LogAIModule: Creating AISystem for world Minimal_Default
[2015.04.07-00.20.23:964][ 32]LogWorld: Bringing World /Game/StarterContent/Maps/UEDPIE_0_Minimal_Default.Minimal_Default up for play (max tick rate 0) at 2015.04.07-02.20.23
[2015.04.07-00.20.23:965][ 32]LogWorld: Bringing up level for play took: 0.002378
[2015.04.07-00.20.23:966][ 32]PIE: Info Play in editor start time for /Game/StarterContent/Maps/UEDPIE_0_Minimal_Default -0.939
[2015.04.07-00.20.25:074][161]LogPhysics:Warning: PHYSX: ..\..\PhysXExtensions\src\ExtRigidBodyExt.cpp (234) 4 : computeMassAndInertia: Dynamic actor with illegal collision shapes
[2015.04.07-00.20.25:074][161]LogPhysics:Warning: PHYSX: ..\..\PhysXExtensions\src\ExtRigidBodyExt.cpp (283) 4 : PxRigidBodyExt::updateMassAndInertia: Mass and inertia computation failed, setting mass to 1 and inertia to (1,1,1)
[2015.04.07-00.20.27:966][499]LogParticles: Destroying 0 GPU particle simulations for FXSystem 0x000000C940ADC9A0
[2015.04.07-00.20.31:501][902]LogEditorViewport: Clicking on Actor (LMB): StaticMeshActor (Floor)
[2015.04.07-00.20.37:561][595]LogPlayLevel: PIE:  No blueprints needed recompiling
[2015.04.07-00.20.37:561][595]PIE: New page: PIE session: Minimal_Default (Apr 7, 2015, 4:20:37 AM)
[2015.04.07-00.20.37:565][595]LogPlayLevel: PIE: StaticDuplicateObject took: (0.003599s)
[2015.04.07-00.20.37:566][595]LogPlayLevel: PIE: World Init took: (0.000848s)
[2015.04.07-00.20.37:566][595]LogPlayLevel: PIE: Created PIE world by copying editor world from /Game/StarterContent/Maps/Minimal_Default.Minimal_Default to /Game/StarterContent/Maps/UEDPIE_0_Minimal_Default.Minimal_Default (0.004630s)
[2015.04.07-00.20.37:602][595]LogWorld: Game class is 'FFMProjectGameMode'
[2015.04.07-00.20.37:603][595]LogAIModule: Creating AISystem for world Minimal_Default
[2015.04.07-00.20.37:606][595]LogWorld: Bringing World /Game/StarterContent/Maps/UEDPIE_0_Minimal_Default.Minimal_Default up for play (max tick rate 0) at 2015.04.07-02.20.37
[2015.04.07-00.20.37:606][595]LogWorld: Bringing up level for play took: 0.002569
[2015.04.07-00.20.37:607][595]PIE: Info Play in editor start time for /Game/StarterContent/Maps/UEDPIE_0_Minimal_Default 0.702
[2015.04.07-00.20.38:223][666]LogPhysics:Warning: PHYSX: ..\..\PhysXExtensions\src\ExtRigidBodyExt.cpp (234) 4 : computeMassAndInertia: Dynamic actor with illegal collision shapes
[2015.04.07-00.20.38:223][666]LogPhysics:Warning: PHYSX: ..\..\PhysXExtensions\src\ExtRigidBodyExt.cpp (283) 4 : PxRigidBodyExt::updateMassAndInertia: Mass and inertia computation failed, setting mass to 1 and inertia to (1,1,1)
[2015.04.07-00.20.39:423][810]LogPhysics:Warning: PHYSX: ..\..\PhysXExtensions\src\ExtRigidBodyExt.cpp (234) 4 : computeMassAndInertia: Dynamic actor with illegal collision shapes
[2015.04.07-00.20.39:423][810]LogPhysics:Warning: PHYSX: ..\..\PhysXExtensions\src\ExtRigidBodyExt.cpp (283) 4 : PxRigidBodyExt::updateMassAndInertia: Mass and inertia computation failed, setting mass to 1 and inertia to (1,1,1)
[2015.04.07-00.20.40:157][898]LogPhysics:Warning: PHYSX: ..\..\PhysXExtensions\src\ExtRigidBodyExt.cpp (234) 4 : computeMassAndInertia: Dynamic actor with illegal collision shapes
[2015.04.07-00.20.40:157][898]LogPhysics:Warning: PHYSX: ..\..\PhysXExtensions\src\ExtRigidBodyExt.cpp (283) 4 : PxRigidBodyExt::updateMassAndInertia: Mass and inertia computation failed, setting mass to 1 and inertia to (1,1,1)
[2015.04.07-00.20.41:106][ 12]LogPhysics:Warning: PHYSX: ..\..\PhysXExtensions\src\ExtRigidBodyExt.cpp (234) 4 : computeMassAndInertia: Dynamic actor with illegal collision shapes
[2015.04.07-00.20.41:106][ 12]LogPhysics:Warning: PHYSX: ..\..\PhysXExtensions\src\ExtRigidBodyExt.cpp (283) 4 : PxRigidBodyExt::updateMassAndInertia: Mass and inertia computation failed, setting mass to 1 and inertia to (1,1,1)
[2015.04.07-00.20.41:364][ 43]LogPhysics:Warning: PHYSX: ..\..\PhysXExtensions\src\ExtRigidBodyExt.cpp (234) 4 : computeMassAndInertia: Dynamic actor with illegal collision shapes
[2015.04.07-00.20.41:364][ 43]LogPhysics:Warning: PHYSX: ..\..\PhysXExtensions\src\ExtRigidBodyExt.cpp (283) 4 : PxRigidBodyExt::updateMassAndInertia: Mass and inertia computation failed, setting mass to 1 and inertia to (1,1,1)
[2015.04.07-00.20.41:640][ 76]LogPhysics:Warning: PHYSX: ..\..\PhysXExtensions\src\ExtRigidBodyExt.cpp (234) 4 : computeMassAndInertia: Dynamic actor with illegal collision shapes
[2015.04.07-00.20.41:640][ 76]LogPhysics:Warning: PHYSX: ..\..\PhysXExtensions\src\ExtRigidBodyExt.cpp (283) 4 : PxRigidBodyExt::updateMassAndInertia: Mass and inertia computation failed, setting mass to 1 and inertia to (1,1,1)
[2015.04.07-00.20.41:948][113]LogPhysics:Warning: PHYSX: ..\..\PhysXExtensions\src\ExtRigidBodyExt.cpp (234) 4 : computeMassAndInertia: Dynamic actor with illegal collision shapes
[2015.04.07-00.20.41:948][113]LogPhysics:Warning: PHYSX: ..\..\PhysXExtensions\src\ExtRigidBodyExt.cpp (283) 4 : PxRigidBodyExt::updateMassAndInertia: Mass and inertia computation failed, setting mass to 1 and inertia to (1,1,1)
[2015.04.07-00.20.42:498][179]LogPhysics:Warning: PHYSX: ..\..\PhysXExtensions\src\ExtRigidBodyExt.cpp (234) 4 : computeMassAndInertia: Dynamic actor with illegal collision shapes
[2015.04.07-00.20.42:498][179]LogPhysics:Warning: PHYSX: ..\..\PhysXExtensions\src\ExtRigidBodyExt.cpp (283) 4 : PxRigidBodyExt::updateMassAndInertia: Mass and inertia computation failed, setting mass to 1 and inertia to (1,1,1)
[2015.04.07-00.20.42:781][213]LogPhysics:Warning: PHYSX: ..\..\PhysXExtensions\src\ExtRigidBodyExt.cpp (234) 4 : computeMassAndInertia: Dynamic actor with illegal collision shapes
[2015.04.07-00.20.42:781][213]LogPhysics:Warning: PHYSX: ..\..\PhysXExtensions\src\ExtRigidBodyExt.cpp (283) 4 : PxRigidBodyExt::updateMassAndInertia: Mass and inertia computation failed, setting mass to 1 and inertia to (1,1,1)
[2015.04.07-00.20.44:945][466]LogParticles: Destroying 0 GPU particle simulations for FXSystem 0x000000C937E0CFE0
[2015.04.07-00.21.13:108][871]Recompiling FFMProject...
[2015.04.07-00.21.13:108][871]Launching UnrealBuildTool... [C:/Program Files/Epic Games/4.7/Engine/Binaries/DotNET/UnrealBuildTool.exe FFMProject -ModuleWithSuffix FFMProject 7784 Win64 Development -editorrecompile -canskiplink "D:/Works/Unreal/FFMProject/FFMProject.uproject" -rocket  -rocket]
[2015.04.07-00.21.13:109][871]Warning: Starting HotReload took  0.0s.
[2015.04.07-00.21.17:541][366]CompilerResultsLog: New page: Compilation - Apr 7, 2015, 4:21:17 AM
[2015.04.07-00.21.17:541][366]CompilerResultsLog: Info Performing 2 actions (4 in parallel)
[2015.04.07-00.21.17:541][366]CompilerResultsLog: Info BoxPrimitiveModel.cpp
[2015.04.07-00.21.17:541][366]CompilerResultsLog: Info [2/2] Link UE4Editor-FFMProject-7784.dll
[2015.04.07-00.21.17:541][366]CompilerResultsLog: Info    Creating library D:\Works\Unreal\FFMProject\Intermediate\Build\Win64\FFMProjectEditor\Development\UE4Editor-FFMProject-7784.lib and object D:\Works\Unreal\FFMProject\Intermediate\Build\Win64\FFMProjectEditor\Development\UE4Editor-FFMProject-7784.exp
[2015.04.07-00.21.17:541][366]CompilerResultsLog: Info -------- End Detailed Actions Stats -----------------------------------------------------------
[2015.04.07-00.21.17:541][366]CompilerResultsLog: Info Cumulative action seconds (8 processors): 0.00 building projects, 0.33 compiling, 0.00 creating app bundles, 0.00 generating debug info, 0.56 linking, 0.00 other
[2015.04.07-00.21.17:541][366]CompilerResultsLog: Info UBT execution time: 4.31 seconds
[2015.04.07-00.21.17:541][366]LogMainFrame: MainFrame: Module compiling took 4.444 seconds
[2015.04.07-00.21.17:567][366]LogLinker:Warning: Can't find file '/Game/Materials/BaseColor'
[2015.04.07-00.21.17:568][366]LogLinker:Warning: Can't find file '/Game/Materials/BaseColor'
[2015.04.07-00.21.17:568][366]LogUObjectGlobals:Warning: Failed to find object 'MaterialInterface /Game/Materials/BaseColor.BaseColor'
[2015.04.07-00.21.17:568][366]Error: CDO Constructor (BoxPrimitiveModel): Failed to find Material'/Game/Materials/BaseColor.BaseColor'

[2015.04.07-00.21.17:568][366]LogClass: ProceduralMeshVertex HotReload.
[2015.04.07-00.21.17:568][366]LogClass: ProceduralMeshTriangle HotReload.
[2015.04.07-00.21.17:572][366]LogContentBrowser: Native class hierarchy updated for 'FFMProject' in 0.0031 seconds. Added 4 classes and 2 folders.
[2015.04.07-00.21.17:572][366]Warning: Some classes could not be reloaded:
Error: CDO Constructor (BoxPrimitiveModel): Failed to find Material'/Game/Materials/BaseColor.BaseColor'


[2015.04.07-00.21.17:573][366]Warning: HotReload successful (3 functions remapped  2 scriptstructs remapped)
[2015.04.07-00.21.17:587][366]LogContentBrowser: Native class hierarchy populated in 0.0092 seconds. Added 1701 classes and 265 folders.
[2015.04.07-00.21.20:169][670]LogPlayLevel: PIE:  No blueprints needed recompiling
[2015.04.07-00.21.20:169][670]PIE: New page: PIE session: Minimal_Default (Apr 7, 2015, 4:21:20 AM)
[2015.04.07-00.21.20:173][670]LogPlayLevel: PIE: StaticDuplicateObject took: (0.003885s)
[2015.04.07-00.21.20:174][670]LogPlayLevel: PIE: World Init took: (0.000623s)
[2015.04.07-00.21.20:174][670]LogPlayLevel: PIE: Created PIE world by copying editor world from /Game/StarterContent/Maps/Minimal_Default.Minimal_Default to /Game/StarterContent/Maps/UEDPIE_0_Minimal_Default.Minimal_Default (0.004689s)
[2015.04.07-00.21.20:207][670]LogWorld: Game class is 'FFMProjectGameMode'
[2015.04.07-00.21.20:209][670]LogAIModule: Creating AISystem for world Minimal_Default
[2015.04.07-00.21.20:212][670]LogWorld: Bringing World /Game/StarterContent/Maps/UEDPIE_0_Minimal_Default.Minimal_Default up for play (max tick rate 0) at 2015.04.07-02.21.20
[2015.04.07-00.21.20:212][670]LogWorld: Bringing up level for play took: 0.002397
[2015.04.07-00.21.20:213][670]PIE: Info Play in editor start time for /Game/StarterContent/Maps/UEDPIE_0_Minimal_Default -0.692
[2015.04.07-00.21.21:049][759]LogPhysics:Warning: PHYSX: ..\..\PhysXExtensions\src\ExtRigidBodyExt.cpp (234) 4 : computeMassAndInertia: Dynamic actor with illegal collision shapes
[2015.04.07-00.21.21:049][759]LogPhysics:Warning: PHYSX: ..\..\PhysXExtensions\src\ExtRigidBodyExt.cpp (283) 4 : PxRigidBodyExt::updateMassAndInertia: Mass and inertia computation failed, setting mass to 1 and inertia to (1,1,1)
[2015.04.07-00.21.21:827][851]LogPhysics:Warning: PHYSX: ..\..\PhysXExtensions\src\ExtRigidBodyExt.cpp (234) 4 : computeMassAndInertia: Dynamic actor with illegal collision shapes
[2015.04.07-00.21.21:827][851]LogPhysics:Warning: PHYSX: ..\..\PhysXExtensions\src\ExtRigidBodyExt.cpp (283) 4 : PxRigidBodyExt::updateMassAndInertia: Mass and inertia computation failed, setting mass to 1 and inertia to (1,1,1)
[2015.04.07-00.21.22:407][919]LogPhysics:Warning: PHYSX: ..\..\PhysXExtensions\src\ExtRigidBodyExt.cpp (234) 4 : computeMassAndInertia: Dynamic actor with illegal collision shapes
[2015.04.07-00.21.22:407][919]LogPhysics:Warning: PHYSX: ..\..\PhysXExtensions\src\ExtRigidBodyExt.cpp (283) 4 : PxRigidBodyExt::updateMassAndInertia: Mass and inertia computation failed, setting mass to 1 and inertia to (1,1,1)
[2015.04.07-00.21.22:723][957]LogPhysics:Warning: PHYSX: ..\..\PhysXExtensions\src\ExtRigidBodyExt.cpp (234) 4 : computeMassAndInertia: Dynamic actor with illegal collision shapes
[2015.04.07-00.21.22:723][957]LogPhysics:Warning: PHYSX: ..\..\PhysXExtensions\src\ExtRigidBodyExt.cpp (283) 4 : PxRigidBodyExt::updateMassAndInertia: Mass and inertia computation failed, setting mass to 1 and inertia to (1,1,1)
[2015.04.07-00.21.22:923][981]LogPhysics:Warning: PHYSX: ..\..\PhysXExtensions\src\ExtRigidBodyExt.cpp (234) 4 : computeMassAndInertia: Dynamic actor with illegal collision shapes
[2015.04.07-00.21.22:923][981]LogPhysics:Warning: PHYSX: ..\..\PhysXExtensions\src\ExtRigidBodyExt.cpp (283) 4 : PxRigidBodyExt::updateMassAndInertia: Mass and inertia computation failed, setting mass to 1 and inertia to (1,1,1)
[2015.04.07-00.21.23:139][  7]LogPhysics:Warning: PHYSX: ..\..\PhysXExtensions\src\ExtRigidBodyExt.cpp (234) 4 : computeMassAndInertia: Dynamic actor with illegal collision shapes
[2015.04.07-00.21.23:140][  7]LogPhysics:Warning: PHYSX: ..\..\PhysXExtensions\src\ExtRigidBodyExt.cpp (283) 4 : PxRigidBodyExt::updateMassAndInertia: Mass and inertia computation failed, setting mass to 1 and inertia to (1,1,1)
[2015.04.07-00.21.23:382][ 36]LogPhysics:Warning: PHYSX: ..\..\PhysXExtensions\src\ExtRigidBodyExt.cpp (234) 4 : computeMassAndInertia: Dynamic actor with illegal collision shapes
[2015.04.07-00.21.23:382][ 36]LogPhysics:Warning: PHYSX: ..\..\PhysXExtensions\src\ExtRigidBodyExt.cpp (283) 4 : PxRigidBodyExt::updateMassAndInertia: Mass and inertia computation failed, setting mass to 1 and inertia to (1,1,1)
[2015.04.07-00.21.23:548][ 56]LogPhysics:Warning: PHYSX: ..\..\PhysXExtensions\src\ExtRigidBodyExt.cpp (234) 4 : computeMassAndInertia: Dynamic actor with illegal collision shapes
[2015.04.07-00.21.23:548][ 56]LogPhysics:Warning: PHYSX: ..\..\PhysXExtensions\src\ExtRigidBodyExt.cpp (283) 4 : PxRigidBodyExt::updateMassAndInertia: Mass and inertia computation failed, setting mass to 1 and inertia to (1,1,1)
[2015.04.07-00.21.23:965][106]LogPhysics:Warning: PHYSX: ..\..\PhysXExtensions\src\ExtRigidBodyExt.cpp (234) 4 : computeMassAndInertia: Dynamic actor with illegal collision shapes
[2015.04.07-00.21.23:965][106]LogPhysics:Warning: PHYSX: ..\..\PhysXExtensions\src\ExtRigidBodyExt.cpp (283) 4 : PxRigidBodyExt::updateMassAndInertia: Mass and inertia computation failed, setting mass to 1 and inertia to (1,1,1)
[2015.04.07-00.21.24:190][133]LogPhysics:Warning: PHYSX: ..\..\PhysXExtensions\src\ExtRigidBodyExt.cpp (234) 4 : computeMassAndInertia: Dynamic actor with illegal collision shapes
[2015.04.07-00.21.24:190][133]LogPhysics:Warning: PHYSX: ..\..\PhysXExtensions\src\ExtRigidBodyExt.cpp (283) 4 : PxRigidBodyExt::updateMassAndInertia: Mass and inertia computation failed, setting mass to 1 and inertia to (1,1,1)
[2015.04.07-00.21.24:381][156]LogPhysics:Warning: PHYSX: ..\..\PhysXExtensions\src\ExtRigidBodyExt.cpp (234) 4 : computeMassAndInertia: Dynamic actor with illegal collision shapes
[2015.04.07-00.21.24:381][156]LogPhysics:Warning: PHYSX: ..\..\PhysXExtensions\src\ExtRigidBodyExt.cpp (283) 4 : PxRigidBodyExt::updateMassAndInertia: Mass and inertia computation failed, setting mass to 1 and inertia to (1,1,1)
[2015.04.07-00.21.24:531][174]LogPhysics:Warning: PHYSX: ..\..\PhysXExtensions\src\ExtRigidBodyExt.cpp (234) 4 : computeMassAndInertia: Dynamic actor with illegal collision shapes
[2015.04.07-00.21.24:531][174]LogPhysics:Warning: PHYSX: ..\..\PhysXExtensions\src\ExtRigidBodyExt.cpp (283) 4 : PxRigidBodyExt::updateMassAndInertia: Mass and inertia computation failed, setting mass to 1 and inertia to (1,1,1)
[2015.04.07-00.21.24:665][190]LogPhysics:Warning: PHYSX: ..\..\PhysXExtensions\src\ExtRigidBodyExt.cpp (234) 4 : computeMassAndInertia: Dynamic actor with illegal collision shapes
[2015.04.07-00.21.24:665][190]LogPhysics:Warning: PHYSX: ..\..\PhysXExtensions\src\ExtRigidBodyExt.cpp (283) 4 : PxRigidBodyExt::updateMassAndInertia: Mass and inertia computation failed, setting mass to 1 and inertia to (1,1,1)
[2015.04.07-00.21.24:831][210]LogPhysics:Warning: PHYSX: ..\..\PhysXExtensions\src\ExtRigidBodyExt.cpp (234) 4 : computeMassAndInertia: Dynamic actor with illegal collision shapes
[2015.04.07-00.21.24:831][210]LogPhysics:Warning: PHYSX: ..\..\PhysXExtensions\src\ExtRigidBodyExt.cpp (283) 4 : PxRigidBodyExt::updateMassAndInertia: Mass and inertia computation failed, setting mass to 1 and inertia to (1,1,1)
[2015.04.07-00.21.25:006][231]LogPhysics:Warning: PHYSX: ..\..\PhysXExtensions\src\ExtRigidBodyExt.cpp (234) 4 : computeMassAndInertia: Dynamic actor with illegal collision shapes
[2015.04.07-00.21.25:006][231]LogPhysics:Warning: PHYSX: ..\..\PhysXExtensions\src\ExtRigidBodyExt.cpp (283) 4 : PxRigidBodyExt::updateMassAndInertia: Mass and inertia computation failed, setting mass to 1 and inertia to (1,1,1)
[2015.04.07-00.21.25:182][252]LogPhysics:Warning: PHYSX: ..\..\PhysXExtensions\src\ExtRigidBodyExt.cpp (234) 4 : computeMassAndInertia: Dynamic actor with illegal collision shapes
[2015.04.07-00.21.25:182][252]LogPhysics:Warning: PHYSX: ..\..\PhysXExtensions\src\ExtRigidBodyExt.cpp (283) 4 : PxRigidBodyExt::updateMassAndInertia: Mass and inertia computation failed, setting mass to 1 and inertia to (1,1,1)
[2015.04.07-00.21.25:374][275]LogPhysics:Warning: PHYSX: ..\..\PhysXExtensions\src\ExtRigidBodyExt.cpp (234) 4 : computeMassAndInertia: Dynamic actor with illegal collision shapes
[2015.04.07-00.21.25:374][275]LogPhysics:Warning: PHYSX: ..\..\PhysXExtensions\src\ExtRigidBodyExt.cpp (283) 4 : PxRigidBodyExt::updateMassAndInertia: Mass and inertia computation failed, setting mass to 1 and inertia to (1,1,1)
[2015.04.07-00.21.25:533][294]LogPhysics:Warning: PHYSX: ..\..\PhysXExtensions\src\ExtRigidBodyExt.cpp (234) 4 : computeMassAndInertia: Dynamic actor with illegal collision shapes
[2015.04.07-00.21.25:533][294]LogPhysics:Warning: PHYSX: ..\..\PhysXExtensions\src\ExtRigidBodyExt.cpp (283) 4 : PxRigidBodyExt::updateMassAndInertia: Mass and inertia computation failed, setting mass to 1 and inertia to (1,1,1)
[2015.04.07-00.21.25:757][321]LogPhysics:Warning: PHYSX: ..\..\PhysXExtensions\src\ExtRigidBodyExt.cpp (234) 4 : computeMassAndInertia: Dynamic actor with illegal collision shapes
[2015.04.07-00.21.25:758][321]LogPhysics:Warning: PHYSX: ..\..\PhysXExtensions\src\ExtRigidBodyExt.cpp (283) 4 : PxRigidBodyExt::updateMassAndInertia: Mass and inertia computation failed, setting mass to 1 and inertia to (1,1,1)
[2015.04.07-00.21.26:649][428]LogPhysics:Warning: PHYSX: ..\..\PhysXExtensions\src\ExtRigidBodyExt.cpp (234) 4 : computeMassAndInertia: Dynamic actor with illegal collision shapes
[2015.04.07-00.21.26:649][428]LogPhysics:Warning: PHYSX: ..\..\PhysXExtensions\src\ExtRigidBodyExt.cpp (283) 4 : PxRigidBodyExt::updateMassAndInertia: Mass and inertia computation failed, setting mass to 1 and inertia to (1,1,1)
[2015.04.07-00.21.26:858][453]LogPhysics:Warning: PHYSX: ..\..\PhysXExtensions\src\ExtRigidBodyExt.cpp (234) 4 : computeMassAndInertia: Dynamic actor with illegal collision shapes
[2015.04.07-00.21.26:858][453]LogPhysics:Warning: PHYSX: ..\..\PhysXExtensions\src\ExtRigidBodyExt.cpp (283) 4 : PxRigidBodyExt::updateMassAndInertia: Mass and inertia computation failed, setting mass to 1 and inertia to (1,1,1)
[2015.04.07-00.21.27:064][475]LogPhysics:Warning: PHYSX: ..\..\PhysXExtensions\src\ExtRigidBodyExt.cpp (234) 4 : computeMassAndInertia: Dynamic actor with illegal collision shapes
[2015.04.07-00.21.27:064][475]LogPhysics:Warning: PHYSX: ..\..\PhysXExtensions\src\ExtRigidBodyExt.cpp (283) 4 : PxRigidBodyExt::updateMassAndInertia: Mass and inertia computation failed, setting mass to 1 and inertia to (1,1,1)
[2015.04.07-00.21.27:172][488]LogPhysics:Warning: PHYSX: ..\..\PhysXExtensions\src\ExtRigidBodyExt.cpp (234) 4 : computeMassAndInertia: Dynamic actor with illegal collision shapes
[2015.04.07-00.21.27:172][488]LogPhysics:Warning: PHYSX: ..\..\PhysXExtensions\src\ExtRigidBodyExt.cpp (283) 4 : PxRigidBodyExt::updateMassAndInertia: Mass and inertia computation failed, setting mass to 1 and inertia to (1,1,1)
[2015.04.07-00.21.27:323][505]LogPhysics:Warning: PHYSX: ..\..\PhysXExtensions\src\ExtRigidBodyExt.cpp (234) 4 : computeMassAndInertia: Dynamic actor with illegal collision shapes
[2015.04.07-00.21.27:323][505]LogPhysics:Warning: PHYSX: ..\..\PhysXExtensions\src\ExtRigidBodyExt.cpp (283) 4 : PxRigidBodyExt::updateMassAndInertia: Mass and inertia computation failed, setting mass to 1 and inertia to (1,1,1)
[2015.04.07-00.21.27:457][521]LogPhysics:Warning: PHYSX: ..\..\PhysXExtensions\src\ExtRigidBodyExt.cpp (234) 4 : computeMassAndInertia: Dynamic actor with illegal collision shapes
[2015.04.07-00.21.27:457][521]LogPhysics:Warning: PHYSX: ..\..\PhysXExtensions\src\ExtRigidBodyExt.cpp (283) 4 : PxRigidBodyExt::updateMassAndInertia: Mass and inertia computation failed, setting mass to 1 and inertia to (1,1,1)
[2015.04.07-00.21.27:599][538]LogPhysics:Warning: PHYSX: ..\..\PhysXExtensions\src\ExtRigidBodyExt.cpp (234) 4 : computeMassAndInertia: Dynamic actor with illegal collision shapes
[2015.04.07-00.21.27:599][538]LogPhysics:Warning: PHYSX: ..\..\PhysXExtensions\src\ExtRigidBodyExt.cpp (283) 4 : PxRigidBodyExt::updateMassAndInertia: Mass and inertia computation failed, setting mass to 1 and inertia to (1,1,1)
[2015.04.07-00.21.27:766][558]LogPhysics:Warning: PHYSX: ..\..\PhysXExtensions\src\ExtRigidBodyExt.cpp (234) 4 : computeMassAndInertia: Dynamic actor with illegal collision shapes
[2015.04.07-00.21.27:766][558]LogPhysics:Warning: PHYSX: ..\..\PhysXExtensions\src\ExtRigidBodyExt.cpp (283) 4 : PxRigidBodyExt::updateMassAndInertia: Mass and inertia computation failed, setting mass to 1 and inertia to (1,1,1)
[2015.04.07-00.21.27:883][572]LogPhysics:Warning: PHYSX: ..\..\PhysXExtensions\src\ExtRigidBodyExt.cpp (234) 4 : computeMassAndInertia: Dynamic actor with illegal collision shapes
[2015.04.07-00.21.27:883][572]LogPhysics:Warning: PHYSX: ..\..\PhysXExtensions\src\ExtRigidBodyExt.cpp (283) 4 : PxRigidBodyExt::updateMassAndInertia: Mass and inertia computation failed, setting mass to 1 and inertia to (1,1,1)
[2015.04.07-00.21.28:016][588]LogPhysics:Warning: PHYSX: ..\..\PhysXExtensions\src\ExtRigidBodyExt.cpp (234) 4 : computeMassAndInertia: Dynamic actor with illegal collision shapes
[2015.04.07-00.21.28:016][588]LogPhysics:Warning: PHYSX: ..\..\PhysXExtensions\src\ExtRigidBodyExt.cpp (283) 4 : PxRigidBodyExt::updateMassAndInertia: Mass and inertia computation failed, setting mass to 1 and inertia to (1,1,1)
[2015.04.07-00.21.28:209][611]LogPhysics:Warning: PHYSX: ..\..\PhysXExtensions\src\ExtRigidBodyExt.cpp (234) 4 : computeMassAndInertia: Dynamic actor with illegal collision shapes
[2015.04.07-00.21.28:209][611]LogPhysics:Warning: PHYSX: ..\..\PhysXExtensions\src\ExtRigidBodyExt.cpp (283) 4 : PxRigidBodyExt::updateMassAndInertia: Mass and inertia computation failed, setting mass to 1 and inertia to (1,1,1)
[2015.04.07-00.21.28:384][632]LogPhysics:Warning: PHYSX: ..\..\PhysXExtensions\src\ExtRigidBodyExt.cpp (234) 4 : computeMassAndInertia: Dynamic actor with illegal collision shapes
[2015.04.07-00.21.28:384][632]LogPhysics:Warning: PHYSX: ..\..\PhysXExtensions\src\ExtRigidBodyExt.cpp (283) 4 : PxRigidBodyExt::updateMassAndInertia: Mass and inertia computation failed, setting mass to 1 and inertia to (1,1,1)
[2015.04.07-00.21.29:245][729]LogParticles: Destroying 0 GPU particle simulations for FXSystem 0x000000C9299AE020
[2015.04.07-00.21.37:825][658]LogEditorViewport: Clicking on Actor (LMB): StaticMeshActor (Floor)
[2015.04.07-00.21.38:302][709]LogEditorViewport: Clicking on Actor (CTRL LMB): StaticMeshActor (Floor)
[2015.04.07-00.21.40:060][913]LogEditorViewport: Clicking on Actor (LMB): BP_Sky_Sphere_C (BP_Sky_Sphere)
[2015.04.07-00.21.40:639][978]LogPlayLevel: PIE:  No blueprints needed recompiling
[2015.04.07-00.21.40:639][978]PIE: New page: PIE session: Minimal_Default (Apr 7, 2015, 4:21:40 AM)
[2015.04.07-00.21.40:643][978]LogPlayLevel: PIE: StaticDuplicateObject took: (0.003025s)
[2015.04.07-00.21.40:643][978]LogPlayLevel: PIE: World Init took: (0.000623s)
[2015.04.07-00.21.40:643][978]LogPlayLevel: PIE: Created PIE world by copying editor world from /Game/StarterContent/Maps/Minimal_Default.Minimal_Default to /Game/StarterContent/Maps/UEDPIE_0_Minimal_Default.Minimal_Default (0.003821s)
[2015.04.07-00.21.40:677][978]LogWorld: Game class is 'FFMProjectGameMode'
[2015.04.07-00.21.40:679][978]LogAIModule: Creating AISystem for world Minimal_Default
[2015.04.07-00.21.40:681][978]LogWorld: Bringing World /Game/StarterContent/Maps/UEDPIE_0_Minimal_Default.Minimal_Default up for play (max tick rate 0) at 2015.04.07-02.21.40
[2015.04.07-00.21.40:681][978]LogWorld: Bringing up level for play took: 0.002416
[2015.04.07-00.21.40:683][978]PIE: Info Play in editor start time for /Game/StarterContent/Maps/UEDPIE_0_Minimal_Default -0.222
[2015.04.07-00.21.41:489][ 72]LogPhysics:Warning: PHYSX: ..\..\PhysXExtensions\src\ExtRigidBodyExt.cpp (234) 4 : computeMassAndInertia: Dynamic actor with illegal collision shapes
[2015.04.07-00.21.41:489][ 72]LogPhysics:Warning: PHYSX: ..\..\PhysXExtensions\src\ExtRigidBodyExt.cpp (283) 4 : PxRigidBodyExt::updateMassAndInertia: Mass and inertia computation failed, setting mass to 1 and inertia to (1,1,1)
[2015.04.07-00.21.42:039][138]LogPhysics:Warning: PHYSX: ..\..\PhysXExtensions\src\ExtRigidBodyExt.cpp (234) 4 : computeMassAndInertia: Dynamic actor with illegal collision shapes
[2015.04.07-00.21.42:039][138]LogPhysics:Warning: PHYSX: ..\..\PhysXExtensions\src\ExtRigidBodyExt.cpp (283) 4 : PxRigidBodyExt::updateMassAndInertia: Mass and inertia computation failed, setting mass to 1 and inertia to (1,1,1)
[2015.04.07-00.21.42:430][185]LogPhysics:Warning: PHYSX: ..\..\PhysXExtensions\src\ExtRigidBodyExt.cpp (234) 4 : computeMassAndInertia: Dynamic actor with illegal collision shapes
[2015.04.07-00.21.42:430][185]LogPhysics:Warning: PHYSX: ..\..\PhysXExtensions\src\ExtRigidBodyExt.cpp (283) 4 : PxRigidBodyExt::updateMassAndInertia: Mass and inertia computation failed, setting mass to 1 and inertia to (1,1,1)
[2015.04.07-00.21.43:847][355]LogPhysics:Warning: PHYSX: ..\..\PhysXExtensions\src\ExtRigidBodyExt.cpp (234) 4 : computeMassAndInertia: Dynamic actor with illegal collision shapes
[2015.04.07-00.21.43:847][355]LogPhysics:Warning: PHYSX: ..\..\PhysXExtensions\src\ExtRigidBodyExt.cpp (283) 4 : PxRigidBodyExt::updateMassAndInertia: Mass and inertia computation failed, setting mass to 1 and inertia to (1,1,1)
[2015.04.07-00.21.44:053][380]LogPhysics:Warning: PHYSX: ..\..\PhysXExtensions\src\ExtRigidBodyExt.cpp (234) 4 : computeMassAndInertia: Dynamic actor with illegal collision shapes
[2015.04.07-00.21.44:053][380]LogPhysics:Warning: PHYSX: ..\..\PhysXExtensions\src\ExtRigidBodyExt.cpp (283) 4 : PxRigidBodyExt::updateMassAndInertia: Mass and inertia computation failed, setting mass to 1 and inertia to (1,1,1)
[2015.04.07-00.21.45:510][549]LogParticles: Destroying 0 GPU particle simulations for FXSystem 0x000000C9299AD8A0
[2015.04.07-00.22.07:990][995]LogPlayLevel: PIE:  No blueprints needed recompiling
[2015.04.07-00.22.07:990][995]PIE: New page: PIE session: Minimal_Default (Apr 7, 2015, 4:22:07 AM)
[2015.04.07-00.22.07:994][995]LogPlayLevel: PIE: StaticDuplicateObject took: (0.003082s)
[2015.04.07-00.22.07:994][995]LogPlayLevel: PIE: World Init took: (0.000535s)
[2015.04.07-00.22.07:994][995]LogPlayLevel: PIE: Created PIE world by copying editor world from /Game/StarterContent/Maps/Minimal_Default.Minimal_Default to /Game/StarterContent/Maps/UEDPIE_0_Minimal_Default.Minimal_Default (0.003779s)
[2015.04.07-00.22.08:031][995]LogWorld: Game class is 'FFMProjectGameMode'
[2015.04.07-00.22.08:033][995]LogAIModule: Creating AISystem for world Minimal_Default
[2015.04.07-00.22.08:035][995]LogWorld: Bringing World /Game/StarterContent/Maps/UEDPIE_0_Minimal_Default.Minimal_Default up for play (max tick rate 0) at 2015.04.07-02.22.08
[2015.04.07-00.22.08:035][995]LogWorld: Bringing up level for play took: 0.002364
[2015.04.07-00.22.08:037][995]PIE: Info Play in editor start time for /Game/StarterContent/Maps/UEDPIE_0_Minimal_Default -0.868
[2015.04.07-00.22.10:788][319]LogPhysics:Warning: PHYSX: ..\..\PhysXExtensions\src\ExtRigidBodyExt.cpp (234) 4 : computeMassAndInertia: Dynamic actor with illegal collision shapes
[2015.04.07-00.22.10:788][319]LogPhysics:Warning: PHYSX: ..\..\PhysXExtensions\src\ExtRigidBodyExt.cpp (283) 4 : PxRigidBodyExt::updateMassAndInertia: Mass and inertia computation failed, setting mass to 1 and inertia to (1,1,1)
[2015.04.07-00.22.14:563][772]LogPhysics:Warning: PHYSX: ..\..\PhysXExtensions\src\ExtRigidBodyExt.cpp (234) 4 : computeMassAndInertia: Dynamic actor with illegal collision shapes
[2015.04.07-00.22.14:563][772]LogPhysics:Warning: PHYSX: ..\..\PhysXExtensions\src\ExtRigidBodyExt.cpp (283) 4 : PxRigidBodyExt::updateMassAndInertia: Mass and inertia computation failed, setting mass to 1 and inertia to (1,1,1)
[2015.04.07-00.22.15:121][839]LogPhysics:Warning: PHYSX: ..\..\PhysXExtensions\src\ExtRigidBodyExt.cpp (234) 4 : computeMassAndInertia: Dynamic actor with illegal collision shapes
[2015.04.07-00.22.15:122][839]LogPhysics:Warning: PHYSX: ..\..\PhysXExtensions\src\ExtRigidBodyExt.cpp (283) 4 : PxRigidBodyExt::updateMassAndInertia: Mass and inertia computation failed, setting mass to 1 and inertia to (1,1,1)
[2015.04.07-00.22.15:413][874]LogPhysics:Warning: PHYSX: ..\..\PhysXExtensions\src\ExtRigidBodyExt.cpp (234) 4 : computeMassAndInertia: Dynamic actor with illegal collision shapes
[2015.04.07-00.22.15:413][874]LogPhysics:Warning: PHYSX: ..\..\PhysXExtensions\src\ExtRigidBodyExt.cpp (283) 4 : PxRigidBodyExt::updateMassAndInertia: Mass and inertia computation failed, setting mass to 1 and inertia to (1,1,1)
[2015.04.07-00.22.15:671][905]LogPhysics:Warning: PHYSX: ..\..\PhysXExtensions\src\ExtRigidBodyExt.cpp (234) 4 : computeMassAndInertia: Dynamic actor with illegal collision shapes
[2015.04.07-00.22.15:671][905]LogPhysics:Warning: PHYSX: ..\..\PhysXExtensions\src\ExtRigidBodyExt.cpp (283) 4 : PxRigidBodyExt::updateMassAndInertia: Mass and inertia computation failed, setting mass to 1 and inertia to (1,1,1)
[2015.04.07-00.22.15:921][935]LogPhysics:Warning: PHYSX: ..\..\PhysXExtensions\src\ExtRigidBodyExt.cpp (234) 4 : computeMassAndInertia: Dynamic actor with illegal collision shapes
[2015.04.07-00.22.15:921][935]LogPhysics:Warning: PHYSX: ..\..\PhysXExtensions\src\ExtRigidBodyExt.cpp (283) 4 : PxRigidBodyExt::updateMassAndInertia: Mass and inertia computation failed, setting mass to 1 and inertia to (1,1,1)
[2015.04.07-00.22.17:354][101]LogParticles: Destroying 0 GPU particle simulations for FXSystem 0x000000C942C62CA0
[2015.04.07-00.22.22:847][670]LogPlayLevel: PIE:  No blueprints needed recompiling
[2015.04.07-00.22.22:847][670]PIE: New page: PIE session: Minimal_Default (Apr 7, 2015, 4:22:22 AM)
[2015.04.07-00.22.22:850][670]LogPlayLevel: PIE: StaticDuplicateObject took: (0.002996s)
[2015.04.07-00.22.22:851][670]LogPlayLevel: PIE: World Init took: (0.000433s)
[2015.04.07-00.22.22:851][670]LogPlayLevel: PIE: Created PIE world by copying editor world from /Game/StarterContent/Maps/Minimal_Default.Minimal_Default to /Game/StarterContent/Maps/UEDPIE_0_Minimal_Default.Minimal_Default (0.003571s)
[2015.04.07-00.22.22:884][670]LogWorld: Game class is 'FFMProjectGameMode'
[2015.04.07-00.22.22:886][670]LogAIModule: Creating AISystem for world Minimal_Default
[2015.04.07-00.22.22:888][670]LogWorld: Bringing World /Game/StarterContent/Maps/UEDPIE_0_Minimal_Default.Minimal_Default up for play (max tick rate 0) at 2015.04.07-02.22.22
[2015.04.07-00.22.22:888][670]LogWorld: Bringing up level for play took: 0.002345
[2015.04.07-00.22.22:890][670]PIE: Info Play in editor start time for /Game/StarterContent/Maps/UEDPIE_0_Minimal_Default -0.015
[2015.04.07-00.22.24:478][851]LogParticles: Destroying 0 GPU particle simulations for FXSystem 0x000000C92931CAE0
[2015.04.07-00.22.26:858][ 90]LogEditorViewport: Clicking on Actor (LMB): BP_Sky_Sphere_C (BP_Sky_Sphere)
[2015.04.07-00.22.28:408][266]Cmd: TRANSACTION UNDO
[2015.04.07-00.22.28:408][266]LogEditorTransaction: Undo Clicking on Actors
[2015.04.07-00.22.28:923][285]Cmd: TRANSACTION UNDO
[2015.04.07-00.22.28:923][285]LogEditorTransaction: Undo Move Actors
[2015.04.07-00.22.29:084][285]LogCrashTracker: 


[2015.04.07-00.24.11:712][285]LogCrashTracker: 


[2015.04.07-00.24.12:108][285]LogWindows: === Critical error: ===
Fatal error!

Unhandled Exception: EXCEPTION_ACCESS_VIOLATION reading address 0xffffffff

UE4Editor-Engine.dll!UStaticMeshComponent::ApplyComponentInstanceData() (0x00007ffcb6948f51) + 8 bytes [d:\buildfarm\buildmachine_++depot+ue4-releases+4.7\engine\source\runtime\engine\private\staticmeshcomponent.cpp:1612]
UE4Editor-Engine.dll!FComponentInstanceDataCache::ApplyToActor() (0x00007ffcb63009bf) + 17 bytes [d:\buildfarm\buildmachine_++depot+ue4-releases+4.7\engine\source\runtime\engine\private\componentinstancedatacache.cpp:174]
UE4Editor-Engine.dll!AActor::ExecuteConstruction() (0x00007ffcb6200f34) + 0 bytes [d:\buildfarm\buildmachine_++depot+ue4-releases+4.7\engine\source\runtime\engine\private\actorconstruction.cpp:547]
UE4Editor-Engine.dll!AActor::RerunConstructionScripts() (0x00007ffcb62475aa) + 0 bytes [d:\buildfarm\buildmachine_++depot+ue4-releases+4.7\engine\source\runtime\engine\private\actorconstruction.cpp:436]
UE4Editor-Engine.dll!AActor::PostEditChangeProperty() (0x00007ffcb6232fd6) + 0 bytes [d:\buildfarm\buildmachine_++depot+ue4-releases+4.7\engine\source\runtime\engine\private\actoreditor.cpp:67]
UE4Editor-CoreUObject.dll!UObject::PostEditUndo() (0x00007ffcb8a7c620) + 58 bytes [d:\buildfarm\buildmachine_++depot+ue4-releases+4.7\engine\source\runtime\coreuobject\private\uobject\obj.cpp:379]
UE4Editor-Engine.dll!AActor::PostEditUndo() (0x00007ffcb6233745) + 38 bytes [d:\buildfarm\buildmachine_++depot+ue4-releases+4.7\engine\source\runtime\engine\private\actoreditor.cpp:346]
UE4Editor-UnrealEd.dll!FTransaction::Apply() (0x00007ffcb3509f45) + 0 bytes [d:\buildfarm\buildmachine_++depot+ue4-releases+4.7\engine\source\editor\unrealed\private\editortransaction.cpp:290]
UE4Editor-UnrealEd.dll!UTransBuffer::Undo() (0x00007ffcb355e9ca) + 0 bytes [d:\buildfarm\buildmachine_++depot+ue4-releases+4.7\engine\source\editor\unrealed\private\editortransaction.cpp:620]
UE4Editor-UnrealEd.dll!UEditorEngine::Exec_Transaction() (0x00007ffcb351e4c7) + 0 bytes [d:\buildfarm\buildmachine_++depot+ue4-releases+4.7\engine\source\editor\unrealed\private\editorserver.cpp:4785]
UE4Editor-UnrealEd.dll!UEditorEngine::Exec() (0x00007ffcb3518fe2) + 18 bytes [d:\buildfarm\buildmachine_++depot+ue4-releases+4.7\engine\source\editor\unrealed\private\editorserver.cpp:5228]
UE4Editor-UnrealEd.dll!UUnrealEdEngine::Exec() (0x00007ffcb38a0301) + 17 bytes [d:\buildfarm\buildmachine_++depot+ue4-releases+4.7\engine\source\editor\unrealed\private\unrealedsrv.cpp:742]
UE4Editor-MainFrame.dll!FMainFrameActionCallbacks::ExecuteExecCommand() (0x00007ffca9ecd77e) + 89 bytes [d:\buildfarm\buildmachine_++depot+ue4-releases+4.7\engine\source\editor\mainframe\private\frame\mainframeactions.cpp:828]
UE4Editor-MainFrame.dll!TBaseStaticDelegateInstance<void __cdecl(void),FString>::ExecuteIfSafe() (0x00007ffca9ecdcaf) + 0 bytes [d:\buildfarm\buildmachine_++depot+ue4-releases+4.7\engine\source\runtime\core\public\delegates\delegateinstancesimpl_variadics.inl:921]
UE4Editor-Slate.dll!FUICommandList::ConditionalProcessCommandBindings() (0x00007ffcb5c666d6) + 8 bytes [d:\buildfarm\buildmachine_++depot+ue4-releases+4.7\engine\source\runtime\slate\private\framework\commands\uicommandlist.cpp:192]
UE4Editor-Slate.dll!FUICommandList::ProcessCommandBindings() (0x00007ffcb5cb317c) + 0 bytes [d:\buildfarm\buildmachine_++depot+ue4-releases+4.7\engine\source\runtime\slate\private\framework\commands\uicommandlist.cpp:136]
UE4Editor-MainFrame.dll!FMainFrameActionCallbacks::OnUnhandledKeyDownEvent() (0x00007ffca9ee422e) + 0 bytes [d:\buildfarm\buildmachine_++depot+ue4-releases+4.7\engine\source\editor\mainframe\private\frame\mainframeactions.cpp:166]
UE4Editor-MainFrame.dll!TTupleImpl<TIntegerSequence<> >::ApplyAfter_ExplicitReturnType<FReply,FReply (__cdecl*const & __ptr64)(FKeyEvent const & __ptr64),FKeyEvent const & __ptr64>() (0x00007ffca9ea56df) + 11 bytes [d:\buildfarm\buildmachine_++depot+ue4-releases+4.7\engine\source\runtime\core\public\delegates\tuple.h:113]
UE4Editor-MainFrame.dll!TBaseStaticDelegateInstance<FReply __cdecl(FKeyEvent const & __ptr64)>::Execute() (0x00007ffca9ecd631) + 24 bytes [d:\buildfarm\buildmachine_++depot+ue4-releases+4.7\engine\source\runtime\core\public\delegates\delegateinstancesimpl_variadics.inl:853]
UE4Editor-Slate.dll!TBaseDelegate<FReply,FKeyEvent const & __ptr64>::Execute() (0x00007ffcb5c74efa) + 6 bytes [d:\buildfarm\buildmachine_++depot+ue4-releases+4.7\engine\source\runtime\core\public\delegates\delegatesignatureimpl_variadics.inl:439]
UE4Editor-Slate.dll!FSlateApplication::ProcessKeyDownEvent() (0x00007ffcb5cb3eb9) + 22 bytes [d:\buildfarm\buildmachine_++depot+ue4-releases+4.7\engine\source\runtime\slate\private\framework\application\slateapplication.cpp:3590]
UE4Editor-Slate.dll!FSlateApplication::OnKeyDown() (0x00007ffcb5ca3798) + 14 bytes [d:\buildfarm\buildmachine_++depot+ue4-releases+4.7\engine\source\runtime\slate\private\framework\application\slateapplication.cpp:3517]
UE4Editor-Core.dll!FWindowsApplication::ProcessDeferredMessage() (0x00007ffcba283650) + 0 bytes [d:\buildfarm\buildmachine_++depot+ue4-releases+4.7\engine\source\runtime\core\private\windows\windowsapplication.cpp:1229]
UE4Editor-Core.dll!FWindowsApplication::DeferMessage() (0x00007ffcba275d2e) + 74 bytes [d:\buildfarm\buildmachine_++depot+ue4-releases+4.7\engine\source\runtime\core\private\windows\windowsapplication.cpp:1669]
UE4Editor-Core.dll!FWindowsApplication::ProcessMessage() (0x00007ffcba284d50) + 41 bytes [d:\buildfarm\buildmachine_++depot+ue4-releases+4.7\engine\source\runtime\core\private\windows\windowsapplication.cpp:742]
UE4Editor-Core.dll!FWindowsApplication::AppWndProc() (0x00007ffcba273192) + 0 bytes [d:\buildfarm\buildmachine_++depot+ue4-releases+4.7\engine\source\runtime\core\private\windows\windowsapplication.cpp:604]
USER32.dll!UnknownFunction (0x00007ffcdb8f250d) + 0 bytes [UnknownFile:0]
USER32.dll!UnknownFunction (0x00007ffcdb8f2367) + 0 bytes [UnknownFile:0]
UE4Editor-Core.dll!FWindowsPlatformMisc::PumpMessages() (0x00007ffcba323ec6) + 48 bytes [d:\buildfarm\buildmachine_++depot+ue4-releases+4.7\engine\source\runtime\core\private\windows\windowsplatformmisc.cpp:774]
UE4Editor.exe!FEngineLoop::Tick() (0x00007ff6952c00a9) + 8 bytes [d:\buildfarm\buildmachine_++depot+ue4-releases+4.7\engine\source\runtime\launch\private\launchengineloop.cpp:2233]
UE4Editor.exe!GuardedMain() (0x00007ff6952b267c) + 0 bytes [d:\buildfarm\buildmachine_++depot+ue4-releases+4.7\engine\source\runtime\launch\private\launch.cpp:142]
UE4Editor.exe!GuardedMainWrapper() (0x00007ff6952b26ea) + 5 bytes [d:\buildfarm\buildmachine_++depot+ue4-releases+4.7\engine\source\runtime\launch\private\windows\launchwindows.cpp:126]
UE4Editor.exe!WinMain() (0x00007ff6952c2219) + 17 bytes [d:\buildfarm\buildmachine_++depot+ue4-releases+4.7\engine\source\runtime\launch\private\windows\launchwindows.cpp:202]
UE4Editor.exe!__tmainCRTStartup() (0x00007ff6952c3159) + 21 bytes [f:\dd\vctools\crt\crtw32\dllstuff\crtexe.c:618]
KERNEL32.DLL!UnknownFunction (0x00007ffcdb7a13d2) + 0 bytes [UnknownFile:0]
ntdll.dll!UnknownFunction (0x00007ffcdc4be954) + 0 bytes [UnknownFile:0]
ntdll.dll!UnknownFunction (0x00007ffcdc4be954) + 0 bytes [UnknownFile:0]


[2015.04.07-00.24.18:739][285]LogExit: Executing StaticShutdownAfterError
[2015.04.07-00.25.29:942][285]LogWindows: FPlatformMisc::RequestExit(1)
[2015.04.07-00.25.29:975][285]Log file closed, 04/07/15 02:25:29
