Log file open, 04/07/15 00:09:04
LogInit:Display: Running engine for game: FFMProject
LogInit: Version: 4.7.4-2497108+++depot+UE4-Releases+4.7
LogInit: API Version: 2455222
LogInit: Compiled (64-bit): Mar 31 2015 09:40:25
LogInit: Compiled with Visual C++: 18.00.21005.01
LogInit: Build Configuration: Development
LogInit: Branch Name: ++depot+UE4-Releases+4.7
LogInit: Command line: 
LogInit: Base directory: C:/Program Files/Epic Games/4.7/Engine/Binaries/Win64/
LogInit: Rocket: 1
[2015.04.06-22.09.04:629][  0]LogTaskGraph: Started task graph with 3 named threads and 6 total threads.
[2015.04.06-22.09.04:685][  0]LogOnline:Warning: No default platform service specified for OnlineSubsystem
[2015.04.06-22.09.04:698][  0]LogInit: Presizing for 0 objects not considered by GC, pre-allocating 0 bytes.
[2015.04.06-22.09.04:706][  0]LogInit: Object subsystem initialized
[2015.04.06-22.09.04:713][  0]LogInit: Selected Device Profile: [Windows]
[2015.04.06-22.09.04:713][  0]LogInit: Applying CVar settings loaded from the selected device profile: [Windows]
[2015.04.06-22.09.04:718][  0]LogInit: Computer: SGSOFT-PC
[2015.04.06-22.09.04:718][  0]LogInit: User: SGSoft
[2015.04.06-22.09.04:718][  0]LogInit: CPU Page size=4096, Cores=4
[2015.04.06-22.09.04:718][  0]LogInit: High frequency timer resolution =3.330094 MHz
[2015.04.06-22.09.04:718][  0]LogMemory: Memory total: Physical=8.0GB (8GB approx) Virtual=131072.0GB
[2015.04.06-22.09.04:718][  0]LogMemory: Platform Memory Stats for Windows
[2015.04.06-22.09.04:718][  0]LogMemory: Process Physical Memory: 45.67 MB used, 45.67 MB peak
[2015.04.06-22.09.04:718][  0]LogMemory: Process Virtual Memory: 24.69 MB used, 24.70 MB peak
[2015.04.06-22.09.04:718][  0]LogMemory: Physical Memory: 3443.56 MB used, 8144.52 MB total
[2015.04.06-22.09.04:718][  0]LogMemory: Virtual Memory: 289.38 MB used, 134217728.00 MB total
[2015.04.06-22.09.04:761][  0]LogD3D11RHI: Found D3D11 adapter 0: NVIDIA GeForce GTX 760 (Feature Level 11_0)
[2015.04.06-22.09.04:761][  0]LogD3D11RHI: Adapter has 1985MB of dedicated video memory, 0MB of dedicated system memory, and 2048MB of shared system memory, 2 output[s]
[2015.04.06-22.09.04:762][  0]LogD3D11RHI: Found D3D11 adapter 1: Microsoft Basic Render Driver (Feature Level 11_0)
[2015.04.06-22.09.04:762][  0]LogD3D11RHI: Adapter has 0MB of dedicated video memory, 0MB of dedicated system memory, and 256MB of shared system memory, 0 output[s]
[2015.04.06-22.09.04:762][  0]LogD3D11RHI: Chosen D3D11 Adapter Id = 0
[2015.04.06-22.09.04:766][  0]LogRHI: Texture pool is 1361 MB (70% of 1945 MB)
[2015.04.06-22.09.04:779][  0]LogD3D11RHI: Async texture creation enabled
[2015.04.06-22.09.04:837][  0]LogTextLocalizationManager: The requested culture ('en_US') has no localization data; parent culture's ('en') localization data will be used.
[2015.04.06-22.09.04:888][  0]LogTextLocalizationManager:Warning: Loading localization resources contain conflicting entries for (Namespace:UICommands, Key:Save_ToolTip):
Resource: (C:/Program Files/Epic Games/4.7/Engine/Content/Localization/Editor/en/Editor.locres) Hash: (-29098895) String: (Saves the current level to disk)
Resource: (C:/Program Files/Epic Games/4.7/Engine/Content/Localization/Engine/en/Engine.locres) Hash: (-1280300587) String: (Save selected data to vlog file)
[2015.04.06-22.09.04:888][  0]LogTextLocalizationManager:Warning: Loading localization resources contain conflicting entries for (Namespace:ContentBrowser, Key:ImportAssetToolTip):
Resource: (C:/Program Files/Epic Games/4.7/Engine/Content/Localization/Editor/en/Editor.locres) Hash: (-630476809) String: (Import to {0}...)
Resource: (C:/Program Files/Epic Games/4.7/Engine/Content/Localization/Editor/en/Editor.locres) Hash: (1271782899) String: (Imports an asset from file to this folder.)
[2015.04.06-22.09.04:968][  0]LogContentStreaming: Texture pool size is 0.000000MB
[2015.04.06-22.09.07:105][  0]LogTargetPlatformManager:Display: Building Assets For Windows
[2015.04.06-22.09.07:627][  0]LogTargetPlatformManager:Display: Building Assets For Windows
[2015.04.06-22.09.07:686][  0]LogDerivedDataCache:Display: Max Cache Size: 512 MB
[2015.04.06-22.09.07:720][  0]LogDerivedDataCache: Loaded boot cache 0.03s 39MB C:/Users/SGSoft/AppData/Local/UnrealEngine/4.7/DerivedDataCache/Boot.ddc.
[2015.04.06-22.09.07:720][  0]LogDerivedDataCache:Display: Loaded Boot cache: C:/Users/SGSoft/AppData/Local/UnrealEngine/4.7/DerivedDataCache/Boot.ddc
[2015.04.06-22.09.07:720][  0]LogDerivedDataCache: FDerivedDataBackendGraph:  Pak pak cache file D:/Works/Unreal/FFMProject/DerivedDataCache/DDC.ddp not found, will not use a pak cache.
[2015.04.06-22.09.07:720][  0]LogDerivedDataCache: Unable to find inner node Pak for hierarchical cache Hierarchy.
[2015.04.06-22.09.07:827][  0]LogDerivedDataCache:Display: Pak cache opened for reading ../../../Engine/DerivedDataCache/Compressed.ddp.
[2015.04.06-22.09.07:839][  0]LogDerivedDataCache: Using Local data cache path C:/Users/SGSoft/AppData/Local/UnrealEngine/Common/DerivedDataCache: Writable
[2015.04.06-22.09.08:099][  0]LogMeshUtilities: No automatic mesh reduction module available
[2015.04.06-22.09.08:099][  0]LogMeshUtilities: No automatic mesh merging module available
[2015.04.06-22.09.08:459][  0]LogInit: WinSock: version 1.1 (2.2), MaxSocks=32767, MaxUdp=65467
[2015.04.06-22.09.08:526][  0]LogSlate:Warning: Failed to load font data from '../../../Engine/Content/Slate/Fonts/Roboto-Italic.ttf'
[2015.04.06-22.09.09:320][  0]UdpMessaging: Initializing bridge on interface 0.0.0.0:0 to multicast group 230.0.0.1:6666.
[2015.04.06-22.09.09:579][  0]SourceControl: Info Source control is disabled
[2015.04.06-22.09.09:579][  0]SourceControl: Info Source control is disabled
[2015.04.06-22.09.09:579][  0]SourceControl: Info Source control is disabled
[2015.04.06-22.09.09:579][  0]LogSourceControl: RunCommandInternalRaw: 'git version'
[2015.04.06-22.09.09:579][  0]LogSourceControl: RunCommandInternalRaw: ExecProcess ReturnCode=2 OutResults=''
[2015.04.06-22.09.09:587][  0]SourceControl: Info Source control is disabled
[2015.04.06-22.09.09:748][  0]LogObj: 24236 objects as part of root set at end of initial load.
[2015.04.06-22.09.09:748][  0]LogUObjectAllocator: 5139024 out of 0 bytes used by permanent object pool.
[2015.04.06-22.09.09:822][  0]LogEngine: Initializing Engine...
[2015.04.06-22.09.11:991][  0]LogInit: XAudio2 using 'Lautsprecher (Realtek High Definition Audio)' : 2 channels at 48 kHz using 32 bits per sample (channel mask 0x3)
[2015.04.06-22.09.11:998][  0]LogInit: FAudioDevice initialized.
[2015.04.06-22.09.12:038][  0]LogAIModule: Creating AISystem for world NewWorld
[2015.04.06-22.09.12:058][  0]LogDerivedDataCache: Saved boot cache 0.02s 39MB C:/Users/SGSoft/AppData/Local/UnrealEngine/4.7/DerivedDataCache/Boot.ddc.
[2015.04.06-22.09.12:062][  0]LogInit: Texture streaming: Enabled
[2015.04.06-22.09.12:145][  0]LogAnalytics: Creating configured Analytics provider AnalyticsET
[2015.04.06-22.09.12:145][  0]LogAnalytics: ET APIKey = Rocket.Release. APIServer = http://et2.epicgames.com/ET2/. AppVersion = 4.7.4-2497108+++depot+UE4-Releases+4.7
[2015.04.06-22.09.12:145][  0]LogAnalytics: ET APIKey = Rocket.Release. DataRouterUploadURL = https://datarouter-public-service-gamedev.ol.epicgames.net/datarouter/api/v1/public/data. AppVersion = 4.7.4-2497108+++depot+UE4-Releases+4.7
[2015.04.06-22.09.12:145][  0]LogAnalytics: SetUserId a4f2ed4f47d76c443fcab9a99498089f|ab70b434162440e89bbb6a7cf7531383|e4d26380-4fa6-4617-996d-595afa92f20d
[2015.04.06-22.09.12:145][  0]LogAnalytics: AnalyticsET::StartSession [Rocket.Release]
[2015.04.06-22.09.12:166][  0]LogInit: Transaction tracking system initialized
[2015.04.06-22.09.12:315][  0]BlueprintLog: New page: Editor Load
[2015.04.06-22.09.12:348][  0]LogAssetRegistry: FAssetRegistry took 0.0109 seconds to start up
[2015.04.06-22.09.12:348][  0]LogDirectoryWatcher:Warning: Failed to begin reading directory changes for ../../../Engine/Plugins/Experimental/CharacterAI/Content/. Error: 0
[2015.04.06-22.09.12:872][  0]LogTargetPlatformManager:Display: Building Assets For Windows
[2015.04.06-22.09.13:220][  0]LogTargetPlatformManager:Display: Building Assets For Windows
[2015.04.06-22.09.17:228][  0]LogSlate:Warning: Failed to load font data from '../../../Engine/Content/Editor/Slate/Fonts/Roboto-Regular.ttf'
[2015.04.06-22.09.17:228][  0]LogSlate:Warning: Failed to load font data from '../../../Engine/Content/Editor/Slate/Fonts/Roboto-Bold.ttf'
[2015.04.06-22.09.17:257][  0]LogConsoleResponse:Display: 
[2015.04.06-22.09.17:375][  0]LogCook:Display: Done creating registry. It took  0.00s.
[2015.04.06-22.09.17:511][  0]SourceControl: Info Source control is disabled
[2015.04.06-22.09.17:653][  0]LogPackageName:Error: DoesPackageExist: DoesPackageExist FAILED: 'StarterContent/StarterContent' is not a standard unreal filename or a long path name. Reason: Path should start with a '/'
[2015.04.06-22.09.17:653][  0]LogPackageName:Error: DoesPackageExist: DoesPackageExist FAILED: 'StarterContent/StarterContent' is not a standard unreal filename or a long path name. Reason: Path should start with a '/'
[2015.04.06-22.09.17:654][  0]LogFactory: FactoryCreateBinary: PackFactory with PackFactory (0 0 C:/Program Files/Epic Games/4.7/FeaturePacks/StarterContent.upack)
[2015.04.06-22.09.29:953][  0]LogPackFactory: Content/StarterContent/Architecture/Floor_400x400.uasset (48141) -> D:/Works/Unreal/FFMProject/Content/StarterContent/Architecture/Floor_400x400.uasset
[2015.04.06-22.09.29:970][  0]LogPackFactory: Content/StarterContent/Architecture/Pillar_50x500.uasset (65452) -> D:/Works/Unreal/FFMProject/Content/StarterContent/Architecture/Pillar_50x500.uasset
[2015.04.06-22.09.29:972][  0]LogPackFactory: Content/StarterContent/Architecture/SM_AssetPlatform.uasset (452977) -> D:/Works/Unreal/FFMProject/Content/StarterContent/Architecture/SM_AssetPlatform.uasset
[2015.04.06-22.09.29:974][  0]LogPackFactory: Content/StarterContent/Architecture/SM_CeilingPiece500x500.uasset (441) -> D:/Works/Unreal/FFMProject/Content/StarterContent/Architecture/SM_CeilingPiece500x500.uasset
[2015.04.06-22.09.29:976][  0]LogPackFactory: Content/StarterContent/Architecture/SM_FloorPiece500x500.uasset (439) -> D:/Works/Unreal/FFMProject/Content/StarterContent/Architecture/SM_FloorPiece500x500.uasset
[2015.04.06-22.09.29:977][  0]LogPackFactory: Content/StarterContent/Architecture/Wall_400x200.uasset (42169) -> D:/Works/Unreal/FFMProject/Content/StarterContent/Architecture/Wall_400x200.uasset
[2015.04.06-22.09.29:980][  0]LogPackFactory: Content/StarterContent/Architecture/Wall_400x300.uasset (41804) -> D:/Works/Unreal/FFMProject/Content/StarterContent/Architecture/Wall_400x300.uasset
[2015.04.06-22.09.29:982][  0]LogPackFactory: Content/StarterContent/Architecture/Wall_400x400.uasset (43426) -> D:/Works/Unreal/FFMProject/Content/StarterContent/Architecture/Wall_400x400.uasset
[2015.04.06-22.09.29:984][  0]LogPackFactory: Content/StarterContent/Architecture/Wall_500x500.uasset (57909) -> D:/Works/Unreal/FFMProject/Content/StarterContent/Architecture/Wall_500x500.uasset
[2015.04.06-22.09.29:986][  0]LogPackFactory: Content/StarterContent/Architecture/Wall_Door_400x300.uasset (52430) -> D:/Works/Unreal/FFMProject/Content/StarterContent/Architecture/Wall_Door_400x300.uasset
[2015.04.06-22.09.29:988][  0]LogPackFactory: Content/StarterContent/Architecture/Wall_Door_400x400.uasset (53246) -> D:/Works/Unreal/FFMProject/Content/StarterContent/Architecture/Wall_Door_400x400.uasset
[2015.04.06-22.09.29:989][  0]LogPackFactory: Content/StarterContent/Architecture/Wall_Window_400x300.uasset (53709) -> D:/Works/Unreal/FFMProject/Content/StarterContent/Architecture/Wall_Window_400x300.uasset
[2015.04.06-22.09.29:995][  0]LogPackFactory: Content/StarterContent/Architecture/Wall_Window_400x400.uasset (54778) -> D:/Works/Unreal/FFMProject/Content/StarterContent/Architecture/Wall_Window_400x400.uasset
[2015.04.06-22.09.29:997][  0]LogPackFactory: Content/StarterContent/Audio/Collapse01.uasset (348532) -> D:/Works/Unreal/FFMProject/Content/StarterContent/Audio/Collapse01.uasset
[2015.04.06-22.09.29:999][  0]LogPackFactory: Content/StarterContent/Audio/Collapse02.uasset (346701) -> D:/Works/Unreal/FFMProject/Content/StarterContent/Audio/Collapse02.uasset
[2015.04.06-22.09.30:001][  0]LogPackFactory: Content/StarterContent/Audio/Collapse_Cue.uasset (6113) -> D:/Works/Unreal/FFMProject/Content/StarterContent/Audio/Collapse_Cue.uasset
[2015.04.06-22.09.30:002][  0]LogPackFactory: Content/StarterContent/Audio/Explosion01.uasset (282440) -> D:/Works/Unreal/FFMProject/Content/StarterContent/Audio/Explosion01.uasset
[2015.04.06-22.09.30:006][  0]LogPackFactory: Content/StarterContent/Audio/Explosion02.uasset (289195) -> D:/Works/Unreal/FFMProject/Content/StarterContent/Audio/Explosion02.uasset
[2015.04.06-22.09.30:008][  0]LogPackFactory: Content/StarterContent/Audio/Explosion_Cue.uasset (7657) -> D:/Works/Unreal/FFMProject/Content/StarterContent/Audio/Explosion_Cue.uasset
[2015.04.06-22.09.30:044][  0]LogPackFactory: Content/StarterContent/Audio/Fire01.uasset (549696) -> D:/Works/Unreal/FFMProject/Content/StarterContent/Audio/Fire01.uasset
[2015.04.06-22.09.30:048][  0]LogPackFactory: Content/StarterContent/Audio/Fire01_Cue.uasset (3894) -> D:/Works/Unreal/FFMProject/Content/StarterContent/Audio/Fire01_Cue.uasset
[2015.04.06-22.09.30:050][  0]LogPackFactory: Content/StarterContent/Audio/Fire_Sparks01.uasset (796274) -> D:/Works/Unreal/FFMProject/Content/StarterContent/Audio/Fire_Sparks01.uasset
[2015.04.06-22.09.30:053][  0]LogPackFactory: Content/StarterContent/Audio/Fire_Sparks01_Cue.uasset (3908) -> D:/Works/Unreal/FFMProject/Content/StarterContent/Audio/Fire_Sparks01_Cue.uasset
[2015.04.06-22.09.30:055][  0]LogPackFactory: Content/StarterContent/Audio/Light01.uasset (364532) -> D:/Works/Unreal/FFMProject/Content/StarterContent/Audio/Light01.uasset
[2015.04.06-22.09.30:057][  0]LogPackFactory: Content/StarterContent/Audio/Light01_Cue.uasset (3852) -> D:/Works/Unreal/FFMProject/Content/StarterContent/Audio/Light01_Cue.uasset
[2015.04.06-22.09.30:059][  0]LogPackFactory: Content/StarterContent/Audio/Light02.uasset (308156) -> D:/Works/Unreal/FFMProject/Content/StarterContent/Audio/Light02.uasset
[2015.04.06-22.09.30:127][  0]LogPackFactory: Content/StarterContent/Audio/Light02_Cue.uasset (3852) -> D:/Works/Unreal/FFMProject/Content/StarterContent/Audio/Light02_Cue.uasset
[2015.04.06-22.09.30:130][  0]LogPackFactory: Content/StarterContent/Audio/Smoke01.uasset (476002) -> D:/Works/Unreal/FFMProject/Content/StarterContent/Audio/Smoke01.uasset
[2015.04.06-22.09.30:133][  0]LogPackFactory: Content/StarterContent/Audio/Smoke01_Cue.uasset (3872) -> D:/Works/Unreal/FFMProject/Content/StarterContent/Audio/Smoke01_Cue.uasset
[2015.04.06-22.09.30:136][  0]LogPackFactory: Content/StarterContent/Audio/Starter_Background_Cue.uasset (9874) -> D:/Works/Unreal/FFMProject/Content/StarterContent/Audio/Starter_Background_Cue.uasset
[2015.04.06-22.09.30:138][  0]LogPackFactory: Content/StarterContent/Audio/Starter_Birds01.uasset (2689459) -> D:/Works/Unreal/FFMProject/Content/StarterContent/Audio/Starter_Birds01.uasset
[2015.04.06-22.09.30:147][  0]LogPackFactory: Content/StarterContent/Audio/Starter_Music01.uasset (8445372) -> D:/Works/Unreal/FFMProject/Content/StarterContent/Audio/Starter_Music01.uasset
[2015.04.06-22.09.30:154][  0]LogPackFactory: Content/StarterContent/Audio/Starter_Music_Cue.uasset (3390) -> D:/Works/Unreal/FFMProject/Content/StarterContent/Audio/Starter_Music_Cue.uasset
[2015.04.06-22.09.30:156][  0]LogPackFactory: Content/StarterContent/Audio/Starter_Wind05.uasset (2312702) -> D:/Works/Unreal/FFMProject/Content/StarterContent/Audio/Starter_Wind05.uasset
[2015.04.06-22.09.30:160][  0]LogPackFactory: Content/StarterContent/Audio/Starter_Wind06.uasset (2195539) -> D:/Works/Unreal/FFMProject/Content/StarterContent/Audio/Starter_Wind06.uasset
[2015.04.06-22.09.30:163][  0]LogPackFactory: Content/StarterContent/Audio/Steam01.uasset (819028) -> D:/Works/Unreal/FFMProject/Content/StarterContent/Audio/Steam01.uasset
[2015.04.06-22.09.30:165][  0]LogPackFactory: Content/StarterContent/Audio/Steam01_Cue.uasset (3900) -> D:/Works/Unreal/FFMProject/Content/StarterContent/Audio/Steam01_Cue.uasset
[2015.04.06-22.09.30:167][  0]LogPackFactory: Content/StarterContent/Blueprints/Assets/FogBrightnessLUT.uasset (1011) -> D:/Works/Unreal/FFMProject/Content/StarterContent/Blueprints/Assets/FogBrightnessLUT.uasset
[2015.04.06-22.09.30:170][  0]LogPackFactory: Content/StarterContent/Blueprints/Assets/M_LightStage_Arrows.uasset (44857) -> D:/Works/Unreal/FFMProject/Content/StarterContent/Blueprints/Assets/M_LightStage_Arrows.uasset
[2015.04.06-22.09.30:174][  0]LogPackFactory: Content/StarterContent/Blueprints/Assets/M_LightStage_Skybox_Black.uasset (67062) -> D:/Works/Unreal/FFMProject/Content/StarterContent/Blueprints/Assets/M_LightStage_Skybox_Black.uasset
[2015.04.06-22.09.30:176][  0]LogPackFactory: Content/StarterContent/Blueprints/Assets/M_LightStage_Skybox_HDRI.uasset (100458) -> D:/Works/Unreal/FFMProject/Content/StarterContent/Blueprints/Assets/M_LightStage_Skybox_HDRI.uasset
[2015.04.06-22.09.30:179][  0]LogPackFactory: Content/StarterContent/Blueprints/Assets/M_LightStage_Skybox_Master.uasset (75669) -> D:/Works/Unreal/FFMProject/Content/StarterContent/Blueprints/Assets/M_LightStage_Skybox_Master.uasset
[2015.04.06-22.09.30:182][  0]LogPackFactory: Content/StarterContent/Blueprints/Assets/Skybox.uasset (644855) -> D:/Works/Unreal/FFMProject/Content/StarterContent/Blueprints/Assets/Skybox.uasset
[2015.04.06-22.09.30:184][  0]LogPackFactory: Content/StarterContent/Blueprints/Assets/SM_Arrows.uasset (520136) -> D:/Works/Unreal/FFMProject/Content/StarterContent/Blueprints/Assets/SM_Arrows.uasset
[2015.04.06-22.09.30:186][  0]LogPackFactory: Content/StarterContent/Blueprints/Assets/SunlightColorLUT.uasset (1506) -> D:/Works/Unreal/FFMProject/Content/StarterContent/Blueprints/Assets/SunlightColorLUT.uasset
[2015.04.06-22.09.30:189][  0]LogPackFactory: Content/StarterContent/Blueprints/Blueprint_CeilingLight.uasset (66613) -> D:/Works/Unreal/FFMProject/Content/StarterContent/Blueprints/Blueprint_CeilingLight.uasset
[2015.04.06-22.09.30:191][  0]LogPackFactory: Content/StarterContent/Blueprints/Blueprint_Effect_Explosion.uasset (8324) -> D:/Works/Unreal/FFMProject/Content/StarterContent/Blueprints/Blueprint_Effect_Explosion.uasset
[2015.04.06-22.09.30:193][  0]LogPackFactory: Content/StarterContent/Blueprints/Blueprint_Effect_Fire.uasset (8332) -> D:/Works/Unreal/FFMProject/Content/StarterContent/Blueprints/Blueprint_Effect_Fire.uasset
[2015.04.06-22.09.30:194][  0]LogPackFactory: Content/StarterContent/Blueprints/Blueprint_Effect_Smoke.uasset (8346) -> D:/Works/Unreal/FFMProject/Content/StarterContent/Blueprints/Blueprint_Effect_Smoke.uasset
[2015.04.06-22.09.30:197][  0]LogPackFactory: Content/StarterContent/Blueprints/Blueprint_Effect_Sparks.uasset (8365) -> D:/Works/Unreal/FFMProject/Content/StarterContent/Blueprints/Blueprint_Effect_Sparks.uasset
[2015.04.06-22.09.30:198][  0]LogPackFactory: Content/StarterContent/Blueprints/Blueprint_Effect_Steam.uasset (8354) -> D:/Works/Unreal/FFMProject/Content/StarterContent/Blueprints/Blueprint_Effect_Steam.uasset
[2015.04.06-22.09.30:200][  0]LogPackFactory: Content/StarterContent/Blueprints/Blueprint_WallSconce.uasset (52866) -> D:/Works/Unreal/FFMProject/Content/StarterContent/Blueprints/Blueprint_WallSconce.uasset
[2015.04.06-22.09.30:202][  0]LogPackFactory: Content/StarterContent/Blueprints/BP_LightStudio.uasset (337416) -> D:/Works/Unreal/FFMProject/Content/StarterContent/Blueprints/BP_LightStudio.uasset
[2015.04.06-22.09.30:204][  0]LogPackFactory: Content/StarterContent/HDRI/HDRI_Epic_Courtyard_Daylight.uasset (72364642) -> D:/Works/Unreal/FFMProject/Content/StarterContent/HDRI/HDRI_Epic_Courtyard_Daylight.uasset
[2015.04.06-22.09.30:348][  0]LogPackFactory: Content/StarterContent/Maps/Advanced_Lighting.umap (223408) -> D:/Works/Unreal/FFMProject/Content/StarterContent/Maps/Advanced_Lighting.umap
[2015.04.06-22.09.30:409][  0]LogPackFactory: Content/StarterContent/Maps/Minimal_Default.umap (2154106) -> D:/Works/Unreal/FFMProject/Content/StarterContent/Maps/Minimal_Default.umap
[2015.04.06-22.09.30:413][  0]LogPackFactory: Content/StarterContent/Maps/StarterMap.umap (16371806) -> D:/Works/Unreal/FFMProject/Content/StarterContent/Maps/StarterMap.umap
[2015.04.06-22.09.30:570][  0]LogPackFactory: Content/StarterContent/Materials/M_AssetPlatform.uasset (68672) -> D:/Works/Unreal/FFMProject/Content/StarterContent/Materials/M_AssetPlatform.uasset
[2015.04.06-22.09.30:573][  0]LogPackFactory: Content/StarterContent/Materials/M_Basic_Floor.uasset (65286) -> D:/Works/Unreal/FFMProject/Content/StarterContent/Materials/M_Basic_Floor.uasset
[2015.04.06-22.09.30:575][  0]LogPackFactory: Content/StarterContent/Materials/M_Basic_Wall.uasset (55455) -> D:/Works/Unreal/FFMProject/Content/StarterContent/Materials/M_Basic_Wall.uasset
[2015.04.06-22.09.30:576][  0]LogPackFactory: Content/StarterContent/Materials/M_Brick_Clay_Beveled.uasset (100568) -> D:/Works/Unreal/FFMProject/Content/StarterContent/Materials/M_Brick_Clay_Beveled.uasset
[2015.04.06-22.09.30:578][  0]LogPackFactory: Content/StarterContent/Materials/M_Brick_Clay_New.uasset (130734) -> D:/Works/Unreal/FFMProject/Content/StarterContent/Materials/M_Brick_Clay_New.uasset
[2015.04.06-22.09.30:585][  0]LogPackFactory: Content/StarterContent/Materials/M_Brick_Clay_Old.uasset (123390) -> D:/Works/Unreal/FFMProject/Content/StarterContent/Materials/M_Brick_Clay_Old.uasset
[2015.04.06-22.09.30:589][  0]LogPackFactory: Content/StarterContent/Materials/M_Brick_Cut_Stone.uasset (122803) -> D:/Works/Unreal/FFMProject/Content/StarterContent/Materials/M_Brick_Cut_Stone.uasset
[2015.04.06-22.09.30:592][  0]LogPackFactory: Content/StarterContent/Materials/M_Brick_Hewn_Stone.uasset (90915) -> D:/Works/Unreal/FFMProject/Content/StarterContent/Materials/M_Brick_Hewn_Stone.uasset
[2015.04.06-22.09.30:594][  0]LogPackFactory: Content/StarterContent/Materials/M_Ceramic_Tile_Checker.uasset (91562) -> D:/Works/Unreal/FFMProject/Content/StarterContent/Materials/M_Ceramic_Tile_Checker.uasset
[2015.04.06-22.09.30:596][  0]LogPackFactory: Content/StarterContent/Materials/M_CobbleStone_Pebble.uasset (122364) -> D:/Works/Unreal/FFMProject/Content/StarterContent/Materials/M_CobbleStone_Pebble.uasset
[2015.04.06-22.09.30:598][  0]LogPackFactory: Content/StarterContent/Materials/M_CobbleStone_Rough.uasset (199387) -> D:/Works/Unreal/FFMProject/Content/StarterContent/Materials/M_CobbleStone_Rough.uasset
[2015.04.06-22.09.30:600][  0]LogPackFactory: Content/StarterContent/Materials/M_CobbleStone_Smooth.uasset (206806) -> D:/Works/Unreal/FFMProject/Content/StarterContent/Materials/M_CobbleStone_Smooth.uasset
[2015.04.06-22.09.30:602][  0]LogPackFactory: Content/StarterContent/Materials/M_ColorGrid_LowSpec.uasset (85099) -> D:/Works/Unreal/FFMProject/Content/StarterContent/Materials/M_ColorGrid_LowSpec.uasset
[2015.04.06-22.09.30:605][  0]LogPackFactory: Content/StarterContent/Materials/M_Concrete_Grime.uasset (91620) -> D:/Works/Unreal/FFMProject/Content/StarterContent/Materials/M_Concrete_Grime.uasset
[2015.04.06-22.09.30:607][  0]LogPackFactory: Content/StarterContent/Materials/M_Concrete_Panels.uasset (102285) -> D:/Works/Unreal/FFMProject/Content/StarterContent/Materials/M_Concrete_Panels.uasset
[2015.04.06-22.09.30:609][  0]LogPackFactory: Content/StarterContent/Materials/M_Concrete_Poured.uasset (104859) -> D:/Works/Unreal/FFMProject/Content/StarterContent/Materials/M_Concrete_Poured.uasset
[2015.04.06-22.09.30:610][  0]LogPackFactory: Content/StarterContent/Materials/M_Concrete_Tiles.uasset (105831) -> D:/Works/Unreal/FFMProject/Content/StarterContent/Materials/M_Concrete_Tiles.uasset
[2015.04.06-22.09.30:622][  0]LogPackFactory: Content/StarterContent/Materials/M_Glass.uasset (48151) -> D:/Works/Unreal/FFMProject/Content/StarterContent/Materials/M_Glass.uasset
[2015.04.06-22.09.30:624][  0]LogPackFactory: Content/StarterContent/Materials/M_Ground_Grass.uasset (95378) -> D:/Works/Unreal/FFMProject/Content/StarterContent/Materials/M_Ground_Grass.uasset
[2015.04.06-22.09.30:625][  0]LogPackFactory: Content/StarterContent/Materials/M_Ground_Gravel.uasset (120447) -> D:/Works/Unreal/FFMProject/Content/StarterContent/Materials/M_Ground_Gravel.uasset
[2015.04.06-22.09.30:653][  0]LogPackFactory: Content/StarterContent/Materials/M_Ground_Moss.uasset (128000) -> D:/Works/Unreal/FFMProject/Content/StarterContent/Materials/M_Ground_Moss.uasset
[2015.04.06-22.09.30:656][  0]LogPackFactory: Content/StarterContent/Materials/M_Metal_Brushed_Nickel.uasset (79826) -> D:/Works/Unreal/FFMProject/Content/StarterContent/Materials/M_Metal_Brushed_Nickel.uasset
[2015.04.06-22.09.30:658][  0]LogPackFactory: Content/StarterContent/Materials/M_Metal_Burnished_Steel.uasset (97779) -> D:/Works/Unreal/FFMProject/Content/StarterContent/Materials/M_Metal_Burnished_Steel.uasset
[2015.04.06-22.09.30:659][  0]LogPackFactory: Content/StarterContent/Materials/M_Metal_Chrome.uasset (79618) -> D:/Works/Unreal/FFMProject/Content/StarterContent/Materials/M_Metal_Chrome.uasset
[2015.04.06-22.09.30:661][  0]LogPackFactory: Content/StarterContent/Materials/M_Metal_Copper.uasset (94475) -> D:/Works/Unreal/FFMProject/Content/StarterContent/Materials/M_Metal_Copper.uasset
[2015.04.06-22.09.30:673][  0]LogPackFactory: Content/StarterContent/Materials/M_Metal_Gold.uasset (96084) -> D:/Works/Unreal/FFMProject/Content/StarterContent/Materials/M_Metal_Gold.uasset
[2015.04.06-22.09.30:675][  0]LogPackFactory: Content/StarterContent/Materials/M_Metal_Rust.uasset (109365) -> D:/Works/Unreal/FFMProject/Content/StarterContent/Materials/M_Metal_Rust.uasset
[2015.04.06-22.09.30:677][  0]LogPackFactory: Content/StarterContent/Materials/M_Metal_Steel.uasset (96230) -> D:/Works/Unreal/FFMProject/Content/StarterContent/Materials/M_Metal_Steel.uasset
[2015.04.06-22.09.30:679][  0]LogPackFactory: Content/StarterContent/Materials/M_Rock_Basalt.uasset (121462) -> D:/Works/Unreal/FFMProject/Content/StarterContent/Materials/M_Rock_Basalt.uasset
[2015.04.06-22.09.30:682][  0]LogPackFactory: Content/StarterContent/Materials/M_Rock_Marble_Polished.uasset (98409) -> D:/Works/Unreal/FFMProject/Content/StarterContent/Materials/M_Rock_Marble_Polished.uasset
[2015.04.06-22.09.30:683][  0]LogPackFactory: Content/StarterContent/Materials/M_Rock_Sandstone.uasset (113552) -> D:/Works/Unreal/FFMProject/Content/StarterContent/Materials/M_Rock_Sandstone.uasset
[2015.04.06-22.09.30:686][  0]LogPackFactory: Content/StarterContent/Materials/M_Rock_Slate.uasset (110874) -> D:/Works/Unreal/FFMProject/Content/StarterContent/Materials/M_Rock_Slate.uasset
[2015.04.06-22.09.30:687][  0]LogPackFactory: Content/StarterContent/Materials/M_Tech_Checker_Dot.uasset (98373) -> D:/Works/Unreal/FFMProject/Content/StarterContent/Materials/M_Tech_Checker_Dot.uasset
[2015.04.06-22.09.30:690][  0]LogPackFactory: Content/StarterContent/Materials/M_Tech_Hex_Tile.uasset (140303) -> D:/Works/Unreal/FFMProject/Content/StarterContent/Materials/M_Tech_Hex_Tile.uasset
[2015.04.06-22.09.30:692][  0]LogPackFactory: Content/StarterContent/Materials/M_Tech_Hex_Tile_Pulse.uasset (115223) -> D:/Works/Unreal/FFMProject/Content/StarterContent/Materials/M_Tech_Hex_Tile_Pulse.uasset
[2015.04.06-22.09.30:694][  0]LogPackFactory: Content/StarterContent/Materials/M_Tech_Panel.uasset (98003) -> D:/Works/Unreal/FFMProject/Content/StarterContent/Materials/M_Tech_Panel.uasset
[2015.04.06-22.09.30:696][  0]LogPackFactory: Content/StarterContent/Materials/M_Water_Lake.uasset (96267) -> D:/Works/Unreal/FFMProject/Content/StarterContent/Materials/M_Water_Lake.uasset
[2015.04.06-22.09.30:698][  0]LogPackFactory: Content/StarterContent/Materials/M_Water_Ocean.uasset (100717) -> D:/Works/Unreal/FFMProject/Content/StarterContent/Materials/M_Water_Ocean.uasset
[2015.04.06-22.09.30:700][  0]LogPackFactory: Content/StarterContent/Materials/M_Wood_Floor_Walnut_Polished.uasset (82816) -> D:/Works/Unreal/FFMProject/Content/StarterContent/Materials/M_Wood_Floor_Walnut_Polished.uasset
[2015.04.06-22.09.30:701][  0]LogPackFactory: Content/StarterContent/Materials/M_Wood_Floor_Walnut_Worn.uasset (100628) -> D:/Works/Unreal/FFMProject/Content/StarterContent/Materials/M_Wood_Floor_Walnut_Worn.uasset
[2015.04.06-22.09.30:703][  0]LogPackFactory: Content/StarterContent/Materials/M_Wood_Oak.uasset (107121) -> D:/Works/Unreal/FFMProject/Content/StarterContent/Materials/M_Wood_Oak.uasset
[2015.04.06-22.09.30:705][  0]LogPackFactory: Content/StarterContent/Materials/M_Wood_Pine.uasset (97740) -> D:/Works/Unreal/FFMProject/Content/StarterContent/Materials/M_Wood_Pine.uasset
[2015.04.06-22.09.30:707][  0]LogPackFactory: Content/StarterContent/Materials/M_Wood_Walnut.uasset (93022) -> D:/Works/Unreal/FFMProject/Content/StarterContent/Materials/M_Wood_Walnut.uasset
[2015.04.06-22.09.30:709][  0]LogPackFactory: Content/StarterContent/Particles/Materials/M_Burst.uasset (43524) -> D:/Works/Unreal/FFMProject/Content/StarterContent/Particles/Materials/M_Burst.uasset
[2015.04.06-22.09.30:712][  0]LogPackFactory: Content/StarterContent/Particles/Materials/M_Dust_Particle.uasset (40952) -> D:/Works/Unreal/FFMProject/Content/StarterContent/Particles/Materials/M_Dust_Particle.uasset
[2015.04.06-22.09.30:715][  0]LogPackFactory: Content/StarterContent/Particles/Materials/M_explosion_subUV.uasset (62151) -> D:/Works/Unreal/FFMProject/Content/StarterContent/Particles/Materials/M_explosion_subUV.uasset
[2015.04.06-22.09.30:718][  0]LogPackFactory: Content/StarterContent/Particles/Materials/M_Fire_SubUV.uasset (62224) -> D:/Works/Unreal/FFMProject/Content/StarterContent/Particles/Materials/M_Fire_SubUV.uasset
[2015.04.06-22.09.30:721][  0]LogPackFactory: Content/StarterContent/Particles/Materials/m_flare_01.uasset (48172) -> D:/Works/Unreal/FFMProject/Content/StarterContent/Particles/Materials/m_flare_01.uasset
[2015.04.06-22.09.30:723][  0]LogPackFactory: Content/StarterContent/Particles/Materials/M_Heat_Distortion.uasset (38287) -> D:/Works/Unreal/FFMProject/Content/StarterContent/Particles/Materials/M_Heat_Distortion.uasset
[2015.04.06-22.09.30:725][  0]LogPackFactory: Content/StarterContent/Particles/Materials/M_Radial_Gradient.uasset (41181) -> D:/Works/Unreal/FFMProject/Content/StarterContent/Particles/Materials/M_Radial_Gradient.uasset
[2015.04.06-22.09.30:728][  0]LogPackFactory: Content/StarterContent/Particles/Materials/M_radial_ramp.uasset (41193) -> D:/Works/Unreal/FFMProject/Content/StarterContent/Particles/Materials/M_radial_ramp.uasset
[2015.04.06-22.09.30:730][  0]LogPackFactory: Content/StarterContent/Particles/Materials/M_smoke_subUV.uasset (76603) -> D:/Works/Unreal/FFMProject/Content/StarterContent/Particles/Materials/M_smoke_subUV.uasset
[2015.04.06-22.09.30:732][  0]LogPackFactory: Content/StarterContent/Particles/Materials/M_Spark.uasset (43678) -> D:/Works/Unreal/FFMProject/Content/StarterContent/Particles/Materials/M_Spark.uasset
[2015.04.06-22.09.30:734][  0]LogPackFactory: Content/StarterContent/Particles/P_Ambient_Dust.uasset (43456) -> D:/Works/Unreal/FFMProject/Content/StarterContent/Particles/P_Ambient_Dust.uasset
[2015.04.06-22.09.30:735][  0]LogPackFactory: Content/StarterContent/Particles/P_Explosion.uasset (280221) -> D:/Works/Unreal/FFMProject/Content/StarterContent/Particles/P_Explosion.uasset
[2015.04.06-22.09.30:740][  0]LogPackFactory: Content/StarterContent/Particles/P_Fire.uasset (259431) -> D:/Works/Unreal/FFMProject/Content/StarterContent/Particles/P_Fire.uasset
[2015.04.06-22.09.30:742][  0]LogPackFactory: Content/StarterContent/Particles/P_Smoke.uasset (65670) -> D:/Works/Unreal/FFMProject/Content/StarterContent/Particles/P_Smoke.uasset
[2015.04.06-22.09.30:744][  0]LogPackFactory: Content/StarterContent/Particles/P_Sparks.uasset (171805) -> D:/Works/Unreal/FFMProject/Content/StarterContent/Particles/P_Sparks.uasset
[2015.04.06-22.09.30:746][  0]LogPackFactory: Content/StarterContent/Particles/P_Steam_Lit.uasset (117332) -> D:/Works/Unreal/FFMProject/Content/StarterContent/Particles/P_Steam_Lit.uasset
[2015.04.06-22.09.30:748][  0]LogPackFactory: Content/StarterContent/Props/Materials/M_Bush.uasset (99988) -> D:/Works/Unreal/FFMProject/Content/StarterContent/Props/Materials/M_Bush.uasset
[2015.04.06-22.09.30:751][  0]LogPackFactory: Content/StarterContent/Props/Materials/M_Chair.uasset (90187) -> D:/Works/Unreal/FFMProject/Content/StarterContent/Props/Materials/M_Chair.uasset
[2015.04.06-22.09.30:753][  0]LogPackFactory: Content/StarterContent/Props/Materials/M_Door.uasset (87249) -> D:/Works/Unreal/FFMProject/Content/StarterContent/Props/Materials/M_Door.uasset
[2015.04.06-22.09.30:757][  0]LogPackFactory: Content/StarterContent/Props/Materials/M_Frame.uasset (78682) -> D:/Works/Unreal/FFMProject/Content/StarterContent/Props/Materials/M_Frame.uasset
[2015.04.06-22.09.30:759][  0]LogPackFactory: Content/StarterContent/Props/Materials/M_Lamp.uasset (90486) -> D:/Works/Unreal/FFMProject/Content/StarterContent/Props/Materials/M_Lamp.uasset
[2015.04.06-22.09.30:761][  0]LogPackFactory: Content/StarterContent/Props/Materials/M_MaterialSphere.uasset (66766) -> D:/Works/Unreal/FFMProject/Content/StarterContent/Props/Materials/M_MaterialSphere.uasset
[2015.04.06-22.09.30:764][  0]LogPackFactory: Content/StarterContent/Props/Materials/M_MaterialSphere_Plain.uasset (58832) -> D:/Works/Unreal/FFMProject/Content/StarterContent/Props/Materials/M_MaterialSphere_Plain.uasset
[2015.04.06-22.09.30:766][  0]LogPackFactory: Content/StarterContent/Props/Materials/M_Rock.uasset (114715) -> D:/Works/Unreal/FFMProject/Content/StarterContent/Props/Materials/M_Rock.uasset
[2015.04.06-22.09.30:769][  0]LogPackFactory: Content/StarterContent/Props/Materials/M_Shelf.uasset (78255) -> D:/Works/Unreal/FFMProject/Content/StarterContent/Props/Materials/M_Shelf.uasset
[2015.04.06-22.09.30:770][  0]LogPackFactory: Content/StarterContent/Props/Materials/M_Statue.uasset (72790) -> D:/Works/Unreal/FFMProject/Content/StarterContent/Props/Materials/M_Statue.uasset
[2015.04.06-22.09.30:773][  0]LogPackFactory: Content/StarterContent/Props/Materials/M_StatueGlass.uasset (56436) -> D:/Works/Unreal/FFMProject/Content/StarterContent/Props/Materials/M_StatueGlass.uasset
[2015.04.06-22.09.30:775][  0]LogPackFactory: Content/StarterContent/Props/Materials/M_TableRound.uasset (89531) -> D:/Works/Unreal/FFMProject/Content/StarterContent/Props/Materials/M_TableRound.uasset
[2015.04.06-22.09.30:777][  0]LogPackFactory: Content/StarterContent/Props/MaterialSphere.uasset (174533) -> D:/Works/Unreal/FFMProject/Content/StarterContent/Props/MaterialSphere.uasset
[2015.04.06-22.09.30:779][  0]LogPackFactory: Content/StarterContent/Props/SM_Bush.uasset (152902) -> D:/Works/Unreal/FFMProject/Content/StarterContent/Props/SM_Bush.uasset
[2015.04.06-22.09.30:782][  0]LogPackFactory: Content/StarterContent/Props/SM_Chair.uasset (213058) -> D:/Works/Unreal/FFMProject/Content/StarterContent/Props/SM_Chair.uasset
[2015.04.06-22.09.30:784][  0]LogPackFactory: Content/StarterContent/Props/SM_CornerFrame.uasset (104587) -> D:/Works/Unreal/FFMProject/Content/StarterContent/Props/SM_CornerFrame.uasset
[2015.04.06-22.09.30:786][  0]LogPackFactory: Content/StarterContent/Props/SM_Couch.uasset (254658) -> D:/Works/Unreal/FFMProject/Content/StarterContent/Props/SM_Couch.uasset
[2015.04.06-22.09.30:791][  0]LogPackFactory: Content/StarterContent/Props/SM_Door.uasset (214917) -> D:/Works/Unreal/FFMProject/Content/StarterContent/Props/SM_Door.uasset
[2015.04.06-22.09.30:793][  0]LogPackFactory: Content/StarterContent/Props/SM_DoorFrame.uasset (65546) -> D:/Works/Unreal/FFMProject/Content/StarterContent/Props/SM_DoorFrame.uasset
[2015.04.06-22.09.30:797][  0]LogPackFactory: Content/StarterContent/Props/SM_GlassWindow.uasset (97538) -> D:/Works/Unreal/FFMProject/Content/StarterContent/Props/SM_GlassWindow.uasset
[2015.04.06-22.09.30:800][  0]LogPackFactory: Content/StarterContent/Props/SM_Lamp_Ceiling.uasset (318571) -> D:/Works/Unreal/FFMProject/Content/StarterContent/Props/SM_Lamp_Ceiling.uasset
[2015.04.06-22.09.30:803][  0]LogPackFactory: Content/StarterContent/Props/SM_Lamp_Wall.uasset (140246) -> D:/Works/Unreal/FFMProject/Content/StarterContent/Props/SM_Lamp_Wall.uasset
[2015.04.06-22.09.30:807][  0]LogPackFactory: Content/StarterContent/Props/SM_MatPreviewMesh_02.uasset (2396647) -> D:/Works/Unreal/FFMProject/Content/StarterContent/Props/SM_MatPreviewMesh_02.uasset
[2015.04.06-22.09.30:810][  0]LogPackFactory: Content/StarterContent/Props/SM_PillarFrame.uasset (127007) -> D:/Works/Unreal/FFMProject/Content/StarterContent/Props/SM_PillarFrame.uasset
[2015.04.06-22.09.30:813][  0]LogPackFactory: Content/StarterContent/Props/SM_PillarFrame300.uasset (124350) -> D:/Works/Unreal/FFMProject/Content/StarterContent/Props/SM_PillarFrame300.uasset
[2015.04.06-22.09.30:815][  0]LogPackFactory: Content/StarterContent/Props/SM_Rock.uasset (175516) -> D:/Works/Unreal/FFMProject/Content/StarterContent/Props/SM_Rock.uasset
[2015.04.06-22.09.30:817][  0]LogPackFactory: Content/StarterContent/Props/SM_Shelf.uasset (108862) -> D:/Works/Unreal/FFMProject/Content/StarterContent/Props/SM_Shelf.uasset
[2015.04.06-22.09.30:819][  0]LogPackFactory: Content/StarterContent/Props/SM_Stairs.uasset (66807) -> D:/Works/Unreal/FFMProject/Content/StarterContent/Props/SM_Stairs.uasset
[2015.04.06-22.09.30:822][  0]LogPackFactory: Content/StarterContent/Props/SM_Statue.uasset (537153) -> D:/Works/Unreal/FFMProject/Content/StarterContent/Props/SM_Statue.uasset
[2015.04.06-22.09.30:824][  0]LogPackFactory: Content/StarterContent/Props/SM_TableRound.uasset (528732) -> D:/Works/Unreal/FFMProject/Content/StarterContent/Props/SM_TableRound.uasset
[2015.04.06-22.09.30:826][  0]LogPackFactory: Content/StarterContent/Props/SM_WindowFrame.uasset (68758) -> D:/Works/Unreal/FFMProject/Content/StarterContent/Props/SM_WindowFrame.uasset
[2015.04.06-22.09.30:828][  0]LogPackFactory: Content/StarterContent/Shapes/Shape_Cone.uasset (94233) -> D:/Works/Unreal/FFMProject/Content/StarterContent/Shapes/Shape_Cone.uasset
[2015.04.06-22.09.30:830][  0]LogPackFactory: Content/StarterContent/Shapes/Shape_Cube.uasset (45498) -> D:/Works/Unreal/FFMProject/Content/StarterContent/Shapes/Shape_Cube.uasset
[2015.04.06-22.09.30:832][  0]LogPackFactory: Content/StarterContent/Shapes/Shape_Cylinder.uasset (109276) -> D:/Works/Unreal/FFMProject/Content/StarterContent/Shapes/Shape_Cylinder.uasset
[2015.04.06-22.09.30:834][  0]LogPackFactory: Content/StarterContent/Shapes/Shape_NarrowCapsule.uasset (211325) -> D:/Works/Unreal/FFMProject/Content/StarterContent/Shapes/Shape_NarrowCapsule.uasset
[2015.04.06-22.09.30:837][  0]LogPackFactory: Content/StarterContent/Shapes/Shape_Pipe.uasset (78407) -> D:/Works/Unreal/FFMProject/Content/StarterContent/Shapes/Shape_Pipe.uasset
[2015.04.06-22.09.30:841][  0]LogPackFactory: Content/StarterContent/Shapes/Shape_Pipe_180.uasset (193692) -> D:/Works/Unreal/FFMProject/Content/StarterContent/Shapes/Shape_Pipe_180.uasset
[2015.04.06-22.09.30:848][  0]LogPackFactory: Content/StarterContent/Shapes/Shape_Pipe_90.uasset (120200) -> D:/Works/Unreal/FFMProject/Content/StarterContent/Shapes/Shape_Pipe_90.uasset
[2015.04.06-22.09.30:850][  0]LogPackFactory: Content/StarterContent/Shapes/Shape_Plane.uasset (43121) -> D:/Works/Unreal/FFMProject/Content/StarterContent/Shapes/Shape_Plane.uasset
[2015.04.06-22.09.30:853][  0]LogPackFactory: Content/StarterContent/Shapes/Shape_QuadPyramid.uasset (43744) -> D:/Works/Unreal/FFMProject/Content/StarterContent/Shapes/Shape_QuadPyramid.uasset
[2015.04.06-22.09.30:855][  0]LogPackFactory: Content/StarterContent/Shapes/Shape_Sphere.uasset (264634) -> D:/Works/Unreal/FFMProject/Content/StarterContent/Shapes/Shape_Sphere.uasset
[2015.04.06-22.09.30:858][  0]LogPackFactory: Content/StarterContent/Shapes/Shape_Torus.uasset (558042) -> D:/Works/Unreal/FFMProject/Content/StarterContent/Shapes/Shape_Torus.uasset
[2015.04.06-22.09.30:861][  0]LogPackFactory: Content/StarterContent/Shapes/Shape_Trim.uasset (51867) -> D:/Works/Unreal/FFMProject/Content/StarterContent/Shapes/Shape_Trim.uasset
[2015.04.06-22.09.30:863][  0]LogPackFactory: Content/StarterContent/Shapes/Shape_Trim_90_In.uasset (74804) -> D:/Works/Unreal/FFMProject/Content/StarterContent/Shapes/Shape_Trim_90_In.uasset
[2015.04.06-22.09.30:866][  0]LogPackFactory: Content/StarterContent/Shapes/Shape_Trim_90_Out.uasset (75706) -> D:/Works/Unreal/FFMProject/Content/StarterContent/Shapes/Shape_Trim_90_Out.uasset
[2015.04.06-22.09.30:869][  0]LogPackFactory: Content/StarterContent/Shapes/Shape_TriPyramid.uasset (41629) -> D:/Works/Unreal/FFMProject/Content/StarterContent/Shapes/Shape_TriPyramid.uasset
[2015.04.06-22.09.30:871][  0]LogPackFactory: Content/StarterContent/Shapes/Shape_Tube.uasset (190123) -> D:/Works/Unreal/FFMProject/Content/StarterContent/Shapes/Shape_Tube.uasset
[2015.04.06-22.09.30:873][  0]LogPackFactory: Content/StarterContent/Shapes/Shape_Wedge_A.uasset (45020) -> D:/Works/Unreal/FFMProject/Content/StarterContent/Shapes/Shape_Wedge_A.uasset
[2015.04.06-22.09.30:875][  0]LogPackFactory: Content/StarterContent/Shapes/Shape_Wedge_B.uasset (40642) -> D:/Works/Unreal/FFMProject/Content/StarterContent/Shapes/Shape_Wedge_B.uasset
[2015.04.06-22.09.30:878][  0]LogPackFactory: Content/StarterContent/Shapes/Shape_WideCapsule.uasset (150007) -> D:/Works/Unreal/FFMProject/Content/StarterContent/Shapes/Shape_WideCapsule.uasset
[2015.04.06-22.09.30:882][  0]LogPackFactory: Content/StarterContent/Textures/Metal_Tile_2.uasset (446) -> D:/Works/Unreal/FFMProject/Content/StarterContent/Textures/Metal_Tile_2.uasset
[2015.04.06-22.09.30:884][  0]LogPackFactory: Content/StarterContent/Textures/Metal_Tile_2_N.uasset (450) -> D:/Works/Unreal/FFMProject/Content/StarterContent/Textures/Metal_Tile_2_N.uasset
[2015.04.06-22.09.30:887][  0]LogPackFactory: Content/StarterContent/Textures/Sky54a2048.uasset (446) -> D:/Works/Unreal/FFMProject/Content/StarterContent/Textures/Sky54a2048.uasset
[2015.04.06-22.09.30:890][  0]LogPackFactory: Content/StarterContent/Textures/Sky54a2048LDR.uasset (449) -> D:/Works/Unreal/FFMProject/Content/StarterContent/Textures/Sky54a2048LDR.uasset
[2015.04.06-22.09.30:892][  0]LogPackFactory: Content/StarterContent/Textures/T_ArmorMetal01.uasset (450) -> D:/Works/Unreal/FFMProject/Content/StarterContent/Textures/T_ArmorMetal01.uasset
[2015.04.06-22.09.30:894][  0]LogPackFactory: Content/StarterContent/Textures/T_ArmorMetal01_N.uasset (452) -> D:/Works/Unreal/FFMProject/Content/StarterContent/Textures/T_ArmorMetal01_N.uasset
[2015.04.06-22.09.30:896][  0]LogPackFactory: Content/StarterContent/Textures/T_Bark02_D.uasset (446) -> D:/Works/Unreal/FFMProject/Content/StarterContent/Textures/T_Bark02_D.uasset
[2015.04.06-22.09.30:898][  0]LogPackFactory: Content/StarterContent/Textures/T_Bark02_N.uasset (446) -> D:/Works/Unreal/FFMProject/Content/StarterContent/Textures/T_Bark02_N.uasset
[2015.04.06-22.09.30:899][  0]LogPackFactory: Content/StarterContent/Textures/T_Base_Metal_Gray_D.uasset (455) -> D:/Works/Unreal/FFMProject/Content/StarterContent/Textures/T_Base_Metal_Gray_D.uasset
[2015.04.06-22.09.30:901][  0]LogPackFactory: Content/StarterContent/Textures/T_Base_Metal_Gray_N.uasset (455) -> D:/Works/Unreal/FFMProject/Content/StarterContent/Textures/T_Base_Metal_Gray_N.uasset
[2015.04.06-22.09.30:952][  0]LogPackFactory: Content/StarterContent/Textures/T_Brick_Clay_Beveled_D.uasset (7649619) -> D:/Works/Unreal/FFMProject/Content/StarterContent/Textures/T_Brick_Clay_Beveled_D.uasset
[2015.04.06-22.09.30:960][  0]LogPackFactory: Content/StarterContent/Textures/T_Brick_Clay_Beveled_M.uasset (8326301) -> D:/Works/Unreal/FFMProject/Content/StarterContent/Textures/T_Brick_Clay_Beveled_M.uasset
[2015.04.06-22.09.30:968][  0]LogPackFactory: Content/StarterContent/Textures/T_Brick_Clay_Beveled_N.uasset (7553391) -> D:/Works/Unreal/FFMProject/Content/StarterContent/Textures/T_Brick_Clay_Beveled_N.uasset
[2015.04.06-22.09.30:974][  0]LogPackFactory: Content/StarterContent/Textures/T_Brick_Clay_New_D.uasset (6035708) -> D:/Works/Unreal/FFMProject/Content/StarterContent/Textures/T_Brick_Clay_New_D.uasset
[2015.04.06-22.09.30:980][  0]LogPackFactory: Content/StarterContent/Textures/T_Brick_Clay_New_M.uasset (9201530) -> D:/Works/Unreal/FFMProject/Content/StarterContent/Textures/T_Brick_Clay_New_M.uasset
[2015.04.06-22.09.30:987][  0]LogPackFactory: Content/StarterContent/Textures/T_Brick_Clay_New_N.uasset (7865847) -> D:/Works/Unreal/FFMProject/Content/StarterContent/Textures/T_Brick_Clay_New_N.uasset
[2015.04.06-22.09.30:995][  0]LogPackFactory: Content/StarterContent/Textures/T_Brick_Clay_Old_D.uasset (11424774) -> D:/Works/Unreal/FFMProject/Content/StarterContent/Textures/T_Brick_Clay_Old_D.uasset
[2015.04.06-22.09.31:002][  0]LogPackFactory: Content/StarterContent/Textures/T_Brick_Clay_Old_N.uasset (7794699) -> D:/Works/Unreal/FFMProject/Content/StarterContent/Textures/T_Brick_Clay_Old_N.uasset
[2015.04.06-22.09.31:053][  0]LogPackFactory: Content/StarterContent/Textures/T_Brick_Cut_Stone_D.uasset (13386492) -> D:/Works/Unreal/FFMProject/Content/StarterContent/Textures/T_Brick_Cut_Stone_D.uasset
[2015.04.06-22.09.31:062][  0]LogPackFactory: Content/StarterContent/Textures/T_Brick_Cut_Stone_N.uasset (6679434) -> D:/Works/Unreal/FFMProject/Content/StarterContent/Textures/T_Brick_Cut_Stone_N.uasset
[2015.04.06-22.09.31:068][  0]LogPackFactory: Content/StarterContent/Textures/T_Brick_Hewn_Stone_D.uasset (7446677) -> D:/Works/Unreal/FFMProject/Content/StarterContent/Textures/T_Brick_Hewn_Stone_D.uasset
[2015.04.06-22.09.31:075][  0]LogPackFactory: Content/StarterContent/Textures/T_Brick_Hewn_Stone_M.uasset (6802269) -> D:/Works/Unreal/FFMProject/Content/StarterContent/Textures/T_Brick_Hewn_Stone_M.uasset
[2015.04.06-22.09.31:109][  0]LogPackFactory: Content/StarterContent/Textures/T_Brick_Hewn_Stone_N.uasset (8992435) -> D:/Works/Unreal/FFMProject/Content/StarterContent/Textures/T_Brick_Hewn_Stone_N.uasset
[2015.04.06-22.09.31:117][  0]LogPackFactory: Content/StarterContent/Textures/T_Burst_M.uasset (150025) -> D:/Works/Unreal/FFMProject/Content/StarterContent/Textures/T_Burst_M.uasset
[2015.04.06-22.09.31:119][  0]LogPackFactory: Content/StarterContent/Textures/T_Bush_D.uasset (552540) -> D:/Works/Unreal/FFMProject/Content/StarterContent/Textures/T_Bush_D.uasset
[2015.04.06-22.09.31:122][  0]LogPackFactory: Content/StarterContent/Textures/T_Bush_N.uasset (396574) -> D:/Works/Unreal/FFMProject/Content/StarterContent/Textures/T_Bush_N.uasset
[2015.04.06-22.09.31:127][  0]LogPackFactory: Content/StarterContent/Textures/T_Ceramic_Tile_M.uasset (277243) -> D:/Works/Unreal/FFMProject/Content/StarterContent/Textures/T_Ceramic_Tile_M.uasset
[2015.04.06-22.09.31:129][  0]LogPackFactory: Content/StarterContent/Textures/T_Ceramic_Tile_N.uasset (228293) -> D:/Works/Unreal/FFMProject/Content/StarterContent/Textures/T_Ceramic_Tile_N.uasset
[2015.04.06-22.09.31:134][  0]LogPackFactory: Content/StarterContent/Textures/T_Chair_M.uasset (576769) -> D:/Works/Unreal/FFMProject/Content/StarterContent/Textures/T_Chair_M.uasset
[2015.04.06-22.09.31:136][  0]LogPackFactory: Content/StarterContent/Textures/T_Chair_N.uasset (1937145) -> D:/Works/Unreal/FFMProject/Content/StarterContent/Textures/T_Chair_N.uasset
[2015.04.06-22.09.31:142][  0]LogPackFactory: Content/StarterContent/Textures/T_Checker_Noise_M.uasset (158406) -> D:/Works/Unreal/FFMProject/Content/StarterContent/Textures/T_Checker_Noise_M.uasset
[2015.04.06-22.09.31:145][  0]LogPackFactory: Content/StarterContent/Textures/T_Cliff_M.uasset (432) -> D:/Works/Unreal/FFMProject/Content/StarterContent/Textures/T_Cliff_M.uasset
[2015.04.06-22.09.31:146][  0]LogPackFactory: Content/StarterContent/Textures/T_Cliff_N.uasset (432) -> D:/Works/Unreal/FFMProject/Content/StarterContent/Textures/T_Cliff_N.uasset
[2015.04.06-22.09.31:148][  0]LogPackFactory: Content/StarterContent/Textures/T_Cobble_01_H.uasset (449) -> D:/Works/Unreal/FFMProject/Content/StarterContent/Textures/T_Cobble_01_H.uasset
[2015.04.06-22.09.31:150][  0]LogPackFactory: Content/StarterContent/Textures/T_CobbleDark_01_D.uasset (453) -> D:/Works/Unreal/FFMProject/Content/StarterContent/Textures/T_CobbleDark_01_D.uasset
[2015.04.06-22.09.31:151][  0]LogPackFactory: Content/StarterContent/Textures/T_CobbleStone_04_D.uasset (454) -> D:/Works/Unreal/FFMProject/Content/StarterContent/Textures/T_CobbleStone_04_D.uasset
[2015.04.06-22.09.31:153][  0]LogPackFactory: Content/StarterContent/Textures/T_CobbleStone_04_N.uasset (454) -> D:/Works/Unreal/FFMProject/Content/StarterContent/Textures/T_CobbleStone_04_N.uasset
[2015.04.06-22.09.31:154][  0]LogPackFactory: Content/StarterContent/Textures/T_CobbleStone_04_R.uasset (454) -> D:/Works/Unreal/FFMProject/Content/StarterContent/Textures/T_CobbleStone_04_R.uasset
[2015.04.06-22.09.31:156][  0]LogPackFactory: Content/StarterContent/Textures/T_CobbleStone_04b_D.uasset (455) -> D:/Works/Unreal/FFMProject/Content/StarterContent/Textures/T_CobbleStone_04b_D.uasset
[2015.04.06-22.09.31:158][  0]LogPackFactory: Content/StarterContent/Textures/T_CobbleStone_Pebble_D.uasset (11812314) -> D:/Works/Unreal/FFMProject/Content/StarterContent/Textures/T_CobbleStone_Pebble_D.uasset
[2015.04.06-22.09.31:166][  0]LogPackFactory: Content/StarterContent/Textures/T_CobbleStone_Pebble_M.uasset (1313598) -> D:/Works/Unreal/FFMProject/Content/StarterContent/Textures/T_CobbleStone_Pebble_M.uasset
[2015.04.06-22.09.31:169][  0]LogPackFactory: Content/StarterContent/Textures/T_CobbleStone_Pebble_N.uasset (11858728) -> D:/Works/Unreal/FFMProject/Content/StarterContent/Textures/T_CobbleStone_Pebble_N.uasset
[2015.04.06-22.09.31:202][  0]LogPackFactory: Content/StarterContent/Textures/T_CobbleStone_Rough_D.uasset (2936250) -> D:/Works/Unreal/FFMProject/Content/StarterContent/Textures/T_CobbleStone_Rough_D.uasset
[2015.04.06-22.09.31:206][  0]LogPackFactory: Content/StarterContent/Textures/T_CobbleStone_Rough_N.uasset (2700400) -> D:/Works/Unreal/FFMProject/Content/StarterContent/Textures/T_CobbleStone_Rough_N.uasset
[2015.04.06-22.09.31:209][  0]LogPackFactory: Content/StarterContent/Textures/T_CobbleStone_Smooth_D.uasset (6603341) -> D:/Works/Unreal/FFMProject/Content/StarterContent/Textures/T_CobbleStone_Smooth_D.uasset
[2015.04.06-22.09.31:385][  0]LogPackFactory: Content/StarterContent/Textures/T_CobbleStone_Smooth_M.uasset (5739577) -> D:/Works/Unreal/FFMProject/Content/StarterContent/Textures/T_CobbleStone_Smooth_M.uasset
[2015.04.06-22.09.31:402][  0]LogPackFactory: Content/StarterContent/Textures/T_CobbleStone_Smooth_N.uasset (8846507) -> D:/Works/Unreal/FFMProject/Content/StarterContent/Textures/T_CobbleStone_Smooth_N.uasset
[2015.04.06-22.09.31:421][  0]LogPackFactory: Content/StarterContent/Textures/T_Concrete01_D.uasset (450) -> D:/Works/Unreal/FFMProject/Content/StarterContent/Textures/T_Concrete01_D.uasset
[2015.04.06-22.09.31:424][  0]LogPackFactory: Content/StarterContent/Textures/T_Concrete01_N.uasset (450) -> D:/Works/Unreal/FFMProject/Content/StarterContent/Textures/T_Concrete01_N.uasset
[2015.04.06-22.09.31:427][  0]LogPackFactory: Content/StarterContent/Textures/T_Concrete_01_D.uasset (451) -> D:/Works/Unreal/FFMProject/Content/StarterContent/Textures/T_Concrete_01_D.uasset
[2015.04.06-22.09.31:916][  0]LogPackFactory: Content/StarterContent/Textures/T_Concrete_01_N.uasset (451) -> D:/Works/Unreal/FFMProject/Content/StarterContent/Textures/T_Concrete_01_N.uasset
[2015.04.06-22.09.31:918][  0]LogPackFactory: Content/StarterContent/Textures/T_Concrete_D.uasset (448) -> D:/Works/Unreal/FFMProject/Content/StarterContent/Textures/T_Concrete_D.uasset
[2015.04.06-22.09.31:964][  0]LogPackFactory: Content/StarterContent/Textures/T_Concrete_Floor01.uasset (454) -> D:/Works/Unreal/FFMProject/Content/StarterContent/Textures/T_Concrete_Floor01.uasset
[2015.04.06-22.09.31:967][  0]LogPackFactory: Content/StarterContent/Textures/T_Concrete_Floor01_N.uasset (456) -> D:/Works/Unreal/FFMProject/Content/StarterContent/Textures/T_Concrete_Floor01_N.uasset
[2015.04.06-22.09.32:115][  0]LogPackFactory: Content/StarterContent/Textures/T_Concrete_Grime_D.uasset (10691506) -> D:/Works/Unreal/FFMProject/Content/StarterContent/Textures/T_Concrete_Grime_D.uasset
[2015.04.06-22.09.32:122][  0]LogPackFactory: Content/StarterContent/Textures/T_Concrete_N.uasset (448) -> D:/Works/Unreal/FFMProject/Content/StarterContent/Textures/T_Concrete_N.uasset
[2015.04.06-22.09.32:124][  0]LogPackFactory: Content/StarterContent/Textures/T_Concrete_Panels_D.uasset (8513286) -> D:/Works/Unreal/FFMProject/Content/StarterContent/Textures/T_Concrete_Panels_D.uasset
[2015.04.06-22.09.32:156][  0]LogPackFactory: Content/StarterContent/Textures/T_Concrete_Panels_N.uasset (6558914) -> D:/Works/Unreal/FFMProject/Content/StarterContent/Textures/T_Concrete_Panels_N.uasset
[2015.04.06-22.09.32:163][  0]LogPackFactory: Content/StarterContent/Textures/T_Concrete_Poured_D.uasset (11600993) -> D:/Works/Unreal/FFMProject/Content/StarterContent/Textures/T_Concrete_Poured_D.uasset
[2015.04.06-22.09.32:176][  0]LogPackFactory: Content/StarterContent/Textures/T_Concrete_Poured_N.uasset (7452814) -> D:/Works/Unreal/FFMProject/Content/StarterContent/Textures/T_Concrete_Poured_N.uasset
[2015.04.06-22.09.32:183][  0]LogPackFactory: Content/StarterContent/Textures/T_Concrete_Tiles_D.uasset (4956380) -> D:/Works/Unreal/FFMProject/Content/StarterContent/Textures/T_Concrete_Tiles_D.uasset
[2015.04.06-22.09.32:189][  0]LogPackFactory: Content/StarterContent/Textures/T_Concrete_Tiles_M.uasset (5759659) -> D:/Works/Unreal/FFMProject/Content/StarterContent/Textures/T_Concrete_Tiles_M.uasset
[2015.04.06-22.09.32:242][  0]LogPackFactory: Content/StarterContent/Textures/T_Concrete_Tiles_N.uasset (6611650) -> D:/Works/Unreal/FFMProject/Content/StarterContent/Textures/T_Concrete_Tiles_N.uasset
[2015.04.06-22.09.32:248][  0]LogPackFactory: Content/StarterContent/Textures/T_Concrete_Tiles_Variation_M.uasset (4809) -> D:/Works/Unreal/FFMProject/Content/StarterContent/Textures/T_Concrete_Tiles_Variation_M.uasset
[2015.04.06-22.09.32:250][  0]LogPackFactory: Content/StarterContent/Textures/T_Concrete_Wall07.uasset (453) -> D:/Works/Unreal/FFMProject/Content/StarterContent/Textures/T_Concrete_Wall07.uasset
[2015.04.06-22.09.32:252][  0]LogPackFactory: Content/StarterContent/Textures/T_Concrete_Wall07_N.uasset (455) -> D:/Works/Unreal/FFMProject/Content/StarterContent/Textures/T_Concrete_Wall07_N.uasset
[2015.04.06-22.09.32:262][  0]LogPackFactory: Content/StarterContent/Textures/T_Concrete_Wall_D.uasset (453) -> D:/Works/Unreal/FFMProject/Content/StarterContent/Textures/T_Concrete_Wall_D.uasset
[2015.04.06-22.09.32:264][  0]LogPackFactory: Content/StarterContent/Textures/T_Concrete_Wall_N.uasset (453) -> D:/Works/Unreal/FFMProject/Content/StarterContent/Textures/T_Concrete_Wall_N.uasset
[2015.04.06-22.09.32:266][  0]LogPackFactory: Content/StarterContent/Textures/T_DesertCrystal01_N.uasset (455) -> D:/Works/Unreal/FFMProject/Content/StarterContent/Textures/T_DesertCrystal01_N.uasset
[2015.04.06-22.09.32:268][  0]LogPackFactory: Content/StarterContent/Textures/T_Detail_Rocky_N.uasset (2850093) -> D:/Works/Unreal/FFMProject/Content/StarterContent/Textures/T_Detail_Rocky_N.uasset
[2015.04.06-22.09.32:272][  0]LogPackFactory: Content/StarterContent/Textures/T_Dirt_D.uasset (444) -> D:/Works/Unreal/FFMProject/Content/StarterContent/Textures/T_Dirt_D.uasset
[2015.04.06-22.09.32:273][  0]LogPackFactory: Content/StarterContent/Textures/T_Dirt_N.uasset (444) -> D:/Works/Unreal/FFMProject/Content/StarterContent/Textures/T_Dirt_N.uasset
[2015.04.06-22.09.32:275][  0]LogPackFactory: Content/StarterContent/Textures/T_Door_M.uasset (554190) -> D:/Works/Unreal/FFMProject/Content/StarterContent/Textures/T_Door_M.uasset
[2015.04.06-22.09.32:277][  0]LogPackFactory: Content/StarterContent/Textures/T_Door_N.uasset (1074859) -> D:/Works/Unreal/FFMProject/Content/StarterContent/Textures/T_Door_N.uasset
[2015.04.06-22.09.32:282][  0]LogPackFactory: Content/StarterContent/Textures/T_Dust_Particle_D.uasset (32071) -> D:/Works/Unreal/FFMProject/Content/StarterContent/Textures/T_Dust_Particle_D.uasset
[2015.04.06-22.09.32:285][  0]LogPackFactory: Content/StarterContent/Textures/T_Explosion_SubUV.uasset (3004336) -> D:/Works/Unreal/FFMProject/Content/StarterContent/Textures/T_Explosion_SubUV.uasset
[2015.04.06-22.09.32:288][  0]LogPackFactory: Content/StarterContent/Textures/T_Fire_SubUV.uasset (525012) -> D:/Works/Unreal/FFMProject/Content/StarterContent/Textures/T_Fire_SubUV.uasset
[2015.04.06-22.09.32:291][  0]LogPackFactory: Content/StarterContent/Textures/T_Fire_Tiled_D.uasset (553370) -> D:/Works/Unreal/FFMProject/Content/StarterContent/Textures/T_Fire_Tiled_D.uasset
[2015.04.06-22.09.32:373][  0]LogPackFactory: Content/StarterContent/Textures/T_Frame_M.uasset (536068) -> D:/Works/Unreal/FFMProject/Content/StarterContent/Textures/T_Frame_M.uasset
[2015.04.06-22.09.32:376][  0]LogPackFactory: Content/StarterContent/Textures/T_Frame_N.uasset (1249187) -> D:/Works/Unreal/FFMProject/Content/StarterContent/Textures/T_Frame_N.uasset
[2015.04.06-22.09.32:378][  0]LogPackFactory: Content/StarterContent/Textures/T_Generic_Concrete_Base02.uasset (461) -> D:/Works/Unreal/FFMProject/Content/StarterContent/Textures/T_Generic_Concrete_Base02.uasset
[2015.04.06-22.09.32:380][  0]LogPackFactory: Content/StarterContent/Textures/T_Generic_Concrete_Base02_N.uasset (463) -> D:/Works/Unreal/FFMProject/Content/StarterContent/Textures/T_Generic_Concrete_Base02_N.uasset
[2015.04.06-22.09.32:384][  0]LogPackFactory: Content/StarterContent/Textures/T_Generic_Concrete_Base04_D.uasset (463) -> D:/Works/Unreal/FFMProject/Content/StarterContent/Textures/T_Generic_Concrete_Base04_D.uasset
[2015.04.06-22.09.32:386][  0]LogPackFactory: Content/StarterContent/Textures/T_Generic_Concrete_Base04_N.uasset (463) -> D:/Works/Unreal/FFMProject/Content/StarterContent/Textures/T_Generic_Concrete_Base04_N.uasset
[2015.04.06-22.09.32:388][  0]LogPackFactory: Content/StarterContent/Textures/T_Generic_Concrete_Base_06.uasset (462) -> D:/Works/Unreal/FFMProject/Content/StarterContent/Textures/T_Generic_Concrete_Base_06.uasset
[2015.04.06-22.09.32:390][  0]LogPackFactory: Content/StarterContent/Textures/T_Generic_Concrete_Base_06_N.uasset (464) -> D:/Works/Unreal/FFMProject/Content/StarterContent/Textures/T_Generic_Concrete_Base_06_N.uasset
[2015.04.06-22.09.32:395][  0]LogPackFactory: Content/StarterContent/Textures/T_Generic_Concrete_Base_07.uasset (462) -> D:/Works/Unreal/FFMProject/Content/StarterContent/Textures/T_Generic_Concrete_Base_07.uasset
[2015.04.06-22.09.32:396][  0]LogPackFactory: Content/StarterContent/Textures/T_Generic_Concrete_Base_07_N.uasset (464) -> D:/Works/Unreal/FFMProject/Content/StarterContent/Textures/T_Generic_Concrete_Base_07_N.uasset
[2015.04.06-22.09.32:398][  0]LogPackFactory: Content/StarterContent/Textures/T_Gradinet_01.uasset (5447) -> D:/Works/Unreal/FFMProject/Content/StarterContent/Textures/T_Gradinet_01.uasset
[2015.04.06-22.09.32:400][  0]LogPackFactory: Content/StarterContent/Textures/T_Gravel_D.uasset (425) -> D:/Works/Unreal/FFMProject/Content/StarterContent/Textures/T_Gravel_D.uasset
[2015.04.06-22.09.32:402][  0]LogPackFactory: Content/StarterContent/Textures/T_Gravel_N.uasset (425) -> D:/Works/Unreal/FFMProject/Content/StarterContent/Textures/T_Gravel_N.uasset
[2015.04.06-22.09.32:403][  0]LogPackFactory: Content/StarterContent/Textures/T_Ground_01_D.uasset (449) -> D:/Works/Unreal/FFMProject/Content/StarterContent/Textures/T_Ground_01_D.uasset
[2015.04.06-22.09.32:405][  0]LogPackFactory: Content/StarterContent/Textures/T_Ground_01_N.uasset (449) -> D:/Works/Unreal/FFMProject/Content/StarterContent/Textures/T_Ground_01_N.uasset
[2015.04.06-22.09.32:406][  0]LogPackFactory: Content/StarterContent/Textures/T_Ground_02_D.uasset (449) -> D:/Works/Unreal/FFMProject/Content/StarterContent/Textures/T_Ground_02_D.uasset
[2015.04.06-22.09.32:438][  0]LogPackFactory: Content/StarterContent/Textures/T_Ground_02_N.uasset (449) -> D:/Works/Unreal/FFMProject/Content/StarterContent/Textures/T_Ground_02_N.uasset
[2015.04.06-22.09.32:440][  0]LogPackFactory: Content/StarterContent/Textures/T_Ground_Detail_N.uasset (453) -> D:/Works/Unreal/FFMProject/Content/StarterContent/Textures/T_Ground_Detail_N.uasset
[2015.04.06-22.09.32:442][  0]LogPackFactory: Content/StarterContent/Textures/T_Ground_Dirt_D.uasset (451) -> D:/Works/Unreal/FFMProject/Content/StarterContent/Textures/T_Ground_Dirt_D.uasset
[2015.04.06-22.09.32:444][  0]LogPackFactory: Content/StarterContent/Textures/T_Ground_Dirt_N.uasset (451) -> D:/Works/Unreal/FFMProject/Content/StarterContent/Textures/T_Ground_Dirt_N.uasset
[2015.04.06-22.09.32:445][  0]LogPackFactory: Content/StarterContent/Textures/T_Ground_Grass_D.uasset (12014827) -> D:/Works/Unreal/FFMProject/Content/StarterContent/Textures/T_Ground_Grass_D.uasset
[2015.04.06-22.09.32:454][  0]LogPackFactory: Content/StarterContent/Textures/T_Ground_Grass_N.uasset (11617917) -> D:/Works/Unreal/FFMProject/Content/StarterContent/Textures/T_Ground_Grass_N.uasset
[2015.04.06-22.09.33:062][  0]LogPackFactory: Content/StarterContent/Textures/T_Ground_Gravel_D.uasset (10627659) -> D:/Works/Unreal/FFMProject/Content/StarterContent/Textures/T_Ground_Gravel_D.uasset
[2015.04.06-22.09.33:102][  0]LogPackFactory: Content/StarterContent/Textures/T_Ground_Gravel_N.uasset (7408581) -> D:/Works/Unreal/FFMProject/Content/StarterContent/Textures/T_Ground_Gravel_N.uasset
[2015.04.06-22.09.33:130][  0]LogPackFactory: Content/StarterContent/Textures/T_ground_Moss_D.uasset (13034653) -> D:/Works/Unreal/FFMProject/Content/StarterContent/Textures/T_ground_Moss_D.uasset
[2015.04.06-22.09.33:142][  0]LogPackFactory: Content/StarterContent/Textures/T_Ground_Moss_N.uasset (8389816) -> D:/Works/Unreal/FFMProject/Content/StarterContent/Textures/T_Ground_Moss_N.uasset
[2015.04.06-22.09.33:149][  0]LogPackFactory: Content/StarterContent/Textures/T_Ground_Noise_N.uasset (431) -> D:/Works/Unreal/FFMProject/Content/StarterContent/Textures/T_Ground_Noise_N.uasset
[2015.04.06-22.09.33:151][  0]LogPackFactory: Content/StarterContent/Textures/T_Lamp_M.uasset (781809) -> D:/Works/Unreal/FFMProject/Content/StarterContent/Textures/T_Lamp_M.uasset
[2015.04.06-22.09.33:400][  0]LogPackFactory: Content/StarterContent/Textures/T_Lamp_N.uasset (2076923) -> D:/Works/Unreal/FFMProject/Content/StarterContent/Textures/T_Lamp_N.uasset
[2015.04.06-22.09.33:403][  0]LogPackFactory: Content/StarterContent/Textures/T_MacroVariation.uasset (10882792) -> D:/Works/Unreal/FFMProject/Content/StarterContent/Textures/T_MacroVariation.uasset
[2015.04.06-22.09.33:411][  0]LogPackFactory: Content/StarterContent/Textures/T_Metal_Aluminum_D.uasset (9680629) -> D:/Works/Unreal/FFMProject/Content/StarterContent/Textures/T_Metal_Aluminum_D.uasset
[2015.04.06-22.09.33:491][  0]LogPackFactory: Content/StarterContent/Textures/T_Metal_Copper_D.uasset (8854788) -> D:/Works/Unreal/FFMProject/Content/StarterContent/Textures/T_Metal_Copper_D.uasset
[2015.04.06-22.09.33:874][  0]LogPackFactory: Content/StarterContent/Textures/T_Metal_Dark_Gun_metal_E.uasset (460) -> D:/Works/Unreal/FFMProject/Content/StarterContent/Textures/T_Metal_Dark_Gun_metal_E.uasset
[2015.04.06-22.09.33:876][  0]LogPackFactory: Content/StarterContent/Textures/T_Metal_Dark_Gun_metal_N.uasset (460) -> D:/Works/Unreal/FFMProject/Content/StarterContent/Textures/T_Metal_Dark_Gun_metal_N.uasset
[2015.04.06-22.09.33:878][  0]LogPackFactory: Content/StarterContent/Textures/T_Metal_Gold_D.uasset (8838906) -> D:/Works/Unreal/FFMProject/Content/StarterContent/Textures/T_Metal_Gold_D.uasset
[2015.04.06-22.09.33:887][  0]LogPackFactory: Content/StarterContent/Textures/T_Metal_Gold_N.uasset (2813572) -> D:/Works/Unreal/FFMProject/Content/StarterContent/Textures/T_Metal_Gold_N.uasset
[2015.04.06-22.09.33:902][  0]LogPackFactory: Content/StarterContent/Textures/T_Metal_Metal01_D.uasset (453) -> D:/Works/Unreal/FFMProject/Content/StarterContent/Textures/T_Metal_Metal01_D.uasset
[2015.04.06-22.09.33:904][  0]LogPackFactory: Content/StarterContent/Textures/T_Metal_Metal01_N.uasset (453) -> D:/Works/Unreal/FFMProject/Content/StarterContent/Textures/T_Metal_Metal01_N.uasset
[2015.04.06-22.09.33:906][  0]LogPackFactory: Content/StarterContent/Textures/T_Metal_Metal03_D.uasset (453) -> D:/Works/Unreal/FFMProject/Content/StarterContent/Textures/T_Metal_Metal03_D.uasset
[2015.04.06-22.09.33:908][  0]LogPackFactory: Content/StarterContent/Textures/T_Metal_Metal03_N.uasset (453) -> D:/Works/Unreal/FFMProject/Content/StarterContent/Textures/T_Metal_Metal03_N.uasset
[2015.04.06-22.09.33:916][  0]LogPackFactory: Content/StarterContent/Textures/T_Metal_Painted_04_D.uasset (456) -> D:/Works/Unreal/FFMProject/Content/StarterContent/Textures/T_Metal_Painted_04_D.uasset
[2015.04.06-22.09.33:918][  0]LogPackFactory: Content/StarterContent/Textures/T_Metal_Painted_04_N.uasset (456) -> D:/Works/Unreal/FFMProject/Content/StarterContent/Textures/T_Metal_Painted_04_N.uasset
[2015.04.06-22.09.33:919][  0]LogPackFactory: Content/StarterContent/Textures/T_Metal_Rust_01_D.uasset (453) -> D:/Works/Unreal/FFMProject/Content/StarterContent/Textures/T_Metal_Rust_01_D.uasset
[2015.04.06-22.09.33:921][  0]LogPackFactory: Content/StarterContent/Textures/T_Metal_Rust_01_N.uasset (453) -> D:/Works/Unreal/FFMProject/Content/StarterContent/Textures/T_Metal_Rust_01_N.uasset
[2015.04.06-22.09.34:183][  0]LogPackFactory: Content/StarterContent/Textures/T_Metal_Rust_D.uasset (9329320) -> D:/Works/Unreal/FFMProject/Content/StarterContent/Textures/T_Metal_Rust_D.uasset
[2015.04.06-22.09.34:882][  0]LogPackFactory: Content/StarterContent/Textures/T_Metal_Rust_N.uasset (7504761) -> D:/Works/Unreal/FFMProject/Content/StarterContent/Textures/T_Metal_Rust_N.uasset
[2015.04.06-22.09.34:891][  0]LogPackFactory: Content/StarterContent/Textures/T_Metal_Scuffed_D.uasset (453) -> D:/Works/Unreal/FFMProject/Content/StarterContent/Textures/T_Metal_Scuffed_D.uasset
[2015.04.06-22.09.35:145][  0]LogPackFactory: Content/StarterContent/Textures/T_Metal_Scuffed_N.uasset (453) -> D:/Works/Unreal/FFMProject/Content/StarterContent/Textures/T_Metal_Scuffed_N.uasset
[2015.04.06-22.09.35:174][  0]LogPackFactory: Content/StarterContent/Textures/T_Metal_Steel_D.uasset (3581726) -> D:/Works/Unreal/FFMProject/Content/StarterContent/Textures/T_Metal_Steel_D.uasset
[2015.04.06-22.09.35:180][  0]LogPackFactory: Content/StarterContent/Textures/T_Metal_Steel_N.uasset (4922590) -> D:/Works/Unreal/FFMProject/Content/StarterContent/Textures/T_Metal_Steel_N.uasset
[2015.04.06-22.09.35:185][  0]LogPackFactory: Content/StarterContent/Textures/T_Paint_Metal_Rust_D.uasset (456) -> D:/Works/Unreal/FFMProject/Content/StarterContent/Textures/T_Paint_Metal_Rust_D.uasset
[2015.04.06-22.09.35:187][  0]LogPackFactory: Content/StarterContent/Textures/T_Paint_Metal_Rust_N.uasset (456) -> D:/Works/Unreal/FFMProject/Content/StarterContent/Textures/T_Paint_Metal_Rust_N.uasset
[2015.04.06-22.09.35:206][  0]LogPackFactory: Content/StarterContent/Textures/T_PaintedMetal01.uasset (452) -> D:/Works/Unreal/FFMProject/Content/StarterContent/Textures/T_PaintedMetal01.uasset
[2015.04.06-22.09.35:207][  0]LogPackFactory: Content/StarterContent/Textures/T_PaintedMetal01_N.uasset (454) -> D:/Works/Unreal/FFMProject/Content/StarterContent/Textures/T_PaintedMetal01_N.uasset
[2015.04.06-22.09.35:209][  0]LogPackFactory: Content/StarterContent/Textures/T_PatchyGrass_D.uasset (451) -> D:/Works/Unreal/FFMProject/Content/StarterContent/Textures/T_PatchyGrass_D.uasset
[2015.04.06-22.09.35:210][  0]LogPackFactory: Content/StarterContent/Textures/T_PatchyGrass_N.uasset (451) -> D:/Works/Unreal/FFMProject/Content/StarterContent/Textures/T_PatchyGrass_N.uasset
[2015.04.06-22.09.35:218][  0]LogPackFactory: Content/StarterContent/Textures/T_Perlin_Noise_M.uasset (7869402) -> D:/Works/Unreal/FFMProject/Content/StarterContent/Textures/T_Perlin_Noise_M.uasset
[2015.04.06-22.09.35:226][  0]LogPackFactory: Content/StarterContent/Textures/T_Rock_01_D.uasset (447) -> D:/Works/Unreal/FFMProject/Content/StarterContent/Textures/T_Rock_01_D.uasset
[2015.04.06-22.09.35:229][  0]LogPackFactory: Content/StarterContent/Textures/T_Rock_01_N.uasset (447) -> D:/Works/Unreal/FFMProject/Content/StarterContent/Textures/T_Rock_01_N.uasset
[2015.04.06-22.09.35:232][  0]LogPackFactory: Content/StarterContent/Textures/T_Rock_03_D.uasset (447) -> D:/Works/Unreal/FFMProject/Content/StarterContent/Textures/T_Rock_03_D.uasset
[2015.04.06-22.09.35:252][  0]LogPackFactory: Content/StarterContent/Textures/T_Rock_03_N.uasset (447) -> D:/Works/Unreal/FFMProject/Content/StarterContent/Textures/T_Rock_03_N.uasset
[2015.04.06-22.09.35:254][  0]LogPackFactory: Content/StarterContent/Textures/T_Rock_05_D.uasset (447) -> D:/Works/Unreal/FFMProject/Content/StarterContent/Textures/T_Rock_05_D.uasset
[2015.04.06-22.09.35:255][  0]LogPackFactory: Content/StarterContent/Textures/T_Rock_05_N.uasset (447) -> D:/Works/Unreal/FFMProject/Content/StarterContent/Textures/T_Rock_05_N.uasset
[2015.04.06-22.09.35:257][  0]LogPackFactory: Content/StarterContent/Textures/T_Rock_06_D.uasset (447) -> D:/Works/Unreal/FFMProject/Content/StarterContent/Textures/T_Rock_06_D.uasset
[2015.04.06-22.09.35:277][  0]LogPackFactory: Content/StarterContent/Textures/T_Rock_06_N.uasset (447) -> D:/Works/Unreal/FFMProject/Content/StarterContent/Textures/T_Rock_06_N.uasset
[2015.04.06-22.09.35:278][  0]LogPackFactory: Content/StarterContent/Textures/T_Rock_07_D.uasset (447) -> D:/Works/Unreal/FFMProject/Content/StarterContent/Textures/T_Rock_07_D.uasset
[2015.04.06-22.09.35:280][  0]LogPackFactory: Content/StarterContent/Textures/T_Rock_07_N.uasset (447) -> D:/Works/Unreal/FFMProject/Content/StarterContent/Textures/T_Rock_07_N.uasset
[2015.04.06-22.09.35:281][  0]LogPackFactory: Content/StarterContent/Textures/T_Rock_07b_D.uasset (448) -> D:/Works/Unreal/FFMProject/Content/StarterContent/Textures/T_Rock_07b_D.uasset
[2015.04.06-22.09.35:288][  0]LogPackFactory: Content/StarterContent/Textures/T_Rock_08_D.uasset (447) -> D:/Works/Unreal/FFMProject/Content/StarterContent/Textures/T_Rock_08_D.uasset
[2015.04.06-22.09.35:290][  0]LogPackFactory: Content/StarterContent/Textures/T_Rock_08_N.uasset (447) -> D:/Works/Unreal/FFMProject/Content/StarterContent/Textures/T_Rock_08_N.uasset
[2015.04.06-22.09.35:291][  0]LogPackFactory: Content/StarterContent/Textures/T_Rock_09_D.uasset (447) -> D:/Works/Unreal/FFMProject/Content/StarterContent/Textures/T_Rock_09_D.uasset
[2015.04.06-22.09.35:293][  0]LogPackFactory: Content/StarterContent/Textures/T_Rock_10_D.uasset (447) -> D:/Works/Unreal/FFMProject/Content/StarterContent/Textures/T_Rock_10_D.uasset
[2015.04.06-22.09.35:320][  0]LogPackFactory: Content/StarterContent/Textures/T_Rock_10_N.uasset (447) -> D:/Works/Unreal/FFMProject/Content/StarterContent/Textures/T_Rock_10_N.uasset
[2015.04.06-22.09.35:321][  0]LogPackFactory: Content/StarterContent/Textures/T_Rock_11b_D.uasset (448) -> D:/Works/Unreal/FFMProject/Content/StarterContent/Textures/T_Rock_11b_D.uasset
[2015.04.06-22.09.35:345][  0]LogPackFactory: Content/StarterContent/Textures/T_Rock_Basalt_D.uasset (9359943) -> D:/Works/Unreal/FFMProject/Content/StarterContent/Textures/T_Rock_Basalt_D.uasset
[2015.04.06-22.09.35:352][  0]LogPackFactory: Content/StarterContent/Textures/T_Rock_Basalt_N.uasset (7847129) -> D:/Works/Unreal/FFMProject/Content/StarterContent/Textures/T_Rock_Basalt_N.uasset
[2015.04.06-22.09.35:366][  0]LogPackFactory: Content/StarterContent/Textures/T_Rock_Detail_02_D.uasset (454) -> D:/Works/Unreal/FFMProject/Content/StarterContent/Textures/T_Rock_Detail_02_D.uasset
[2015.04.06-22.09.35:368][  0]LogPackFactory: Content/StarterContent/Textures/T_Rock_Detail_02_N.uasset (454) -> D:/Works/Unreal/FFMProject/Content/StarterContent/Textures/T_Rock_Detail_02_N.uasset
[2015.04.06-22.09.35:369][  0]LogPackFactory: Content/StarterContent/Textures/T_Rock_Detail_03_D.uasset (454) -> D:/Works/Unreal/FFMProject/Content/StarterContent/Textures/T_Rock_Detail_03_D.uasset
[2015.04.06-22.09.35:370][  0]LogPackFactory: Content/StarterContent/Textures/T_Rock_Marble_Polished_D.uasset (5327483) -> D:/Works/Unreal/FFMProject/Content/StarterContent/Textures/T_Rock_Marble_Polished_D.uasset
[2015.04.06-22.09.35:519][  0]LogPackFactory: Content/StarterContent/Textures/T_Rock_Sandstone_D.uasset (9234423) -> D:/Works/Unreal/FFMProject/Content/StarterContent/Textures/T_Rock_Sandstone_D.uasset
[2015.04.06-22.09.35:525][  0]LogPackFactory: Content/StarterContent/Textures/T_Rock_Sandstone_N.uasset (8399811) -> D:/Works/Unreal/FFMProject/Content/StarterContent/Textures/T_Rock_Sandstone_N.uasset
[2015.04.06-22.09.35:532][  0]LogPackFactory: Content/StarterContent/Textures/T_Rock_Slate_D.uasset (12333988) -> D:/Works/Unreal/FFMProject/Content/StarterContent/Textures/T_Rock_Slate_D.uasset
[2015.04.06-22.09.35:691][  0]LogPackFactory: Content/StarterContent/Textures/T_Rock_Slate_N.uasset (9649859) -> D:/Works/Unreal/FFMProject/Content/StarterContent/Textures/T_Rock_Slate_N.uasset
[2015.04.06-22.09.36:580][  0]LogPackFactory: Content/StarterContent/Textures/T_Rock_Smooth_Granite_D.uasset (8829490) -> D:/Works/Unreal/FFMProject/Content/StarterContent/Textures/T_Rock_Smooth_Granite_D.uasset
[2015.04.06-22.09.36:670][  0]LogPackFactory: Content/StarterContent/Textures/T_RockMesh_M.uasset (2706973) -> D:/Works/Unreal/FFMProject/Content/StarterContent/Textures/T_RockMesh_M.uasset
[2015.04.06-22.09.36:674][  0]LogPackFactory: Content/StarterContent/Textures/T_RockMesh_N.uasset (5375053) -> D:/Works/Unreal/FFMProject/Content/StarterContent/Textures/T_RockMesh_N.uasset
[2015.04.06-22.09.36:679][  0]LogPackFactory: Content/StarterContent/Textures/T_Rocky_01_N.uasset (448) -> D:/Works/Unreal/FFMProject/Content/StarterContent/Textures/T_Rocky_01_N.uasset
[2015.04.06-22.09.36:739][  0]LogPackFactory: Content/StarterContent/Textures/T_Shelf_M.uasset (651298) -> D:/Works/Unreal/FFMProject/Content/StarterContent/Textures/T_Shelf_M.uasset
[2015.04.06-22.09.36:742][  0]LogPackFactory: Content/StarterContent/Textures/T_Shelf_N.uasset (1639501) -> D:/Works/Unreal/FFMProject/Content/StarterContent/Textures/T_Shelf_N.uasset
[2015.04.06-22.09.36:745][  0]LogPackFactory: Content/StarterContent/Textures/T_Single_Tile_N.uasset (6402) -> D:/Works/Unreal/FFMProject/Content/StarterContent/Textures/T_Single_Tile_N.uasset
[2015.04.06-22.09.36:746][  0]LogPackFactory: Content/StarterContent/Textures/T_Sky_Clouds_M.uasset (450) -> D:/Works/Unreal/FFMProject/Content/StarterContent/Textures/T_Sky_Clouds_M.uasset
[2015.04.06-22.09.36:839][  0]LogPackFactory: Content/StarterContent/Textures/T_Sky_Stars.uasset (447) -> D:/Works/Unreal/FFMProject/Content/StarterContent/Textures/T_Sky_Stars.uasset
[2015.04.06-22.09.36:841][  0]LogPackFactory: Content/StarterContent/Textures/T_Smoke_SubUV.uasset (2630744) -> D:/Works/Unreal/FFMProject/Content/StarterContent/Textures/T_Smoke_SubUV.uasset
[2015.04.06-22.09.36:845][  0]LogPackFactory: Content/StarterContent/Textures/T_Smoke_Tiled_D.uasset (91431) -> D:/Works/Unreal/FFMProject/Content/StarterContent/Textures/T_Smoke_Tiled_D.uasset
[2015.04.06-22.09.36:848][  0]LogPackFactory: Content/StarterContent/Textures/T_Spark_Core.uasset (162316) -> D:/Works/Unreal/FFMProject/Content/StarterContent/Textures/T_Spark_Core.uasset
[2015.04.06-22.09.36:940][  0]LogPackFactory: Content/StarterContent/Textures/T_Statue_M.uasset (546786) -> D:/Works/Unreal/FFMProject/Content/StarterContent/Textures/T_Statue_M.uasset
[2015.04.06-22.09.36:942][  0]LogPackFactory: Content/StarterContent/Textures/T_Statue_N.uasset (515360) -> D:/Works/Unreal/FFMProject/Content/StarterContent/Textures/T_Statue_N.uasset
[2015.04.06-22.09.36:944][  0]LogPackFactory: Content/StarterContent/Textures/T_Stone_Brick_D.uasset (451) -> D:/Works/Unreal/FFMProject/Content/StarterContent/Textures/T_Stone_Brick_D.uasset
[2015.04.06-22.09.36:945][  0]LogPackFactory: Content/StarterContent/Textures/T_Stone_Brick_N.uasset (451) -> D:/Works/Unreal/FFMProject/Content/StarterContent/Textures/T_Stone_Brick_N.uasset
[2015.04.06-22.09.37:022][  0]LogPackFactory: Content/StarterContent/Textures/T_TableRound_M.uasset (870486) -> D:/Works/Unreal/FFMProject/Content/StarterContent/Textures/T_TableRound_M.uasset
[2015.04.06-22.09.37:025][  0]LogPackFactory: Content/StarterContent/Textures/T_TableRound_N.uasset (1549086) -> D:/Works/Unreal/FFMProject/Content/StarterContent/Textures/T_TableRound_N.uasset
[2015.04.06-22.09.37:027][  0]LogPackFactory: Content/StarterContent/Textures/T_Tech_Dot_M.uasset (107174) -> D:/Works/Unreal/FFMProject/Content/StarterContent/Textures/T_Tech_Dot_M.uasset
[2015.04.06-22.09.37:029][  0]LogPackFactory: Content/StarterContent/Textures/T_Tech_Dot_N.uasset (202333) -> D:/Works/Unreal/FFMProject/Content/StarterContent/Textures/T_Tech_Dot_N.uasset
[2015.04.06-22.09.37:139][  0]LogPackFactory: Content/StarterContent/Textures/T_Tech_Hex_Tile_M.uasset (793459) -> D:/Works/Unreal/FFMProject/Content/StarterContent/Textures/T_Tech_Hex_Tile_M.uasset
[2015.04.06-22.09.37:224][  0]LogPackFactory: Content/StarterContent/Textures/T_Tech_Hex_Tile_N.uasset (493875) -> D:/Works/Unreal/FFMProject/Content/StarterContent/Textures/T_Tech_Hex_Tile_N.uasset
[2015.04.06-22.09.37:227][  0]LogPackFactory: Content/StarterContent/Textures/T_Tech_Panel_M.uasset (979689) -> D:/Works/Unreal/FFMProject/Content/StarterContent/Textures/T_Tech_Panel_M.uasset
[2015.04.06-22.09.37:229][  0]LogPackFactory: Content/StarterContent/Textures/T_Tech_Panel_N.uasset (1860674) -> D:/Works/Unreal/FFMProject/Content/StarterContent/Textures/T_Tech_Panel_N.uasset
[2015.04.06-22.09.38:797][  0]LogPackFactory: Content/StarterContent/Textures/T_Underground_Base_Pipe_D.uasset (461) -> D:/Works/Unreal/FFMProject/Content/StarterContent/Textures/T_Underground_Base_Pipe_D.uasset
[2015.04.06-22.09.38:798][  0]LogPackFactory: Content/StarterContent/Textures/T_Underground_Base_Pipe_N.uasset (461) -> D:/Works/Unreal/FFMProject/Content/StarterContent/Textures/T_Underground_Base_Pipe_N.uasset
[2015.04.06-22.09.38:800][  0]LogPackFactory: Content/StarterContent/Textures/T_UNV_Concrete02.uasset (452) -> D:/Works/Unreal/FFMProject/Content/StarterContent/Textures/T_UNV_Concrete02.uasset
[2015.04.06-22.09.38:801][  0]LogPackFactory: Content/StarterContent/Textures/T_UNV_Concrete02_N.uasset (454) -> D:/Works/Unreal/FFMProject/Content/StarterContent/Textures/T_UNV_Concrete02_N.uasset
[2015.04.06-22.09.38:879][  0]LogPackFactory: Content/StarterContent/Textures/T_Water_M.uasset (1696467) -> D:/Works/Unreal/FFMProject/Content/StarterContent/Textures/T_Water_M.uasset
[2015.04.06-22.09.38:881][  0]LogPackFactory: Content/StarterContent/Textures/T_Water_N.uasset (2087420) -> D:/Works/Unreal/FFMProject/Content/StarterContent/Textures/T_Water_N.uasset
[2015.04.06-22.09.38:884][  0]LogPackFactory: Content/StarterContent/Textures/T_White_Painted_Metal_D.uasset (459) -> D:/Works/Unreal/FFMProject/Content/StarterContent/Textures/T_White_Painted_Metal_D.uasset
[2015.04.06-22.09.39:209][  0]LogPackFactory: Content/StarterContent/Textures/T_White_Painted_Metal_N.uasset (459) -> D:/Works/Unreal/FFMProject/Content/StarterContent/Textures/T_White_Painted_Metal_N.uasset
[2015.04.06-22.09.39:412][  0]LogPackFactory: Content/StarterContent/Textures/T_Wood_a_d.uasset (446) -> D:/Works/Unreal/FFMProject/Content/StarterContent/Textures/T_Wood_a_d.uasset
[2015.04.06-22.09.39:414][  0]LogPackFactory: Content/StarterContent/Textures/T_Wood_A_N.uasset (446) -> D:/Works/Unreal/FFMProject/Content/StarterContent/Textures/T_Wood_A_N.uasset
[2015.04.06-22.09.39:416][  0]LogPackFactory: Content/StarterContent/Textures/T_Wood_A_S.uasset (446) -> D:/Works/Unreal/FFMProject/Content/StarterContent/Textures/T_Wood_A_S.uasset
[2015.04.06-22.09.39:417][  0]LogPackFactory: Content/StarterContent/Textures/T_Wood_Floor_Walnut_D.uasset (4584206) -> D:/Works/Unreal/FFMProject/Content/StarterContent/Textures/T_Wood_Floor_Walnut_D.uasset
[2015.04.06-22.09.39:439][  0]LogPackFactory: Content/StarterContent/Textures/T_Wood_Floor_Walnut_M.uasset (3940729) -> D:/Works/Unreal/FFMProject/Content/StarterContent/Textures/T_Wood_Floor_Walnut_M.uasset
[2015.04.06-22.09.39:444][  0]LogPackFactory: Content/StarterContent/Textures/T_Wood_Floor_Walnut_N.uasset (2858538) -> D:/Works/Unreal/FFMProject/Content/StarterContent/Textures/T_Wood_Floor_Walnut_N.uasset
[2015.04.06-22.09.39:448][  0]LogPackFactory: Content/StarterContent/Textures/T_Wood_Oak_D.uasset (6707252) -> D:/Works/Unreal/FFMProject/Content/StarterContent/Textures/T_Wood_Oak_D.uasset
[2015.04.06-22.09.39:455][  0]LogPackFactory: Content/StarterContent/Textures/T_Wood_Oak_N.uasset (6245295) -> D:/Works/Unreal/FFMProject/Content/StarterContent/Textures/T_Wood_Oak_N.uasset
[2015.04.06-22.09.40:525][  0]LogPackFactory: Content/StarterContent/Textures/T_Wood_Pine_D.uasset (9690724) -> D:/Works/Unreal/FFMProject/Content/StarterContent/Textures/T_Wood_Pine_D.uasset
[2015.04.06-22.09.41:126][  0]LogPackFactory: Content/StarterContent/Textures/T_Wood_Pine_N.uasset (3467174) -> D:/Works/Unreal/FFMProject/Content/StarterContent/Textures/T_Wood_Pine_N.uasset
[2015.04.06-22.09.41:130][  0]LogPackFactory: Content/StarterContent/Textures/T_Wood_Walnut_D.uasset (6509713) -> D:/Works/Unreal/FFMProject/Content/StarterContent/Textures/T_Wood_Walnut_D.uasset
[2015.04.06-22.09.41:136][  0]LogPackFactory: Content/StarterContent/Textures/T_Wood_Walnut_N.uasset (3836013) -> D:/Works/Unreal/FFMProject/Content/StarterContent/Textures/T_Wood_Walnut_N.uasset
[2015.04.06-22.09.41:220][  0]LogPackFactory: Finished extracting 750 files (including 0 errors).
[2015.04.06-22.09.46:971][  0]LogRenderer:Warning: Reallocating scene render targets to support 256x256 (Frame:2).
[2015.04.06-22.09.48:348][  0]Cmd: OBJ SAVEPACKAGE PACKAGE="/Game/StarterContent/Architecture/Floor_400x400" FILE="D:/Works/Unreal/FFMProject/Content/StarterContent/Architecture/Floor_400x400.uasset" SILENT=true
[2015.04.06-22.09.51:408][  0]LogSavePackage: Save=1810.169922ms
[2015.04.06-22.09.51:408][  0]LogSavePackage: Moving 'D:/Works/Unreal/FFMProject/Saved/Floor_400x40023974FC64C5B5CDD069FFE8BD0C83BE3.tmp' to 'D:/Works/Unreal/FFMProject/Content/StarterContent/Architecture/Floor_400x400.uasset'
[2015.04.06-22.09.51:440][  0]LogFeaturePack:Warning: Inserted 1 feature packs
[2015.04.06-22.09.51:444][  0]Cmd: MAP LOAD FILE="D:/Works/Unreal/FFMProject/Content/StarterContent/Maps/Minimal_Default.umap" TEMPLATE=0 SHOWPROGRESS=1 FEATURELEVEL=3
[2015.04.06-22.09.51:445][  0]LightingResults: New page: Lighting Build
[2015.04.06-22.09.51:456][  0]MapCheck: New page: Map Check
[2015.04.06-22.09.51:456][  0]LightingResults: New page: Lighting Build
[2015.04.06-22.09.51:462][  0]LogParticles: Destroying 0 GPU particle simulations for FXSystem 0x0000004D9662DE40
[2015.04.06-22.10.01:731][  0]LogEditorServer: Finished looking for orphan Actors (0.000 secs)
[2015.04.06-22.10.01:745][  0]LogAIModule: Creating AISystem for world Minimal_Default
[2015.04.06-22.10.01:788][  0]Cmd: MAP CHECKDEP
[2015.04.06-22.10.01:789][  0]MapCheck: New page: Minimal_Default - Apr 7, 2015, 2:10:01 AM
[2015.04.06-22.10.01:867][  0]MapCheck: Info Map check complete: 0 Error(s), 0 Warning(s), took 78.101ms to complete.
[2015.04.06-22.10.01:867][  0]LogFileHelpers: Loading map 'Minimal_Default' took 10.423
[2015.04.06-22.10.08:942][  0]LogCollectionManager: Loaded 0 collections in 0.001775 seconds
[2015.04.06-22.10.09:212][  0]LogContentBrowser: Native class hierarchy populated in 0.0102 seconds. Added 1697 classes and 263 folders.
[2015.04.06-22.10.11:261][  0]LogContentBrowser: Native class hierarchy updated for 'SceneOutliner' in 0.0049 seconds. Added 1 classes and 2 folders.
[2015.04.06-22.10.15:612][  0]LogCrashTracker: Crashtracker disabled due to settings.
[2015.04.06-22.10.16:238][  0]LogSlate:Warning: Failed to load font data from 'Veranda'
[2015.04.06-22.10.16:315][  0]LogUObjectGlobals:Warning: Failed to find object 'Class None.'
[2015.04.06-22.10.16:885][  0]LogLoad: Full Startup: 73.97 seconds (BP compile: 0.08 seconds)
[2015.04.06-22.10.21:117][  0]LogRenderer:Warning: Reallocating scene render targets to support 1208x576 (Frame:3).
[2015.04.06-22.10.33:976][ 39]LogAssetRegistry: Asset discovery search completed in 81.6395 seconds
[2015.04.06-22.12.31:892][398]LogEditorViewport: Clicking on Actor (context menu): StaticMeshActor (Floor)
[2015.04.06-22.13.08:327][484]LogEditorViewport: Clicking on Actor (LMB): StaticMeshActor (Table)
[2015.04.06-22.13.09:280][561]LogEditorViewport: Clicking on Actor (CTRL LMB): StaticMeshActor (Chair)
[2015.04.06-22.13.10:043][629]LogEditorViewport: Clicking on Actor (CTRL LMB): StaticMeshActor (Chair)
[2015.04.06-22.13.10:956][732]Cmd: DELETE
[2015.04.06-22.13.10:956][732]Cmd: ACTOR DELETE
[2015.04.06-22.13.12:683][732]LogEditorActor: Deleted Actor: StaticMeshActor
[2015.04.06-22.13.12:799][732]LogEditorActor: Deleted Actor: StaticMeshActor
[2015.04.06-22.13.12:800][732]LogEditorActor: Deleted Actor: StaticMeshActor
[2015.04.06-22.13.12:884][732]LogEditorActor: Deleted 3 Actors (0.273 secs)
[2015.04.06-22.13.15:294][979]LogEditorViewport: Clicking on Actor (LMB): BP_Sky_Sphere_C (BP_Sky_Sphere)
[2015.04.06-22.13.16:854][ 86]LogEditorViewport: Clicking on Actor (LMB): StaticMeshActor (Statue)
[2015.04.06-22.13.19:070][305]Cmd: DELETE
[2015.04.06-22.13.19:070][305]Cmd: ACTOR DELETE
[2015.04.06-22.13.19:071][305]LogEditorActor: Deleted Actor: StaticMeshActor
[2015.04.06-22.13.19:082][305]LogEditorActor: Deleted 1 Actors (0.012 secs)
[2015.04.06-22.13.20:704][492]LogEditorViewport: Clicking on Actor (LMB): StaticMeshActor (Floor)
[2015.04.06-22.13.21:243][530]LogEditorViewport: Clicking on Actor (LMB): StaticMeshActor (Floor)
[2015.04.06-22.13.21:623][555]LogEditorViewport: Clicking on Actor (LMB): StaticMeshActor (Floor)
[2015.04.06-22.13.23:369][727]Cmd: OBJ SAVEPACKAGE PACKAGE="/Game/StarterContent/Maps/Minimal_Default" FILE="D:/Works/Unreal/FFMProject/Content/StarterContent/Maps/Minimal_Default.umap" SILENT=true AUTOSAVING=false KEEPDIRTY=false
[2015.04.06-22.13.25:891][727]LogSavePackage: Save=2506.104980ms
[2015.04.06-22.13.25:891][727]LogSavePackage: Moving 'D:/Works/Unreal/FFMProject/Saved/Minimal_Default8EB0C67E42064CDBF9078CAEF5F7AA6C.tmp' to 'D:/Works/Unreal/FFMProject/Content/StarterContent/Maps/Minimal_Default.umap'
[2015.04.06-22.16.15:682][231]LogEditorViewport: Clicking on Actor (LMB): StaticMeshActor (Floor)
[2015.04.06-22.16.16:669][344]LogEditorViewport: Clicking on Actor (LMB): StaticMeshActor (Floor)
[2015.04.06-22.16.20:657][773]Cmd: OBJ SAVEPACKAGE PACKAGE="/Game/StarterContent/Maps/Minimal_Default" FILE="D:/Works/Unreal/FFMProject/Content/StarterContent/Maps/Minimal_Default.umap" SILENT=true AUTOSAVING=false KEEPDIRTY=false
[2015.04.06-22.16.20:775][773]LogSavePackage: Save=90.992630ms
[2015.04.06-22.16.20:775][773]LogSavePackage: Moving 'D:/Works/Unreal/FFMProject/Saved/Minimal_Default2CA674DB444539D5F49008B5BDE59170.tmp' to 'D:/Works/Unreal/FFMProject/Content/StarterContent/Maps/Minimal_Default.umap'
[2015.04.06-22.16.29:013][434]LogContentBrowser:Verbose: The content browser source was changed by the sources view to '/Classes_Game'
[2015.04.06-22.16.46:971][424]Recompiling FFMProject...
[2015.04.06-22.16.46:971][424]Launching UnrealBuildTool... [C:/Program Files/Epic Games/4.7/Engine/Binaries/DotNET/UnrealBuildTool.exe FFMProject -ModuleWithSuffix FFMProject 5443 Win64 Development -editorrecompile -canskiplink "D:/Works/Unreal/FFMProject/FFMProject.uproject" -rocket  -rocket]
[2015.04.06-22.16.58:755][424]CompilerResultsLog: New page: Compilation - Apr 7, 2015, 2:16:58 AM
[2015.04.06-22.16.58:780][424]CompilerResultsLog: Info Parsing headers for FFMProjectEditor
[2015.04.06-22.16.58:780][424]CompilerResultsLog: Info Reflection code generated for FFMProjectEditor
[2015.04.06-22.16.58:780][424]CompilerResultsLog: Info Performing 3 actions (4 in parallel)
[2015.04.06-22.16.58:780][424]CompilerResultsLog: Info MainScene.cpp
[2015.04.06-22.16.58:780][424]CompilerResultsLog: Info FFMProject.generated.cpp
[2015.04.06-22.16.58:780][424]CompilerResultsLog: Info [3/3] Link UE4Editor-FFMProject-5443.dll
[2015.04.06-22.16.58:780][424]CompilerResultsLog: Info    Creating library D:\Works\Unreal\FFMProject\Intermediate\Build\Win64\FFMProjectEditor\Development\UE4Editor-FFMProject-5443.lib and object D:\Works\Unreal\FFMProject\Intermediate\Build\Win64\FFMProjectEditor\Development\UE4Editor-FFMProject-5443.exp
[2015.04.06-22.16.58:780][424]CompilerResultsLog: Info -------- End Detailed Actions Stats -----------------------------------------------------------
[2015.04.06-22.16.58:780][424]CompilerResultsLog: Info Cumulative action seconds (8 processors): 0.00 building projects, 0.70 compiling, 0.00 creating app bundles, 0.00 generating debug info, 3.29 linking, 0.00 other
[2015.04.06-22.16.58:780][424]CompilerResultsLog: Info UBT execution time: 11.46 seconds
[2015.04.06-22.16.58:780][424]LogMainFrame: MainFrame: Module compiling took 11.872 seconds
[2015.04.06-22.16.58:874][424]LogClass: Could not find existing class MainScene in package /Script/FFMProject for HotReload, assuming new class
[2015.04.06-22.16.58:880][424]LogHotReload: Re-instancing FFMProjectGameMode after hot-reload.
[2015.04.06-22.16.58:916][424]LogContentBrowser: Native class hierarchy updated for 'FFMProject' in 0.0041 seconds. Added 2 classes and 2 folders.
[2015.04.06-22.16.58:917][424]Warning: HotReload successful (0 functions remapped  0 scriptstructs remapped)
[2015.04.06-22.16.58:946][424]LogContentBrowser: Native class hierarchy populated in 0.0093 seconds. Added 1699 classes and 265 folders.
[2015.04.06-22.16.58:947][424]Warning: HotReload operation took 12.0s.
[2015.04.06-22.16.59:394][424]LogVSAccessor:Warning: Couldn't goto line number '0' in 'D:/Works/Unreal/FFMProject/Source/FFMProject/MainScene.h'
[2015.04.06-22.16.59:489][424]LogVSAccessor:Warning: Couldn't goto line number '0' in 'D:/Works/Unreal/FFMProject/Source/FFMProject/MainScene.cpp'
[2015.04.06-22.16.59:566][424]LogHotReload: New module detected: UE4Editor-FFMProject-5443.dll
[2015.04.06-22.16.59:712][425]LogHotReload: Starting Hot-Reload from IDE
[2015.04.06-22.16.59:784][425]LogContentBrowser: Native class hierarchy updated for 'FFMProject' in 0.0035 seconds. Added 2 classes and 2 folders.
[2015.04.06-22.16.59:785][425]Warning: HotReload successful (0 functions remapped  0 scriptstructs remapped)
[2015.04.06-22.16.59:809][425]LogContentBrowser: Native class hierarchy populated in 0.0108 seconds. Added 1699 classes and 265 folders.
[2015.04.06-22.18.06:317][853]LogEditorViewport: Clicking on Actor (LMB): BP_Sky_Sphere_C (BP_Sky_Sphere)
[2015.04.06-22.18.36:247][150]Cmd: OBJ SAVEPACKAGE PACKAGE="/Game/StarterContent/Maps/Minimal_Default" FILE="D:/Works/Unreal/FFMProject/Content/StarterContent/Maps/Minimal_Default.umap" SILENT=true AUTOSAVING=false KEEPDIRTY=false
[2015.04.06-22.18.36:416][150]LogSavePackage: Save=151.611343ms
[2015.04.06-22.18.36:416][150]LogSavePackage: Moving 'D:/Works/Unreal/FFMProject/Saved/Minimal_Default9C9DA4FF4391D554E217288FDB00286B.tmp' to 'D:/Works/Unreal/FFMProject/Content/StarterContent/Maps/Minimal_Default.umap'
[2015.04.06-22.25.06:961][282]Recompiling FFMProject...
[2015.04.06-22.25.06:961][282]Launching UnrealBuildTool... [C:/Program Files/Epic Games/4.7/Engine/Binaries/DotNET/UnrealBuildTool.exe FFMProject -ModuleWithSuffix FFMProject 6958 Win64 Development -editorrecompile -canskiplink "D:/Works/Unreal/FFMProject/FFMProject.uproject" -rocket  -rocket]
[2015.04.06-22.25.24:201][282]CompilerResultsLog: New page: Compilation - Apr 7, 2015, 2:25:24 AM
[2015.04.06-22.25.24:201][282]CompilerResultsLog: Info Parsing headers for FFMProjectEditor
[2015.04.06-22.25.24:201][282]CompilerResultsLog: Info Reflection code generated for FFMProjectEditor
[2015.04.06-22.25.24:201][282]CompilerResultsLog: Info Performing 4 actions (4 in parallel)
[2015.04.06-22.25.24:201][282]CompilerResultsLog: Info ProceduralMeshComponent.cpp
[2015.04.06-22.25.24:201][282]CompilerResultsLog: Info FFMProject.generated.cpp
[2015.04.06-22.25.24:201][282]CompilerResultsLog: Info MainScene.cpp
[2015.04.06-22.25.24:201][282]CompilerResultsLog: Info [4/4] Link UE4Editor-FFMProject-6958.dll
[2015.04.06-22.25.24:201][282]CompilerResultsLog: Info    Creating library D:\Works\Unreal\FFMProject\Intermediate\Build\Win64\FFMProjectEditor\Development\UE4Editor-FFMProject-6958.lib and object D:\Works\Unreal\FFMProject\Intermediate\Build\Win64\FFMProjectEditor\Development\UE4Editor-FFMProject-6958.exp
[2015.04.06-22.25.24:201][282]CompilerResultsLog: Info -------- End Detailed Actions Stats -----------------------------------------------------------
[2015.04.06-22.25.24:202][282]CompilerResultsLog: Info Cumulative action seconds (8 processors): 0.00 building projects, 19.53 compiling, 0.00 creating app bundles, 0.00 generating debug info, 0.84 linking, 0.00 other
[2015.04.06-22.25.24:202][282]CompilerResultsLog: Info UBT execution time: 17.01 seconds
[2015.04.06-22.25.24:202][282]LogMainFrame: MainFrame: Module compiling took 17.249 seconds
[2015.04.06-22.25.25:858][282]LogClass: Could not find existing class ProceduralMeshComponent in pa