Log file open, 04/07/15 01:09:10
LogInit:Display: Running engine for game: FFMProject
LogInit: Version: 4.7.4-2497108+++depot+UE4-Releases+4.7
LogInit: API Version: 2455222
LogInit: Compiled (64-bit): Mar 31 2015 09:40:25
LogInit: Compiled with Visual C++: 18.00.21005.01
LogInit: Build Configuration: DebugGame
LogInit: Branch Name: ++depot+UE4-Releases+4.7
LogInit: Command line:  -debug
LogInit: Base directory: C:/Program Files/Epic Games/4.7/Engine/Binaries/Win64/
LogInit: Rocket: 1
[2015.04.06-23.09.10:623][  0]LogTaskGraph: Started task graph with 3 named threads and 6 total threads.
[2015.04.06-23.09.10:695][  0]LogOnline:Warning: No default platform service specified for OnlineSubsystem
[2015.04.06-23.09.10:739][  0]LogInit: Presizing for 0 objects not considered by GC, pre-allocating 0 bytes.
[2015.04.06-23.09.10:749][  0]LogInit: Object subsystem initialized
[2015.04.06-23.09.10:751][  0]LogConsoleResponse:Warning: Skipping Unknown console variable: 'TranslucentSortAxis = (X=0.000000,Y=-1.000000,Z=0.000000)'
[2015.04.06-23.09.10:751][  0]LogConsoleResponse:Warning:   Found in ini file 'D:/Works/Unreal/FFMProject/Saved/Config/Windows/Engine.ini', in section '[/Script/Engine.RendererSettings]'
[2015.04.06-23.09.10:751][  0]LogConsoleResponse:Warning: Skipping Unknown console variable: 'UIScaleRule = ShortestSide'
[2015.04.06-23.09.10:752][  0]LogConsoleResponse:Warning:   Found in ini file 'D:/Works/Unreal/FFMProject/Saved/Config/Windows/Engine.ini', in section '[/Script/Engine.RendererSettings]'
[2015.04.06-23.09.10:752][  0]LogConsoleResponse:Warning: Skipping Unknown console variable: 'UIScaleCurve = (EditorCurveData=(Keys=),ExternalCurve=None)'
[2015.04.06-23.09.10:752][  0]LogConsoleResponse:Warning:   Found in ini file 'D:/Works/Unreal/FFMProject/Saved/Config/Windows/Engine.ini', in section '[/Script/Engine.RendererSettings]'
[2015.04.06-23.09.10:753][  0]LogInit: Selected Device Profile: [Windows]
[2015.04.06-23.09.10:753][  0]LogInit: Applying CVar settings loaded from the selected device profile: [Windows]
[2015.04.06-23.09.10:758][  0]LogInit: Computer: SGSOFT-PC
[2015.04.06-23.09.10:759][  0]LogInit: User: SGSoft
[2015.04.06-23.09.10:759][  0]LogInit: CPU Page size=4096, Cores=4
[2015.04.06-23.09.10:759][  0]LogInit: High frequency timer resolution =3.330093 MHz
[2015.04.06-23.09.10:760][  0]LogMemory: Memory total: Physical=8.0GB (8GB approx) Virtual=131072.0GB
[2015.04.06-23.09.10:760][  0]LogMemory: Platform Memory Stats for Windows
[2015.04.06-23.09.10:760][  0]LogMemory: Process Physical Memory: 45.79 MB used, 45.79 MB peak
[2015.04.06-23.09.10:760][  0]LogMemory: Process Virtual Memory: 26.65 MB used, 26.65 MB peak
[2015.04.06-23.09.10:761][  0]LogMemory: Physical Memory: 3980.55 MB used, 8144.52 MB total
[2015.04.06-23.09.10:761][  0]LogMemory: Virtual Memory: 288.21 MB used, 134217728.00 MB total
[2015.04.06-23.09.10:805][  0]LogD3D11RHI: Found D3D11 adapter 0: NVIDIA GeForce GTX 760 (Feature Level 11_0)
[2015.04.06-23.09.10:805][  0]LogD3D11RHI: Adapter has 1985MB of dedicated video memory, 0MB of dedicated system memory, and 2048MB of shared system memory, 2 output[s]
[2015.04.06-23.09.10:809][  0]LogD3D11RHI: Found D3D11 adapter 1: Microsoft Basic Render Driver (Feature Level 11_0)
[2015.04.06-23.09.10:809][  0]LogD3D11RHI: Adapter has 0MB of dedicated video memory, 0MB of dedicated system memory, and 256MB of shared system memory, 0 output[s]
[2015.04.06-23.09.10:809][  0]LogD3D11RHI: Chosen D3D11 Adapter Id = 0
[2015.04.06-23.09.10:812][  0]LogRHI: Texture pool is 1361 MB (70% of 1945 MB)
[2015.04.06-23.09.10:847][  0]LogD3D11RHI: Async texture creation enabled
[2015.04.06-23.09.10:916][  0]LogTextLocalizationManager: The requested culture ('en_US') has no localization data; parent culture's ('en') localization data will be used.
[2015.04.06-23.09.10:968][  0]LogTextLocalizationManager:Warning: Loading localization resources contain conflicting entries for (Namespace:UICommands, Key:Save_ToolTip):
Resource: (C:/Program Files/Epic Games/4.7/Engine/Content/Localization/Editor/en/Editor.locres) Hash: (-29098895) String: (Saves the current level to disk)
Resource: (C:/Program Files/Epic Games/4.7/Engine/Content/Localization/Engine/en/Engine.locres) Hash: (-1280300587) String: (Save selected data to vlog file)
[2015.04.06-23.09.10:969][  0]LogTextLocalizationManager:Warning: Loading localization resources contain conflicting entries for (Namespace:ContentBrowser, Key:ImportAssetToolTip):
Resource: (C:/Program Files/Epic Games/4.7/Engine/Content/Localization/Editor/en/Editor.locres) Hash: (-630476809) String: (Import to {0}...)
Resource: (C:/Program Files/Epic Games/4.7/Engine/Content/Localization/Editor/en/Editor.locres) Hash: (1271782899) String: (Imports an asset from file to this folder.)
[2015.04.06-23.09.11:036][  0]LogContentStreaming: Texture pool size is 0.000000MB
[2015.04.06-23.09.13:164][  0]LogTargetPlatformManager:Display: Building Assets For Windows
[2015.04.06-23.09.13:749][  0]LogTargetPlatformManager:Display: Building Assets For Windows
[2015.04.06-23.09.13:815][  0]LogDerivedDataCache:Display: Max Cache Size: 512 MB
[2015.04.06-23.09.13:846][  0]LogDerivedDataCache: Loaded boot cache 0.03s 39MB C:/Users/SGSoft/AppData/Local/UnrealEngine/4.7/DerivedDataCache/Boot.ddc.
[2015.04.06-23.09.13:847][  0]LogDerivedDataCache:Display: Loaded Boot cache: C:/Users/SGSoft/AppData/Local/UnrealEngine/4.7/DerivedDataCache/Boot.ddc
[2015.04.06-23.09.13:847][  0]LogDerivedDataCache: FDerivedDataBackendGraph:  Pak pak cache file D:/Works/Unreal/FFMProject/DerivedDataCache/DDC.ddp not found, will not use a pak cache.
[2015.04.06-23.09.13:848][  0]LogDerivedDataCache: Unable to find inner node Pak for hierarchical cache Hierarchy.
[2015.04.06-23.09.13:951][  0]LogDerivedDataCache:Display: Pak cache opened for reading ../../../Engine/DerivedDataCache/Compressed.ddp.
[2015.04.06-23.09.13:965][  0]LogDerivedDataCache: Using Local data cache path C:/Users/SGSoft/AppData/Local/UnrealEngine/Common/DerivedDataCache: Writable
[2015.04.06-23.09.14:228][  0]LogMeshUtilities: No automatic mesh reduction module available
[2015.04.06-23.09.14:229][  0]LogMeshUtilities: No automatic mesh merging module available
[2015.04.06-23.09.14:579][  0]LogInit: WinSock: version 1.1 (2.2), MaxSocks=32767, MaxUdp=65467
[2015.04.06-23.09.14:680][  0]LogSlate:Warning: Failed to load font data from '../../../Engine/Content/Slate/Fonts/Roboto-Italic.ttf'
[2015.04.06-23.09.15:601][  0]UdpMessaging: Initializing bridge on interface 0.0.0.0:0 to multicast group 230.0.0.1:6666.
[2015.04.06-23.09.15:773][  0]LogLinker:Warning: Can't find file '/Game/Materials/BaseColor'
[2015.04.06-23.09.15:775][  0]LogLinker:Warning: Can't find file '/Game/Materials/BaseColor'
[2015.04.06-23.09.15:775][  0]LogUObjectGlobals:Warning: Failed to find object 'MaterialInterface /Game/Materials/BaseColor.BaseColor'
[2015.04.06-23.09.15:776][  0]Error: CDO Constructor (BoxPrimitiveModel): Failed to find Material'/Game/Materials/BaseColor.BaseColor'

[2015.04.06-23.09.15:776][  0]LogUObjectBase:Warning: -------------- Default Property warnings and errors:
[2015.04.06-23.09.15:777][  0]LogUObjectBase:Warning: Error: CDO Constructor (BoxPrimitiveModel): Failed to find Material'/Game/Materials/BaseColor.BaseColor'

[2015.04.06-23.09.17:452][  0]SourceControl: Info Source control is disabled
[2015.04.06-23.09.17:453][  0]SourceControl: Info Source control is disabled
[2015.04.06-23.09.17:453][  0]SourceControl: Info Source control is disabled
[2015.04.06-23.09.17:453][  0]LogSourceControl: RunCommandInternalRaw: 'git version'
[2015.04.06-23.09.17:454][  0]LogSourceControl: RunCommandInternalRaw: ExecProcess ReturnCode=2 OutResults=''
[2015.04.06-23.09.17:465][  0]SourceControl: Info Source control is disabled
[2015.04.06-23.09.17:789][  0]LogObj: 24264 objects as part of root set at end of initial load.
[2015.04.06-23.09.17:789][  0]LogUObjectAllocator: 5149160 out of 0 bytes used by permanent object pool.
[2015.04.06-23.09.17:886][  0]LogEngine: Initializing Engine...
[2015.04.06-23.09.20:097][  0]LogInit: XAudio2 using 'Lautsprecher (Realtek High Definition Audio)' : 2 channels at 48 kHz using 32 bits per sample (channel mask 0x3)
[2015.04.06-23.09.20:120][  0]LogInit: FAudioDevice initialized.
[2015.04.06-23.09.20:242][  0]LogAIModule: Creating AISystem for world NewWorld
[2015.04.06-23.09.20:263][  0]LogDerivedDataCache: Saved boot cache 0.02s 39MB C:/Users/SGSoft/AppData/Local/UnrealEngine/4.7/DerivedDataCache/Boot.ddc.
[2015.04.06-23.09.20:267][  0]LogInit: Texture streaming: Enabled
[2015.04.06-23.09.20:432][  0]LogAnalytics: Creating configured Analytics provider AnalyticsET
[2015.04.06-23.09.20:432][  0]LogAnalytics: ET APIKey = Rocket.Release. APIServer = http://et2.epicgames.com/ET2/. AppVersion = 4.7.4-2497108+++depot+UE4-Releases+4.7
[2015.04.06-23.09.20:433][  0]LogAnalytics: ET APIKey = Rocket.Release. DataRouterUploadURL = https://datarouter-public-service-gamedev.ol.epicgames.net/datarouter/api/v1/public/data. AppVersion = 4.7.4-2497108+++depot+UE4-Releases+4.7
[2015.04.06-23.09.20:434][  0]LogAnalytics: SetUserId a4f2ed4f47d76c443fcab9a99498089f|ab70b434162440e89bbb6a7cf7531383|e4d26380-4fa6-4617-996d-595afa92f20d
[2015.04.06-23.09.20:434][  0]LogAnalytics: AnalyticsET::StartSession [Rocket.Release]
[2015.04.06-23.09.20:459][  0]LogInit: Transaction tracking system initialized
[2015.04.06-23.09.20:762][  0]BlueprintLog: New page: Editor Load
[2015.04.06-23.09.20:817][  0]LogAssetRegistry: FAssetRegistry took 0.0114 seconds to start up
[2015.04.06-23.09.20:818][  0]LogDirectoryWatcher:Warning: Failed to begin reading directory changes for ../../../Engine/Plugins/Experimental/CharacterAI/Content/. Error: 0
[2015.04.06-23.09.21:653][  0]LogTargetPlatformManager:Display: Building Assets For Windows
[2015.04.06-23.09.22:050][  0]LogTargetPlatformManager:Display: Building Assets For Windows
[2015.04.06-23.09.22:608][  0]LogSlate:Warning: Failed to load font data from '../../../Engine/Content/Editor/Slate/Fonts/Roboto-Regular.ttf'
[2015.04.06-23.09.22:609][  0]LogSlate:Warning: Failed to load font data from '../../../Engine/Content/Editor/Slate/Fonts/Roboto-Bold.ttf'
[2015.04.06-23.09.22:613][  0]LogConsoleResponse:Display: 
[2015.04.06-23.09.22:753][  0]LogCook:Display: Done creating registry. It took  0.00s.
[2015.04.06-23.09.22:999][  0]SourceControl: Info Source control is disabled
[2015.04.06-23.09.23:000][  0]Cmd: MAP LOAD FILE="D:/Works/Unreal/FFMProject/Content/StarterContent/Maps/Minimal_Default.umap" TEMPLATE=0 SHOWPROGRESS=1 FEATURELEVEL=3
[2015.04.06-23.09.23:000][  0]LightingResults: New page: Lighting Build
[2015.04.06-23.09.23:013][  0]MapCheck: New page: Map Check
[2015.04.06-23.09.23:013][  0]LightingResults: New page: Lighting Build
[2015.04.06-23.09.23:020][  0]LogParticles: Destroying 0 GPU particle simulations for FXSystem 0x0000005493DA0EA0
[2015.04.06-23.09.23:618][  0]LogEditorServer: Finished looking for orphan Actors (0.000 secs)
[2015.04.06-23.09.23:628][  0]LogAIModule: Creating AISystem for world Minimal_Default
[2015.04.06-23.09.23:629][  0]Cmd: MAP CHECKDEP
[2015.04.06-23.09.23:630][  0]MapCheck: New page: Minimal_Default - Apr 7, 2015, 3:09:23 AM
[2015.04.06-23.09.23:697][  0]MapCheck: Info Map check complete: 0 Error(s), 0 Warning(s), took 66.973ms to complete.
[2015.04.06-23.09.23:697][  0]LogFileHelpers: Loading map 'Minimal_Default' took 0.698
[2015.04.06-23.09.23:866][  0]LogCollectionManager: Loaded 0 collections in 0.002515 seconds
[2015.04.06-23.09.23:884][  0]LogContentBrowser: Native class hierarchy populated in 0.0173 seconds. Added 1700 classes and 263 folders.
[2015.04.06-23.09.23:959][  0]LogContentBrowser: Native class hierarchy updated for 'SceneOutliner' in 0.0059 seconds. Added 1 classes and 2 folders.
[2015.04.06-23.09.24:036][  0]LogCrashTracker: Crashtracker disabled due to settings.
[2015.04.06-23.09.24:037][  0]LogSlate:Warning: Failed to load font data from 'Veranda'
[2015.04.06-23.09.24:043][  0]LogUObjectGlobals:Warning: Failed to find object 'Class None.'
[2015.04.06-23.09.24:076][  0]LogLoad: Full Startup: 15.39 seconds (BP compile: 0.07 seconds)
[2015.04.06-23.09.24:632][  0]LogRenderer:Warning: Reallocating scene render targets to support 1208x576 (Frame:2).
[2015.04.06-23.09.26:202][  5]LogAssetRegistry: Asset discovery search completed in 5.3969 seconds
[2015.04.06-23.09.55:932][ 94]LogEditorViewport: Clicking on Actor (context menu): StaticMeshActor (Floor)
[2015.04.06-23.09.57:934][254]LogPlayLevel: PIE:  No blueprints needed recompiling
[2015.04.06-23.09.57:934][254]PIE: New page: PIE session: Minimal_Default (Apr 7, 2015, 3:09:57 AM)
[2015.04.06-23.09.57:938][254]LogPlayLevel: PIE: StaticDuplicateObject took: (0.003048s)
[2015.04.06-23.09.57:939][254]LogPlayLevel: PIE: World Init took: (0.000515s)
[2015.04.06-23.09.57:939][254]LogPlayLevel: PIE: Created PIE world by copying editor world from /Game/StarterContent/Maps/Minimal_Default.Minimal_Default to /Game/StarterContent/Maps/UEDPIE_0_Minimal_Default.Minimal_Default (0.004462s)
[2015.04.06-23.09.57:995][254]LogWorld: Game class is 'FFMProjectGameMode'
[2015.04.06-23.09.58:000][254]LogAIModule: Creating AISystem for world Minimal_Default
[2015.04.06-23.09.58:006][254]LogWorld: Bringing World /Game/StarterContent/Maps/UEDPIE_0_Minimal_Default.Minimal_Default up for play (max tick rate 0) at 2015.04.07-01.09.58
[2015.04.06-23.09.58:008][254]LogWorld: Bringing up level for play took: 0.006303
[2015.04.06-23.09.58:011][254]PIE: Info Play in editor start time for /Game/StarterContent/Maps/UEDPIE_0_Minimal_Default -0.894
[2015.04.06-23.10.01:738][684]LogParticles: Destroying 0 GPU particle simulations for FXSystem 0x000000549F8A6A20
[2015.04.06-23.10.12:413][926]LogPlayLevel: PIE:  No blueprints needed recompiling
[2015.04.06-23.10.12:413][926]PIE: New page: PIE session: Minimal_Default (Apr 7, 2015, 3:10:12 AM)
[2015.04.06-23.10.12:418][926]LogPlayLevel: PIE: StaticDuplicateObject took: (0.002978s)
[2015.04.06-23.10.12:418][926]LogPlayLevel: PIE: World Init took: (0.000530s)
[2015.04.06-23.10.12:418][926]LogPlayLevel: PIE: Created PIE world by copying editor world from /Game/StarterContent/Maps/Minimal_Default.Minimal_Default to /Game/StarterContent/Maps/UEDPIE_0_Minimal_Default.Minimal_Default (0.004436s)
[2015.04.06-23.10.12:453][926]LogWorld: Game class is 'FFMProjectGameMode'
[2015.04.06-23.10.12:455][926]LogAIModule: Creating AISystem for world Minimal_Default
[2015.04.06-23.10.12:458][926]LogWorld: Bringing World /Game/StarterContent/Maps/UEDPIE_0_Minimal_Default.Minimal_Default up for play (max tick rate 0) at 2015.04.07-01.10.12
[2015.04.06-23.10.12:458][926]LogWorld: Bringing up level for play took: 0.002690
[2015.04.06-23.10.12:460][926]PIE: Info Play in editor start time for /Game/StarterContent/Maps/UEDPIE_0_Minimal_Default -0.446
[2015.04.06-23.10.53:849][640]LogParticles: Destroying 0 GPU particle simulations for FXSystem 0x0000005491542520
[2015.04.06-23.10.58:452][ 80]LogEditorViewport: Clicking on Actor (LMB): BP_Sky_Sphere_C (BP_Sky_Sphere)
[2015.04.06-23.11.00:700][341]Cmd: SELECT NONE
[2015.04.06-23.11.01:117][389]Cmd: SELECT NONE
[2015.04.06-23.11.01:570][443]LogEditorViewport: Clicking on Actor (LMB): StaticMeshActor (Floor)
[2015.04.06-23.11.13:119][706]LogEditorViewport: Clicking on Actor (LMB): BP_Sky_Sphere_C (BP_Sky_Sphere)
[2015.04.06-23.11.14:637][882]LogEditorViewport: Clicking on Actor (LMB): StaticMeshActor (Floor)
[2015.04.06-23.11.15:060][920]LogEditorViewport: Clicking on Actor (LMB): BP_Sky_Sphere_C (BP_Sky_Sphere)
[2015.04.06-23.11.15:575][975]LogEditorViewport: Clicking on Actor (LMB): BP_Sky_Sphere_C (BP_Sky_Sphere)
[2015.04.06-23.11.16:083][ 26]LogEditorViewport: Clicking on Actor (LMB): MainScene (MainScene4)
[2015.04.06-23.11.28:471][473]LogEditorViewport: Clicking on Actor (context menu): BP_Sky_Sphere_C (BP_Sky_Sphere)
[2015.04.06-23.11.29:556][590]LogEditorViewport: Clicking on Actor (LMB): AmbientSound (Starter_Background_Cue)
[2015.04.06-23.11.35:527][265]LogEditorViewport: Clicking on Actor (LMB): StaticMeshActor (Floor)
[2015.04.06-23.11.36:235][340]LogEditorViewport: Clicking on Actor (LMB): MainScene (MainScene4)
[2015.04.06-23.11.58:583][925]Cmd: OBJ SAVEPACKAGE PACKAGE="/Game/StarterContent/Maps/Minimal_Default" FILE="D:/Works/Unreal/FFMProject/Content/StarterContent/Maps/Minimal_Default.umap" SILENT=true AUTOSAVING=false KEEPDIRTY=false
[2015.04.06-23.11.58:669][925]LogSavePackage: Save=72.310890ms
[2015.04.06-23.11.58:669][925]LogSavePackage: Moving 'D:/Works/Unreal/FFMProject/Saved/Minimal_Default551E675D4465C5728B305293ACD58820.tmp' to 'D:/Works/Unreal/FFMProject/Content/StarterContent/Maps/Minimal_Default.umap'
[2015.04.06-23.11.58:681][925]LogFileHelpers: Saving map 'Minimal_Default' took 0.179
[2015.04.06-23.12.00:018][ 84]LogPlayLevel: PIE:  No blueprints needed recompiling
[2015.04.06-23.12.00:018][ 84]PIE: New page: PIE session: Minimal_Default (Apr 7, 2015, 3:12:00 AM)
[2015.04.06-23.12.00:022][ 84]LogPlayLevel: PIE: StaticDuplicateObject took: (0.002887s)
[2015.04.06-23.12.00:023][ 84]LogPlayLevel: PIE: World Init took: (0.000615s)
[2015.04.06-23.12.00:023][ 84]LogPlayLevel: PIE: Created PIE world by copying editor world from /Game/StarterContent/Maps/Minimal_Default.Minimal_Default to /Game/StarterContent/Maps/UEDPIE_0_Minimal_Default.Minimal_Default (0.004351s)
[2015.04.06-23.12.00:057][ 84]LogWorld: Game class is 'FFMProjectGameMode'
[2015.04.06-23.12.00:059][ 84]LogAIModule: Creating AISystem for world Minimal_Default
[2015.04.06-23.12.00:062][ 84]LogWorld: Bringing World /Game/StarterContent/Maps/UEDPIE_0_Minimal_Default.Minimal_Default up for play (max tick rate 0) at 2015.04.07-01.12.00
[2015.04.06-23.12.00:063][ 84]LogWorld: Bringing up level for play took: 0.002968
[2015.04.06-23.12.00:065][ 84]PIE: Info Play in editor start time for /Game/StarterContent/Maps/UEDPIE_0_Minimal_Default -0.84
[2015.04.06-23.12.09:128][562]LogParticles: Destroying 0 GPU particle simulations for FXSystem 0x00000054915C87C0
[2015.04.06-23.22.08:125][932]LogFileHelpers: Editor autosave (incl. sublevels) for '/Game/StarterContent/Maps/Minimal_Default' took 0.008
[2015.04.06-23.39.52:294][466]Recompiling FFMProject...
[2015.04.06-23.39.52:294][466]Launching UnrealBuildTool... [C:/Program Files/Epic Games/4.7/Engine/Binaries/DotNET/UnrealBuildTool.exe FFMProject -ModuleWithSuffix FFMProject 3671 Win64 DebugGame -editorrecompile -canskiplink "D:/Works/Unreal/FFMProject/FFMProject.uproject" -rocket  -rocket]
[2015.04.06-23.39.52:296][466]Warning: Starting HotReload took  0.0s.
[2015.04.06-23.40.11:546][114]CompilerResultsLog: New page: Compilation - Apr 7, 2015, 3:40:11 AM
[2015.04.06-23.40.11:547][114]CompilerResultsLog: Info Performing 2 actions (4 in parallel)
[2015.04.06-23.40.11:548][114]CompilerResultsLog: Info MainScene.cpp
[2015.04.06-23.40.11:549][114]CompilerResultsLog: Info [2/2] Link UE4Editor-FFMProject-3671-Win64-DebugGame.dll
[2015.04.06-23.40.11:549][114]CompilerResultsLog: Info    Creating library D:\Works\Unreal\FFMProject\Intermediate\Build\Win64\FFMProjectEditor\DebugGame\UE4Editor-FFMProject-3671-Win64-DebugGame.lib and object D:\Works\Unreal\FFMProject\Intermediate\Build\Win64\FFMProjectEditor\DebugGame\UE4Editor-FFMProject-3671-Win64-DebugGame.exp
[2015.04.06-23.40.11:550][114]CompilerResultsLog: Info -------- End Detailed Actions Stats -----------------------------------------------------------
[2015.04.06-23.40.11:551][114]CompilerResultsLog: Info Cumulative action seconds (8 processors): 0.00 building projects, 13.42 compiling, 0.00 creating app bundles, 0.00 generating debug info, 1.56 linking, 0.00 other
[2015.04.06-23.40.11:552][114]CompilerResultsLog: Info UBT execution time: 18.45 seconds
[2015.04.06-23.40.11:552][114]LogMainFrame: MainFrame: Module compiling took 19.273 seconds
[2015.04.06-23.40.11:984][114]LogLinker:Warning: Can't find file '/Game/Materials/BaseColor'
[2015.04.06-23.40.11:985][114]LogLinker:Warning: Can't find file '/Game/Materials/BaseColor'
[2015.04.06-23.40.11:986][114]LogUObjectGlobals:Warning: Failed to find object 'MaterialInterface /Game/Materials/BaseColor.BaseColor'
[2015.04.06-23.40.11:986][114]Error: CDO Constructor (BoxPrimitiveModel): Failed to find Material'/Game/Materials/BaseColor.BaseColor'

[2015.04.06-23.40.11:988][114]LogClass: ProceduralMeshVertex HotReload.
[2015.04.06-23.40.11:988][114]LogClass: ProceduralMeshTriangle HotReload.
[2015.04.06-23.40.11:995][114]LogContentBrowser: Native class hierarchy updated for 'FFMProject' in 0.0048 seconds. Added 4 classes and 2 folders.
[2015.04.06-23.40.11:995][114]Warning: Some classes could not be reloaded:
Error: CDO Constructor (BoxPrimitiveModel): Failed to find Material'/Game/Materials/BaseColor.BaseColor'


[2015.04.06-23.40.11:996][114]Warning: HotReload successful (3 functions remapped  2 scriptstructs remapped)
[2015.04.06-23.40.12:013][114]LogContentBrowser: Native class hierarchy populated in 0.0102 seconds. Added 1701 classes and 265 folders.
[2015.04.06-23.40.14:468][394]LogPlayLevel: PIE:  No blueprints needed recompiling
[2015.04.06-23.40.14:468][394]PIE: New page: PIE session: Minimal_Default (Apr 7, 2015, 3:40:14 AM)
[2015.04.06-23.40.14:473][394]LogPlayLevel: PIE: StaticDuplicateObject took: (0.003904s)
[2015.04.06-23.40.14:474][394]LogPlayLevel: PIE: World Init took: (0.000670s)
[2015.04.06-23.40.14:474][394]LogPlayLevel: PIE: Created PIE world by copying editor world from /Game/StarterContent/Maps/Minimal_Default.Minimal_Default to /Game/StarterContent/Maps/UEDPIE_0_Minimal_Default.Minimal_Default (0.005542s)
[2015.04.06-23.40.14:511][394]LogWorld: Game class is 'FFMProjectGameMode'
[2015.04.06-23.40.14:513][394]LogAIModule: Creating AISystem for world Minimal_Default
[2015.04.06-23.40.14:516][394]LogWorld: Bringing World /Game/StarterContent/Maps/UEDPIE_0_Minimal_Default.Minimal_Default up for play (max tick rate 0) at 2015.04.07-01.40.14
[2015.04.06-23.40.14:516][394]LogWorld: Bringing up level for play took: 0.002737
[2015.04.06-23.40.14:518][394]PIE: Info Play in editor start time for /Game/StarterContent/Maps/UEDPIE_0_Minimal_Default -0.388
[2015.04.06-23.40.36:968][257]LogParticles: Destroying 0 GPU particle simulations for FXSystem 0x000000549ED70F40
[2015.04.06-23.40.39:701][515]LogPlayLevel: PIE:  No blueprints needed recompiling
[2015.04.06-23.40.39:701][515]PIE: New page: PIE session: Minimal_Default (Apr 7, 2015, 3:40:39 AM)
[2015.04.06-23.40.39:705][515]LogPlayLevel: PIE: StaticDuplicateObject took: (0.003580s)
[2015.04.06-23.40.39:707][515]LogPlayLevel: PIE: World Init took: (0.000813s)
[2015.04.06-23.40.39:707][515]LogPlayLevel: PIE: Created PIE world by copying editor world from /Game/StarterContent/Maps/Minimal_Default.Minimal_Default to /Game/StarterContent/Maps/UEDPIE_0_Minimal_Default.Minimal_Default (0.005385s)
[2015.04.06-23.40.39:747][515]LogWorld: Game class is 'FFMProjectGameMode'
[2015.04.06-23.40.39:750][515]LogAIModule: Creating AISystem for world Minimal_Default
[2015.04.06-23.40.39:752][515]LogWorld: Bringing World /Game/StarterContent/Maps/UEDPIE_0_Minimal_Default.Minimal_Default up for play (max tick rate 0) at 2015.04.07-01.40.39
[2015.04.06-23.40.39:753][515]LogWorld: Bringing up level for play took: 0.002811
[2015.04.06-23.40.39:755][515]PIE: Info Play in editor start time for /Game/StarterContent/Maps/UEDPIE_0_Minimal_Default 0.849
[2015.04.06-23.40.49:337][255]LogParticles: Destroying 0 GPU particle simulations for FXSystem 0x000000548FF225C0
[2015.04.06-23.41.10:155][901]Recompiling FFMProject...
[2015.04.06-23.41.10:155][901]Launching UnrealBuildTool... [C:/Program Files/Epic Games/4.7/Engine/Binaries/DotNET/UnrealBuildTool.exe FFMProject -ModuleWithSuffix FFMProject 3677 Win64 DebugGame -editorrecompile -canskiplink "D:/Works/Unreal/FFMProject/FFMProject.uproject" -rocket  -rocket]
[2015.04.06-23.41.10:157][901]Warning: Starting HotReload took  0.0s.
[2015.04.06-23.41.19:237][642]CompilerResultsLog: New page: Compilation - Apr 7, 2015, 3:41:19 AM
[2015.04.06-23.41.19:238][642]CompilerResultsLog: Info Performing 2 actions (4 in parallel)
[2015.04.06-23.41.19:239][642]CompilerResultsLog: Info MainScene.cpp
[2015.04.06-23.41.19:240][642]CompilerResultsLog: Info [2/2] Link UE4Editor-FFMProject-3677-Win64-DebugGame.dll
[2015.04.06-23.41.19:240][642]CompilerResultsLog: Info    Creating library D:\Works\Unreal\FFMProject\Intermediate\Build\Win64\FFMProjectEditor\DebugGame\UE4Editor-FFMProject-3677-Win64-DebugGame.lib and object D:\Works\Unreal\FFMProject\Intermediate\Build\Win64\FFMProjectEditor\DebugGame\UE4Editor-FFMProject-3677-Win64-DebugGame.exp
[2015.04.06-23.41.19:241][642]CompilerResultsLog: Info -------- End Detailed Actions Stats -----------------------------------------------------------
[2015.04.06-23.41.19:241][642]CompilerResultsLog: Info Cumulative action seconds (8 processors): 0.00 building projects, 4.87 compiling, 0.00 creating app bundles, 0.00 generating debug info, 0.55 linking, 0.00 other
[2015.04.06-23.41.19:242][642]CompilerResultsLog: Info UBT execution time: 8.69 seconds
[2015.04.06-23.41.19:243][642]LogMainFrame: MainFrame: Module compiling took 9.098 seconds
[2015.04.06-23.41.19:419][642]LogLinker:Warning: Can't find file '/Game/Materials/BaseColor'
[2015.04.06-23.41.19:420][642]LogLinker:Warning: Can't find file '/Game/Materials/BaseColor'
[2015.04.06-23.41.19:420][642]LogUObjectGlobals:Warning: Failed to find object 'MaterialInterface /Game/Materials/BaseColor.BaseColor'
[2015.04.06-23.41.19:421][642]Error: CDO Constructor (BoxPrimitiveModel): Failed to find Material'/Game/Materials/BaseColor.BaseColor'

[2015.04.06-23.41.19:423][642]LogClass: ProceduralMeshVertex HotReload.
[2015.04.06-23.41.19:423][642]LogClass: ProceduralMeshTriangle HotReload.
[2015.04.06-23.41.19:424][642]LogHotReload: Re-instancing MainScene after hot-reload.
[2015.04.06-23.41.19:484][642]LogContentBrowser: Native class hierarchy updated for 'FFMProject' in 0.0035 seconds. Added 4 classes and 2 folders.
[2015.04.06-23.41.19:484][642]Warning: Some classes could not be reloaded:
Error: CDO Constructor (BoxPrimitiveModel): Failed to find Material'/Game/Materials/BaseColor.BaseColor'


[2015.04.06-23.41.19:486][642]Warning: HotReload successful (3 functions remapped  2 scriptstructs remapped)
[2015.04.06-23.41.19:501][642]LogContentBrowser: Native class hierarchy populated in 0.0100 seconds. Added 1701 classes and 265 folders.
[2015.04.06-23.41.23:597][849]LogPlayLevel: PIE:  No blueprints needed recompiling
[2015.04.06-23.41.23:597][849]PIE: New page: PIE session: Minimal_Default (Apr 7, 2015, 3:41:23 AM)
[2015.04.06-23.41.23:601][849]LogPlayLevel: PIE: StaticDuplicateObject took: (0.003501s)
[2015.04.06-23.41.23:603][849]LogPlayLevel: PIE: World Init took: (0.000773s)
[2015.04.06-23.41.23:603][849]LogPlayLevel: PIE: Created PIE world by copying editor world from /Game/StarterContent/Maps/Minimal_Default.Minimal_Default to /Game/StarterContent/Maps/UEDPIE_0_Minimal_Default.Minimal_Default (0.005259s)
[2015.04.06-23.41.23:643][849]LogWorld: Game class is 'FFMProjectGameMode'
[2015.04.06-23.41.23:645][849]LogAIModule: Creating AISystem for world Minimal_Default
[2015.04.06-23.41.23:647][849]LogWorld: Bringing World /Game/StarterContent/Maps/UEDPIE_0_Minimal_Default.Minimal_Default up for play (max tick rate 0) at 2015.04.07-01.41.23
[2015.04.06-23.41.23:648][849]LogWorld: Bringing up level for play took: 0.002579
[2015.04.06-23.41.25:685][849]PIE: Info Play in editor start time for /Game/StarterContent/Maps/UEDPIE_0_Minimal_Default 2.78
[2015.04.06-23.41.33:983][494]LogParticles: Destroying 0 GPU particle simulations for FXSystem 0x000000548D2449A0
[2015.04.06-23.42.07:964][896]Recompiling FFMProject...
[2015.04.06-23.42.07:965][896]Launching UnrealBuildTool... [C:/Program Files/Epic Games/4.7/Engine/Binaries/DotNET/UnrealBuildTool.exe FFMProject -ModuleWithSuffix FFMProject 1430 Win64 DebugGame -editorrecompile -canskiplink "D:/Works/Unreal/FFMProject/FFMProject.uproject" -rocket  -rocket]
[2015.04.06-23.42.07:966][896]Warning: Starting HotReload took  0.0s.
[2015.04.06-23.42.14:547][649]CompilerResultsLog: New page: Compilation - Apr 7, 2015, 3:42:14 AM
[2015.04.06-23.42.14:548][649]CompilerResultsLog: Info Performing 2 actions (4 in parallel)
[2015.04.06-23.42.14:548][649]CompilerResultsLog: Info MainScene.cpp
[2015.04.06-23.42.14:548][649]CompilerResultsLog: Info [2/2] Link UE4Editor-FFMProject-1430-Win64-DebugGame.dll
[2015.04.06-23.42.14:548][649]CompilerResultsLog: Info    Creating library D:\Works\Unreal\FFMProject\Intermediate\Build\Win64\FFMProjectEditor\DebugGame\UE4Editor-FFMProject-1430-Win64-DebugGame.lib and object D:\Works\Unreal\FFMProject\Intermediate\Build\Win64\FFMProjectEditor\DebugGame\UE4Editor-FFMProject-1430-Win64-DebugGame.exp
[2015.04.06-23.42.14:549][649]CompilerResultsLog: Info -------- End Detailed Actions Stats -----------------------------------------------------------
[2015.04.06-23.42.14:549][649]CompilerResultsLog: Info Cumulative action seconds (8 processors): 0.00 building projects, 2.52 compiling, 0.00 creating app bundles, 0.00 generating debug info, 0.59 linking, 0.00 other
[2015.04.06-23.42.14:549][649]CompilerResultsLog: Info UBT execution time: 6.45 seconds
[2015.04.06-23.42.14:549][649]LogMainFrame: MainFrame: Module compiling took 6.596 seconds
[2015.04.06-23.42.14:728][649]LogLinker:Warning: Can't find file '/Game/Materials/BaseColor'
[2015.04.06-23.42.14:729][649]LogLinker:Warning: Can't find file '/Game/Materials/BaseColor'
[2015.04.06-23.42.14:729][649]LogUObjectGlobals:Warning: Failed to find object 'MaterialInterface /Game/Materials/BaseColor.BaseColor'
[2015.04.06-23.42.14:730][649]Error: CDO Constructor (BoxPrimitiveModel): Failed to find Material'/Game/Materials/BaseColor.BaseColor'

[2015.04.06-23.42.14:731][649]LogClass: ProceduralMeshVertex HotReload.
[2015.04.06-23.42.14:731][649]LogClass: ProceduralMeshTriangle HotReload.
[2015.04.06-23.42.14:732][649]LogHotReload: Re-instancing MainScene after hot-reload.
[2015.04.06-23.42.14:761][649]LogContentBrowser: Native class hierarchy updated for 'FFMProject' in 0.0035 seconds. Added 4 classes and 2 folders.
[2015.04.06-23.42.14:762][649]Warning: Some classes could not be reloaded:
Error: CDO Constructor (BoxPrimitiveModel): Failed to find Material'/Game/Materials/BaseColor.BaseColor'


[2015.04.06-23.42.14:763][649]Warning: HotReload successful (3 functions remapped  2 scriptstructs remapped)
[2015.04.06-23.42.14:778][649]LogContentBrowser: Native class hierarchy populated in 0.0100 seconds. Added 1701 classes and 265 folders.
[2015.04.06-23.42.17:568][970]LogPlayLevel: PIE:  No blueprints needed recompiling
[2015.04.06-23.42.17:569][970]PIE: New page: PIE session: Minimal_Default (Apr 7, 2015, 3:42:17 AM)
[2015.04.06-23.42.17:573][970]LogPlayLevel: PIE: StaticDuplicateObject took: (0.003025s)
[2015.04.06-23.42.17:574][970]LogPlayLevel: PIE: World Init took: (0.000553s)
[2015.04.06-23.42.17:574][970]LogPlayLevel: PIE: Created PIE world by copying editor world from /Game/StarterContent/Maps/Minimal_Default.Minimal_Default to /Game/StarterContent/Maps/UEDPIE_0_Minimal_Default.Minimal_Default (0.004688s)
[2015.04.06-23.42.17:610][970]LogWorld: Game class is 'FFMProjectGameMode'
[2015.04.06-23.42.17:613][970]LogAIModule: Creating AISystem for world Minimal_Default
[2015.04.06-23.42.17:615][970]LogWorld: Bringing World /Game/StarterContent/Maps/UEDPIE_0_Minimal_Default.Minimal_Default up for play (max tick rate 0) at 2015.04.07-01.42.17
[2015.04.06-23.42.17:616][970]LogWorld: Bringing up level for play took: 0.002824
[2015.04.06-23.42.19:837][970]PIE: Info Play in editor start time for /Game/StarterContent/Maps/UEDPIE_0_Minimal_Default 2.932
[2015.04.06-23.42.26:027][392]LogParticles: Destroying 0 GPU particle simulations for FXSystem 0x000000549CD654E0
[2015.04.06-23.42.56:829][905]LogPlayLevel: PIE:  No blueprints needed recompiling
[2015.04.06-23.42.56:830][905]PIE: New page: PIE session: Minimal_Default (Apr 7, 2015, 3:42:56 AM)
[2015.04.06-23.42.56:834][905]LogPlayLevel: PIE: StaticDuplicateObject took: (0.003433s)
[2015.04.06-23.42.56:836][905]LogPlayLevel: PIE: World Init took: (0.000877s)
[2015.04.06-23.42.56:836][905]LogPlayLevel: PIE: Created PIE world by copying editor world from /Game/StarterContent/Maps/Minimal_Default.Minimal_Default to /Game/StarterContent/Maps/UEDPIE_0_Minimal_Default.Minimal_Default (0.005351s)
[2015.04.06-23.42.56:876][905]LogWorld: Game class is 'FFMProjectGameMode'
[2015.04.06-23.42.56:879][905]LogAIModule: Creating AISystem for world Minimal_Default
[2015.04.06-23.42.56:881][905]LogWorld: Bringing World /Game/StarterContent/Maps/UEDPIE_0_Minimal_Default.Minimal_Default up for play (max tick rate 0) at 2015.04.07-01.42.56
[2015.04.06-23.42.56:882][905]LogWorld: Bringing up level for play took: 0.002597
[2015.04.06-23.42.56:883][905]PIE: Info Play in editor start time for /Game/StarterContent/Maps/UEDPIE_0_Minimal_Default -0.022
[2015.04.06-23.42.59:472][205]LogParticles: Destroying 0 GPU particle simulations for FXSystem 0x000000549CD64680
[2015.04.06-23.43.03:226][640]LogEditorActor: Deleted Actor: MainScene
[2015.04.06-23.43.03:235][640]LogEditorActor: Deleted 1 Actors (0.009 secs)
[2015.04.06-23.43.04:696][813]LogPlayLevel: PIE:  No blueprints needed recompiling
[2015.04.06-23.43.04:696][813]PIE: New page: PIE session: Minimal_Default (Apr 7, 2015, 3:43:04 AM)
[2015.04.06-23.43.04:700][813]LogPlayLevel: PIE: StaticDuplicateObject took: (0.003214s)
[2015.04.06-23.43.04:702][813]LogPlayLevel: PIE: World Init took: (0.000899s)
[2015.04.06-23.43.04:702][813]LogPlayLevel: PIE: Created PIE world by copying editor world from /Game/StarterContent/Maps/Minimal_Default.Minimal_Default to /Game/StarterContent/Maps/UEDPIE_0_Minimal_Default.Minimal_Default (0.005306s)
[2015.04.06-23.43.04:742][813]LogWorld: Game class is 'FFMProjectGameMode'
[2015.04.06-23.43.04:745][813]LogAIModule: Creating AISystem for world Minimal_Default
[2015.04.06-23.43.04:747][813]LogWorld: Bringing World /Game/StarterContent/Maps/UEDPIE_0_Minimal_Default.Minimal_Default up for play (max tick rate 0) at 2015.04.07-01.43.04
[2015.04.06-23.43.04:748][813]LogWorld: Bringing up level for play took: 0.002774
[2015.04.06-23.43.04:751][813]PIE: Info Play in editor start time for /Game/StarterContent/Maps/UEDPIE_0_Minimal_Default -0.155
[2015.04.06-23.43.07:716][120]LogParticles: Destroying 0 GPU particle simulations for FXSystem 0x000000548D2CD580
[2015.04.06-23.43.10:142][409]LogContentBrowser:Verbose: The content browser source was changed by the sources view to '/Classes_Game/FFMProject'
[2015.04.06-23.43.12:167][646]LogEditor: Attempting to add actor of class 'MainScene' to level at 110.00,90.00,30.00
[2015.04.06-23.43.12:539][689]LogEditor: Attempting to add actor of class 'MainScene' to level at 40.00,100.00,30.00
[2015.04.06-23.43.31:647][872]LogPlayLevel: PIE:  No blueprints needed recompiling
[2015.04.06-23.43.31:648][872]PIE: New page: PIE session: Minimal_Default (Apr 7, 2015, 3:43:31 AM)
[2015.04.06-23.43.31:651][872]LogPlayLevel: PIE: StaticDuplicateObject took: (0.003341s)
[2015.04.06-23.43.31:653][872]LogPlayLevel: PIE: World Init took: (0.000952s)
[2015.04.06-23.43.31:653][872]LogPlayLevel: PIE: Created PIE world by copying editor world from /Game/StarterContent/Maps/Minimal_Default.Minimal_Default to /Game/StarterContent/Maps/UEDPIE_0_Minimal_Default.Minimal_Default (0.005166s)
[2015.04.06-23.43.31:688][872]LogWorld: Game class is 'FFMProjectGameMode'
[2015.04.06-23.43.31:691][872]LogAIModule: Creating AISystem for world Minimal_Default
[2015.04.06-23.43.31:693][872]LogWorld: Bringing World /Game/StarterContent/Maps/UEDPIE_0_Minimal_Default.Minimal_Default up for play (max tick rate 0) at 2015.04.07-01.43.31
[2015.04.06-23.43.31:694][872]LogWorld: Bringing up level for play took: 0.002964
[2015.04.06-23.43.31:696][872]PIE: Info Play in editor start time for /Game/StarterContent/Maps/UEDPIE_0_Minimal_Default 0.791
[2015.04.06-23.43.40:671][821]LogParticles: Destroying 0 GPU particle simulations for FXSystem 0x00000054A07A05E0
[2015.04.06-23.43.54:111][191]LogPlayLevel: PIE:  No blueprints needed recompiling
[2015.04.06-23.43.54:112][191]PIE: New page: PIE session: Minimal_Default (Apr 7, 2015, 3:43:54 AM)
[2015.04.06-23.43.54:116][191]LogPlayLevel: PIE: StaticDuplicateObject took: (0.003481s)
[2015.04.06-23.43.54:117][191]LogPlayLevel: PIE: World Init took: (0.000840s)
[2015.04.06-23.43.54:118][191]LogPlayLevel: PIE: Created PIE world by copying editor world from /Game/StarterContent/Maps/Minimal_Default.Minimal_Default to /Game/StarterContent/Maps/UEDPIE_0_Minimal_Default.Minimal_Default (0.005355s)
[2015.04.06-23.43.54:153][191]LogWorld: Game class is 'FFMProjectGameMode'
[2015.04.06-23.43.54:155][191]LogAIModule: Creating AISystem for world Minimal_Default
[2015.04.06-23.43.54:158][191]LogWorld: Bringing World /Game/StarterContent/Maps/UEDPIE_0_Minimal_Default.Minimal_Default up for play (max tick rate 0) at 2015.04.07-01.43.54
[2015.04.06-23.43.54:159][191]LogWorld: Bringing up level for play took: 0.003081
[2015.04.06-23.43.54:161][191]PIE: Info Play in editor start time for /Game/StarterContent/Maps/UEDPIE_0_Minimal_Default -0.744
[2015.04.06-23.44.00:482][936]LogParticles: Destroying 0 GPU particle simulations for FXSystem 0x00000054956E11C0
[2015.04.06-23.44.01:358][ 29]LogEditorViewport: Clicking on Actor (LMB): MainScene (MainScene3)
[2015.04.06-23.44.10:435][ 75]Cmd: OBJ SAVEPACKAGE PACKAGE="/Game/StarterContent/Maps/Minimal_Default" FILE="D:/Works/Unreal/FFMProject/Content/StarterContent/Maps/Minimal_Default.umap" SILENT=true AUTOSAVING=false KEEPDIRTY=false
[2015.04.06-23.44.10:659][ 75]LogSavePackage: Save=92.823235ms
[2015.04.06-23.44.10:660][ 75]LogSavePackage: Moving 'D:/Works/Unreal/FFMProject/Saved/Minimal_Default89AFCEC746433743FB8DD699CE6A0821.tmp' to 'D:/Works/Unreal/FFMProject/Content/StarterContent/Maps/Minimal_Default.umap'
[2015.04.06-23.44.15:376][231]LogPlayLevel: PIE:  No blueprints needed recompiling
[2015.04.06-23.44.15:377][231]PIE: New page: PIE session: Minimal_Default (Apr 7, 2015, 3:44:15 AM)
[2015.04.06-23.44.17:772][231]LogPlayLevel: PIE: StaticDuplicateObject took: (2.394509s)
[2015.04.06-23.44.17:775][231]LogPlayLevel: PIE: World Init took: (0.001917s)
[2015.04.06-23.44.17:776][231]LogPlayLevel: PIE: Created PIE world by copying editor world from /Game/StarterContent/Maps/Minimal_Default.Minimal_Default to /Game/StarterContent/Maps/UEDPIE_0_Minimal_Default.Minimal_Default (2.398109s)
[2015.04.06-23.44.17:832][231]LogWorld: Game class is 'FFMProjectGameMode'
[2015.04.06-23.44.17:836][231]LogAIModule: Creating AISystem for world Minimal_Default
[2015.04.06-23.44.17:842][231]LogWorld: Bringing World /Game/StarterContent/Maps/UEDPIE_0_Minimal_Default.Minimal_Default up for play (max tick rate 3) at 2015.04.07-01.44.17
[2015.04.06-23.44.17:845][231]LogWorld: Bringing up level for play took: 0.006863
[2015.04.06-23.44.17:849][231]PIE: Info Play in editor start time for /Game/StarterContent/Maps/UEDPIE_0_Minimal_Default 2.944
[2015.04.06-23.44.23:408][770]LogParticles: Destroying 0 GPU particle simulations for FXSystem 0x0000005498096A20
[2015.04.06-23.44.28:962][919]Recompiling FFMProject...
[2015.04.06-23.44.28:964][919]Launching UnrealBuildTool... [C:/Program Files/Epic Games/4.7/Engine/Binaries/DotNET/UnrealBuildTool.exe FFMProject -ModuleWithSuffix FFMProject 5537 Win64 DebugGame -editorrecompile -canskiplink "D:/Works/Unreal/FFMProject/FFMProject.uproject" -rocket  -rocket]
[2015.04.06-23.44.28:965][919]Warning: Starting HotReload took  0.0s.
[2015.04.06-23.44.33:397][407]CompilerResultsLog: New page: Compilation - Apr 7, 2015, 3:44:33 AM
[2015.04.06-23.44.33:398][407]CompilerResultsLog: Info Performing 2 actions (4 in parallel)
[2015.04.06-23.44.33:398][407]CompilerResultsLog: Info MainScene.cpp
[2015.04.06-23.44.33:399][407]CompilerResultsLog: Info [2/2] Link UE4Editor-FFMProject-5537-Win64-DebugGame.dll
[2015.04.06-23.44.33:399][407]CompilerResultsLog: Info    Creating library D:\Works\Unreal\FFMProject\Intermediate\Build\Win64\FFMProjectEditor\DebugGame\UE4Editor-FFMProject-5537-Win64-DebugGame.lib and object D:\Works\Unreal\FFMProject\Intermediate\Build\Win64\FFMProjectEditor\DebugGame\UE4Editor-FFMProject-5537-Win64-DebugGame.exp
[2015.04.06-23.44.33:399][407]CompilerResultsLog: Info -------- End Detailed Actions Stats -----------------------------------------------------------
[2015.04.06-23.44.33:400][407]CompilerResultsLog: Info Cumulative action seconds (8 processors): 0.00 building projects, 0.32 compiling, 0.00 creating app bundles, 0.00 generating debug info, 0.58 linking, 0.00 other
[2015.04.06-23.44.33:400][407]CompilerResultsLog: Info UBT execution time: 4.30 seconds
[2015.04.06-23.44.33:400][407]LogMainFrame: MainFrame: Module compiling took 4.448 seconds
[2015.04.06-23.44.33:541][407]LogLinker:Warning: Can't find file '/Game/Materials/BaseColor'
[2015.04.06-23.44.33:542][407]LogLinker:Warning: Can't find file '/Game/Materials/BaseColor'
[2015.04.06-23.44.33:542][407]LogUObjectGlobals:Warning: Failed to find object 'MaterialInterface /Game/Materials/BaseColor.BaseColor'
[2015.04.06-23.44.33:542][407]Error: CDO Constructor (BoxPrimitiveModel): Failed to find Material'/Game/Materials/BaseColor.BaseColor'

[2015.04.06-23.44.35:510][407]LogClass: ProceduralMeshVertex HotReload.
[2015.04.06-23.44.35:511][407]LogClass: ProceduralMeshTriangle HotReload.
[2015.04.06-23.44.36:172][407]LogHotReload: Re-instancing MainScene after hot-reload.
[2015.04.06-23.44.36:762][407]LogContentBrowser: Native class hierarchy updated for 'FFMProject' in 0.0034 seconds. Added 4 classes and 2 folders.
[2015.04.06-23.44.36:763][407]Warning: Some classes could not be reloaded:
Error: CDO Constructor (BoxPrimitiveModel): Failed to find Material'/Game/Materials/BaseColor.BaseColor'


[2015.04.06-23.44.36:764][407]Warning: HotReload successful (3 functions remapped  2 scriptstructs remapped)
[2015.04.06-23.44.36:780][407]LogContentBrowser: Native class hierarchy populated in 0.0098 seconds. Added 1701 classes and 265 folders.
[2015.04.06-23.44.39:197][564]LogPlayLevel: PIE:  No blueprints needed recompiling
[2015.04.06-23.44.39:197][564]PIE: New page: PIE session: Minimal_Default (Apr 7, 2015, 3:44:39 AM)
[2015.04.06-23.44.40:313][564]LogPlayLevel: PIE: StaticDuplicateObject took: (1.115465s)
[2015.04.06-23.44.40:315][564]LogPlayLevel: PIE: World Init took: (0.000997s)
[2015.04.06-23.44.40:315][564]LogPlayLevel: PIE: Created PIE world by copying editor world from /Game/StarterContent/Maps/Minimal_Default.Minimal_Default to /Game/StarterContent/Maps/UEDPIE_0_Minimal_Default.Minimal_Default (1.118142s)
[2015.04.06-23.44.40:366][564]LogWorld: Game class is 'FFMProjectGameMode'
[2015.04.06-23.44.40:370][564]LogAIModule: Creating AISystem for world Minimal_Default
[2015.04.06-23.44.40:376][564]LogWorld: Bringing World /Game/StarterContent/Maps/UEDPIE_0_Minimal_Default.Minimal_Default up for play (max tick rate 3) at 2015.04.07-01.44.40
[2015.04.06-23.44.40:378][564]LogWorld: Bringing up level for play took: 0.006778
[2015.04.06-23.44.40:382][564]PIE: Info Play in editor start time for /Game/StarterContent/Maps/UEDPIE_0_Minimal_Default 1.477
[2015.04.06-23.44.44:177][892]LogParticles: Destroying 0 GPU particle simulations for FXSystem 0x000000549CD680E0
[2015.04.06-23.44.46:236][104]LogEditorViewport: Clicking on Actor (LMB): MainScene (MainScene3)
[2015.04.06-23.45.03:532][100]LogPlayLevel: PIE:  No blueprints needed recompiling
[2015.04.06-23.45.03:533][100]PIE: New page: PIE session: Minimal_Default (Apr 7, 2015, 3:45:03 AM)
[2015.04.06-23.45.05:453][100]LogPlayLevel: PIE: StaticDuplicateObject took: (1.920237s)
[2015.04.06-23.45.05:455][100]LogPlayLevel: PIE: World Init took: (0.000792s)
[2015.04.06-23.45.05:455][100]LogPlayLevel: PIE: Created PIE world by copying editor world from /Game/StarterContent/Maps/Minimal_Default.Minimal_Default to /Game/StarterContent/Maps/UEDPIE_0_Minimal_Default.Minimal_Default (1.922117s)
[2015.04.06-23.45.05:503][100]LogWorld: Game class is 'FFMProjectGameMode'
[2015.04.06-23.45.05:507][100]LogAIModule: Creating AISystem for world Minimal_Default
[2015.04.06-23.45.05:513][100]LogWorld: Bringing World /Game/StarterContent/Maps/UEDPIE_0_Minimal_Default.Minimal_Default up for play (max tick rate 3) at 2015.04.07-01.45.05
[2015.04.06-23.45.05:515][100]LogWorld: Bringing up level for play took: 0.006063
[2015.04.06-23.45.06:529][100]PIE: Info Play in editor start time for /Game/StarterContent/Maps/UEDPIE_0_Minimal_Default 3.624
[2015.04.06-23.45.10:697][324]LogParticles: Destroying 0 GPU particle simulations for FXSystem 0x000000549CD68180
[2015.04.06-23.45.14:752][779]LogPlayLevel: PIE:  No blueprints needed recompiling
[2015.04.06-23.45.14:752][779]PIE: New page: PIE session: Minimal_Default (Apr 7, 2015, 3:45:14 AM)
[2015.04.06-23.45.14:757][779]LogPlayLevel: PIE: StaticDuplicateObject took: (0.003653s)
[2015.04.06-23.45.14:758][779]LogPlayLevel: PIE: World Init took: (0.000816s)
[2015.04.06-23.45.14:759][779]LogPlayLevel: PIE: Created PIE world by copying editor world from /Game/StarterContent/Maps/Minimal_Default.Minimal_Default to /Game/StarterContent/Maps/UEDPIE_0_Minimal_Default.Minimal_Default (0.005723s)
[2015.04.06-23.45.14:797][779]LogWorld: Game class is 'FFMProjectGameMode'
[2015.04.06-23.45.14:799][779]LogAIModule: Creating AISystem for world Minimal_Default
[2015.04.06-23.45.14:802][779]LogWorld: Bringing World /Game/StarterContent/Maps/UEDPIE_0_Minimal_Default.Minimal_Default up for play (max tick rate 0) at 2015.04.07-01.45.14
[2015.04.06-23.45.14:803][779]LogWorld: Bringing up level for play took: 0.002695
[2015.04.06-23.45.14:804][779]PIE: Info Play in editor start time for /Game/StarterContent/Maps/UEDPIE_0_Minimal_Default -0.101
[2015.04.06-23.45.18:927][116]LogParticles: Destroying 0 GPU particle simulations for FXSystem 0x000000549CD68CC0
[2015.04.06-23.45.23:432][620]LogPlayLevel: PIE:  No blueprints needed recompiling
[2015.04.06-23.45.23:432][620]PIE: New page: PIE session: Minimal_Default (Apr 7, 2015, 3:45:23 AM)
[2015.04.06-23.45.23:436][620]LogPlayLevel: PIE: StaticDuplicateObject took: (0.003356s)
[2015.04.06-23.45.23:437][620]LogPlayLevel: PIE: World Init took: (0.000594s)
[2015.04.06-23.45.23:438][620]LogPlayLevel: PIE: Created PIE world by copying editor world from /Game/StarterContent/Maps/Minimal_Default.Minimal_Default to /Game/StarterContent/Maps/UEDPIE_0_Minimal_Default.Minimal_Default (0.004870s)
[2015.04.06-23.45.23:480][620]LogWorld: Game class is 'FFMProjectGameMode'
[2015.04.06-23.45.23:482][620]LogAIModule: Creating AISystem for world Minimal_Default
[2015.04.06-23.45.23:485][620]LogWorld: Bringing World /Game/StarterContent/Maps/UEDPIE_0_Minimal_Default.Minimal_Default up for play (max tick rate 0) at 2015.04.07-01.45.23
[2015.04.06-23.45.23:486][620]LogWorld: Bringing up level for play took: 0.003330
[2015.04.06-23.45.23:488][620]PIE: Info Play in editor start time for /Game/StarterContent/Maps/UEDPIE_0_Minimal_Default 0.584
[2015.04.06-23.45.26:274][945]LogParticles: Destroying 0 GPU particle simulations for FXSystem 0x0000005498097F60
[2015.04.06-23.48.04:602][561]LogPlayLevel: PIE:  No blueprints needed recompiling
[2015.04.06-23.48.04:603][561]PIE: New page: PIE session: Minimal_Default (Apr 7, 2015, 3:48:04 AM)
[2015.04.06-23.48.04:607][561]LogPlayLevel: PIE: StaticDuplicateObject took: (0.003236s)
[2015.04.06-23.48.04:608][561]LogPlayLevel: PIE: World Init took: (0.000638s)
[2015.04.06-23.48.04:608][561]LogPlayLevel: PIE: Created PIE world by copying editor world from /Game/StarterContent/Maps/Minimal_Default.Minimal_Default to /Game/StarterContent/Maps/UEDPIE_0_Minimal_Default.Minimal_Default (0.004848s)
[2015.04.06-23.48.04:647][561]LogWorld: Game class is 'FFMProjectGameMode'
[2015.04.06-23.48.04:649][561]LogAIModule: Creating AISystem for world Minimal_Default
[2015.04.06-23.48.04:652][561]LogWorld: Bringing World /Game/StarterContent/Maps/UEDPIE_0_Minimal_Default.Minimal_Default up for play (max tick rate 0) at 2015.04.07-01.48.04
[2015.04.06-23.48.04:653][561]LogWorld: Bringing up level for play took: 0.002925
[2015.04.06-23.48.04:655][561]PIE: Info Play in editor start time for /Game/StarterContent/Maps/UEDPIE_0_Minimal_Default -0.251
[2015.04.06-23.48.07:971][949]LogParticles: Destroying 0 GPU particle simulations for FXSystem 0x000000549D535580
[2015.04.06-23.48.09:441][108]LogEditorViewport: Clicking on Actor (context menu): BP_Sky_Sphere_C (BP_Sky_Sphere)
[2015.04.06-23.48.