Log file open, 04/07/15 00:56:40
LogInit:Display: Running engine for game: FFMProject
LogInit: Version: 4.7.4-2497108+++depot+UE4-Releases+4.7
LogInit: API Version: 2455222
LogInit: Compiled (64-bit): Mar 31 2015 09:40:25
LogInit: Compiled with Visual C++: 18.00.21005.01
LogInit: Build Configuration: DebugGame
LogInit: Branch Name: ++depot+UE4-Releases+4.7
LogInit: Command line:  -debug
LogInit: Base directory: C:/Program Files/Epic Games/4.7/Engine/Binaries/Win64/
LogInit: Rocket: 1
[2015.04.06-22.56.40:178][  0]LogTaskGraph: Started task graph with 3 named threads and 6 total threads.
[2015.04.06-22.56.40:238][  0]LogOnline:Warning: No default platform service specified for OnlineSubsystem
[2015.04.06-22.56.40:296][  0]LogInit: Presizing for 0 objects not considered by GC, pre-allocating 0 bytes.
[2015.04.06-22.56.40:310][  0]LogInit: Object subsystem initialized
[2015.04.06-22.56.40:312][  0]LogConsoleResponse:Warning: Skipping Unknown console variable: 'TranslucentSortAxis = (X=0.000000,Y=-1.000000,Z=0.000000)'
[2015.04.06-22.56.40:313][  0]LogConsoleResponse:Warning:   Found in ini file 'D:/Works/Unreal/FFMProject/Saved/Config/Windows/Engine.ini', in section '[/Script/Engine.RendererSettings]'
[2015.04.06-22.56.40:313][  0]LogConsoleResponse:Warning: Skipping Unknown console variable: 'UIScaleRule = ShortestSide'
[2015.04.06-22.56.40:314][  0]LogConsoleResponse:Warning:   Found in ini file 'D:/Works/Unreal/FFMProject/Saved/Config/Windows/Engine.ini', in section '[/Script/Engine.RendererSettings]'
[2015.04.06-22.56.40:314][  0]LogConsoleResponse:Warning: Skipping Unknown console variable: 'UIScaleCurve = (EditorCurveData=(Keys=),ExternalCurve=None)'
[2015.04.06-22.56.40:314][  0]LogConsoleResponse:Warning:   Found in ini file 'D:/Works/Unreal/FFMProject/Saved/Config/Windows/Engine.ini', in section '[/Script/Engine.RendererSettings]'
[2015.04.06-22.56.40:315][  0]LogInit: Selected Device Profile: [Windows]
[2015.04.06-22.56.40:315][  0]LogInit: Applying CVar settings loaded from the selected device profile: [Windows]
[2015.04.06-22.56.40:321][  0]LogInit: Computer: SGSOFT-PC
[2015.04.06-22.56.40:321][  0]LogInit: User: SGSoft
[2015.04.06-22.56.40:322][  0]LogInit: CPU Page size=4096, Cores=4
[2015.04.06-22.56.40:322][  0]LogInit: High frequency timer resolution =3.330093 MHz
[2015.04.06-22.56.40:322][  0]LogMemory: Memory total: Physical=8.0GB (8GB approx) Virtual=131072.0GB
[2015.04.06-22.56.40:322][  0]LogMemory: Platform Memory Stats for Windows
[2015.04.06-22.56.40:323][  0]LogMemory: Process Physical Memory: 45.74 MB used, 45.74 MB peak
[2015.04.06-22.56.40:323][  0]LogMemory: Process Virtual Memory: 22.65 MB used, 22.65 MB peak
[2015.04.06-22.56.40:323][  0]LogMemory: Physical Memory: 4085.49 MB used, 8144.52 MB total
[2015.04.06-22.56.40:323][  0]LogMemory: Virtual Memory: 284.21 MB used, 134217728.00 MB total
[2015.04.06-22.56.40:368][  0]LogD3D11RHI: Found D3D11 adapter 0: NVIDIA GeForce GTX 760 (Feature Level 11_0)
[2015.04.06-22.56.40:369][  0]LogD3D11RHI: Adapter has 1985MB of dedicated video memory, 0MB of dedicated system memory, and 2048MB of shared system memory, 2 output[s]
[2015.04.06-22.56.40:371][  0]LogD3D11RHI: Found D3D11 adapter 1: Microsoft Basic Render Driver (Feature Level 11_0)
[2015.04.06-22.56.40:371][  0]LogD3D11RHI: Adapter has 0MB of dedicated video memory, 0MB of dedicated system memory, and 256MB of shared system memory, 0 output[s]
[2015.04.06-22.56.40:372][  0]LogD3D11RHI: Chosen D3D11 Adapter Id = 0
[2015.04.06-22.56.40:398][  0]LogRHI: Texture pool is 1361 MB (70% of 1945 MB)
[2015.04.06-22.56.40:434][  0]LogD3D11RHI: Async texture creation enabled
[2015.04.06-22.56.40:505][  0]LogTextLocalizationManager: The requested culture ('en_US') has no localization data; parent culture's ('en') localization data will be used.
[2015.04.06-22.56.40:557][  0]LogTextLocalizationManager:Warning: Loading localization resources contain conflicting entries for (Namespace:UICommands, Key:Save_ToolTip):
Resource: (C:/Program Files/Epic Games/4.7/Engine/Content/Localization/Editor/en/Editor.locres) Hash: (-29098895) String: (Saves the current level to disk)
Resource: (C:/Program Files/Epic Games/4.7/Engine/Content/Localization/Engine/en/Engine.locres) Hash: (-1280300587) String: (Save selected data to vlog file)
[2015.04.06-22.56.40:558][  0]LogTextLocalizationManager:Warning: Loading localization resources contain conflicting entries for (Namespace:ContentBrowser, Key:ImportAssetToolTip):
Resource: (C:/Program Files/Epic Games/4.7/Engine/Content/Localization/Editor/en/Editor.locres) Hash: (-630476809) String: (Import to {0}...)
Resource: (C:/Program Files/Epic Games/4.7/Engine/Content/Localization/Editor/en/Editor.locres) Hash: (1271782899) String: (Imports an asset from file to this folder.)
[2015.04.06-22.56.40:626][  0]LogContentStreaming: Texture pool size is 0.000000MB
[2015.04.06-22.56.42:764][  0]LogTargetPlatformManager:Display: Building Assets For Windows
[2015.04.06-22.56.43:383][  0]LogTargetPlatformManager:Display: Building Assets For Windows
[2015.04.06-22.56.43:450][  0]LogDerivedDataCache:Display: Max Cache Size: 512 MB
[2015.04.06-22.56.43:483][  0]LogDerivedDataCache: Loaded boot cache 0.03s 39MB C:/Users/SGSoft/AppData/Local/UnrealEngine/4.7/DerivedDataCache/Boot.ddc.
[2015.04.06-22.56.43:483][  0]LogDerivedDataCache:Display: Loaded Boot cache: C:/Users/SGSoft/AppData/Local/UnrealEngine/4.7/DerivedDataCache/Boot.ddc
[2015.04.06-22.56.43:484][  0]LogDerivedDataCache: FDerivedDataBackendGraph:  Pak pak cache file D:/Works/Unreal/FFMProject/DerivedDataCache/DDC.ddp not found, will not use a pak cache.
[2015.04.06-22.56.43:484][  0]LogDerivedDataCache: Unable to find inner node Pak for hierarchical cache Hierarchy.
[2015.04.06-22.56.43:588][  0]LogDerivedDataCache:Display: Pak cache opened for reading ../../../Engine/DerivedDataCache/Compressed.ddp.
[2015.04.06-22.56.43:601][  0]LogDerivedDataCache: Using Local data cache path C:/Users/SGSoft/AppData/Local/UnrealEngine/Common/DerivedDataCache: Writable
[2015.04.06-22.56.43:877][  0]LogMeshUtilities: No automatic mesh reduction module available
[2015.04.06-22.56.43:878][  0]LogMeshUtilities: No automatic mesh merging module available
[2015.04.06-22.56.44:259][  0]LogInit: WinSock: version 1.1 (2.2), MaxSocks=32767, MaxUdp=65467
[2015.04.06-22.56.44:359][  0]LogSlate:Warning: Failed to load font data from '../../../Engine/Content/Slate/Fonts/Roboto-Italic.ttf'
[2015.04.06-22.56.45:323][  0]UdpMessaging: Initializing bridge on interface 0.0.0.0:0 to multicast group 230.0.0.1:6666.
[2015.04.06-22.56.45:477][  0]LogLinker:Warning: Can't find file '/Game/Materials/BaseColor'
[2015.04.06-22.56.45:479][  0]LogLinker:Warning: Can't find file '/Game/Materials/BaseColor'
[2015.04.06-22.56.45:480][  0]LogUObjectGlobals:Warning: Failed to find object 'MaterialInterface /Game/Materials/BaseColor.BaseColor'
[2015.04.06-22.56.45:481][  0]Error: CDO Constructor (BoxPrimitiveModel): Failed to find Material'/Game/Materials/BaseColor.BaseColor'

[2015.04.06-22.56.45:481][  0]LogUObjectBase:Warning: -------------- Default Property warnings and errors:
[2015.04.06-22.56.45:482][  0]LogUObjectBase:Warning: Error: CDO Constructor (BoxPrimitiveModel): Failed to find Material'/Game/Materials/BaseColor.BaseColor'

[2015.04.06-22.56.47:326][  0]SourceControl: Info Source control is disabled
[2015.04.06-22.56.47:326][  0]SourceControl: Info Source control is disabled
[2015.04.06-22.56.47:326][  0]SourceControl: Info Source control is disabled
[2015.04.06-22.56.47:327][  0]LogSourceControl: RunCommandInternalRaw: 'git version'
[2015.04.06-22.56.47:327][  0]LogSourceControl: RunCommandInternalRaw: ExecProcess ReturnCode=2 OutResults=''
[2015.04.06-22.56.47:338][  0]SourceControl: Info Source control is disabled
[2015.04.06-22.56.47:672][  0]LogObj: 24263 objects as part of root set at end of initial load.
[2015.04.06-22.56.47:672][  0]LogUObjectAllocator: 5147880 out of 0 bytes used by permanent object pool.
[2015.04.06-22.56.47:804][  0]LogEngine: Initializing Engine...
[2015.04.06-22.56.50:031][  0]LogInit: XAudio2 using 'Lautsprecher (Realtek High Definition Audio)' : 2 channels at 48 kHz using 32 bits per sample (channel mask 0x3)
[2015.04.06-22.56.50:055][  0]LogInit: FAudioDevice initialized.
[2015.04.06-22.56.50:171][  0]LogAIModule: Creating AISystem for world NewWorld
[2015.04.06-22.56.50:191][  0]LogDerivedDataCache: Saved boot cache 0.02s 39MB C:/Users/SGSoft/AppData/Local/UnrealEngine/4.7/DerivedDataCache/Boot.ddc.
[2015.04.06-22.56.50:195][  0]LogInit: Texture streaming: Enabled
[2015.04.06-22.56.50:362][  0]LogAnalytics: Creating configured Analytics provider AnalyticsET
[2015.04.06-22.56.50:362][  0]LogAnalytics: ET APIKey = Rocket.Release. APIServer = http://et2.epicgames.com/ET2/. AppVersion = 4.7.4-2497108+++depot+UE4-Releases+4.7
[2015.04.06-22.56.50:363][  0]LogAnalytics: ET APIKey = Rocket.Release. DataRouterUploadURL = https://datarouter-public-service-gamedev.ol.epicgames.net/datarouter/api/v1/public/data. AppVersion = 4.7.4-2497108+++depot+UE4-Releases+4.7
[2015.04.06-22.56.50:363][  0]LogAnalytics: SetUserId a4f2ed4f47d76c443fcab9a99498089f|ab70b434162440e89bbb6a7cf7531383|e4d26380-4fa6-4617-996d-595afa92f20d
[2015.04.06-22.56.50:364][  0]LogAnalytics: AnalyticsET::StartSession [Rocket.Release]
[2015.04.06-22.56.50:390][  0]LogInit: Transaction tracking system initialized
[2015.04.06-22.56.50:685][  0]BlueprintLog: New page: Editor Load
[2015.04.06-22.56.50:739][  0]LogAssetRegistry: FAssetRegistry took 0.0113 seconds to start up
[2015.04.06-22.56.50:740][  0]LogDirectoryWatcher:Warning: Failed to begin reading directory changes for ../../../Engine/Plugins/Experimental/CharacterAI/Content/. Error: 0
[2015.04.06-22.56.51:547][  0]LogTargetPlatformManager:Display: Building Assets For Windows
[2015.04.06-22.56.51:943][  0]LogTargetPlatformManager:Display: Building Assets For Windows
[2015.04.06-22.56.52:554][  0]LogSlate:Warning: Failed to load font data from '../../../Engine/Content/Editor/Slate/Fonts/Roboto-Regular.ttf'
[2015.04.06-22.56.52:555][  0]LogSlate:Warning: Failed to load font data from '../../../Engine/Content/Editor/Slate/Fonts/Roboto-Bold.ttf'
[2015.04.06-22.56.52:560][  0]LogConsoleResponse:Display: 
[2015.04.06-22.56.52:698][  0]LogCook:Display: Done creating registry. It took  0.00s.
[2015.04.06-22.56.52:946][  0]SourceControl: Info Source control is disabled
[2015.04.06-22.56.52:946][  0]Cmd: MAP LOAD FILE="D:/Works/Unreal/FFMProject/Content/StarterContent/Maps/Minimal_Default.umap" TEMPLATE=0 SHOWPROGRESS=1 FEATURELEVEL=3
[2015.04.06-22.56.52:947][  0]LightingResults: New page: Lighting Build
[2015.04.06-22.56.52:959][  0]MapCheck: New page: Map Check
[2015.04.06-22.56.52:960][  0]LightingResults: New page: Lighting Build
[2015.04.06-22.56.52:969][  0]LogParticles: Destroying 0 GPU particle simulations for FXSystem 0x0000000F6956CEA0
[2015.04.06-22.56.53:598][  0]LogEditorServer: Finished looking for orphan Actors (0.000 secs)
[2015.04.06-22.56.53:610][  0]LogAIModule: Creating AISystem for world Minimal_Default
[2015.04.06-22.56.53:611][  0]Cmd: MAP CHECKDEP
[2015.04.06-22.56.53:611][  0]MapCheck: New page: Minimal_Default - Apr 7, 2015, 2:56:53 AM
[2015.04.06-22.56.53:682][  0]MapCheck: Info Map check complete: 0 Error(s), 0 Warning(s), took 70.328ms to complete.
[2015.04.06-22.56.53:682][  0]LogFileHelpers: Loading map 'Minimal_Default' took 0.736
[2015.04.06-22.56.53:827][  0]LogCollectionManager: Loaded 0 collections in 0.001852 seconds
[2015.04.06-22.56.53:839][  0]LogContentBrowser: Native class hierarchy populated in 0.0114 seconds. Added 1700 classes and 263 folders.
[2015.04.06-22.56.53:907][  0]LogContentBrowser: Native class hierarchy updated for 'SceneOutliner' in 0.0052 seconds. Added 1 classes and 2 folders.
[2015.04.06-22.56.53:977][  0]LogCrashTracker: Crashtracker disabled due to settings.
[2015.04.06-22.56.53:979][  0]LogSlate:Warning: Failed to load font data from 'Veranda'
[2015.04.06-22.56.53:985][  0]LogUObjectGlobals:Warning: Failed to find object 'Class None.'
[2015.04.06-22.56.54:020][  0]LogLoad: Full Startup: 16.02 