Log file open, 04/07/15 00:12:54
LogInit:Display: Running engine for game: FFMProject
LogInit: Version: 4.7.4-2497108+++depot+UE4-Releases+4.7
LogInit: API Version: 2455222
LogInit: Compiled (64-bit): Mar 31 2015 09:40:25
LogInit: Compiled with Visual C++: 18.00.21005.01
LogInit: Build Configuration: Development
LogInit: Branch Name: ++depot+UE4-Releases+4.7
LogInit: Command line: 
LogInit: Base directory: C:/Program Files/Epic Games/4.7/Engine/Binaries/Win64/
LogInit: Rocket: 1
[2015.04.06-22.12.54:826][  0]LogTaskGraph: Started task graph with 3 named threads and 6 total threads.
[2015.04.06-22.12.54:889][  0]LogOnline:Warning: No default platform service specified for OnlineSubsystem
[2015.04.06-22.12.55:077][  0]LogInit: Presizing for 0 objects not considered by GC, pre-allocating 0 bytes.
[2015.04.06-22.12.55:088][  0]LogInit: Object subsystem initialized
[2015.04.06-22.12.55:090][  0]LogConsoleResponse:Warning: Skipping Unknown console variable: 'TranslucentSortAxis = (X=0.000000,Y=-1.000000,Z=0.000000)'
[2015.04.06-22.12.55:090][  0]LogConsoleResponse:Warning:   Found in ini file 'D:/Works/Unreal/FFMProject/Saved/Config/Windows/Engine.ini', in section '[/Script/Engine.RendererSettings]'
[2015.04.06-22.12.55:091][  0]LogConsoleResponse:Warning: Skipping Unknown console variable: 'UIScaleRule = ShortestSide'
[2015.04.06-22.12.55:091][  0]LogConsoleResponse:Warning:   Found in ini file 'D:/Works/Unreal/FFMProject/Saved/Config/Windows/Engine.ini', in section '[/Script/Engine.RendererSettings]'
[2015.04.06-22.12.55:091][  0]LogConsoleResponse:Warning: Skipping Unknown console variable: 'UIScaleCurve = (EditorCurveData=(Keys=),ExternalCurve=None)'
[2015.04.06-22.12.55:091][  0]LogConsoleResponse:Warning:   Found in ini file 'D:/Works/Unreal/FFMProject/Saved/Config/Windows/Engine.ini', in section '[/Script/Engine.RendererSettings]'
[2015.04.06-22.12.55:092][  0]LogInit: Selected Device Profile: [Windows]
[2015.04.06-22.12.55:092][  0]LogInit: Applying CVar settings loaded from the selected device profile: [Windows]
[2015.04.06-22.12.55:100][  0]LogInit: Computer: SGSOFT-PC
[2015.04.06-22.12.55:101][  0]LogInit: User: SGSoft
[2015.04.06-22.12.55:101][  0]LogInit: CPU Page size=4096, Cores=4
[2015.04.06-22.12.55:101][  0]LogInit: High frequency timer resolution =3.330094 MHz
[2015.04.06-22.12.55:102][  0]LogMemory: Memory total: Physical=8.0GB (8GB approx) Virtual=131072.0GB
[2015.04.06-22.12.55:103][  0]LogMemory: Platform Memory Stats for Windows
[2015.04.06-22.12.55:103][  0]LogMemory: Process Physical Memory: 45.74 MB used, 45.74 MB peak
[2015.04.06-22.12.55:103][  0]LogMemory: Process Virtual Memory: 24.63 MB used, 24.63 MB peak
[2015.04.06-22.12.55:104][  0]LogMemory: Physical Memory: 4565.37 MB used, 8144.52 MB total
[2015.04.06-22.12.55:104][  0]LogMemory: Virtual Memory: 286.15 MB used, 134217728.00 MB total
[2015.04.06-22.12.55:209][  0]LogD3D11RHI: Found D3D11 adapter 0: NVIDIA GeForce GTX 760 (Feature Level 11_0)
[2015.04.06-22.12.55:209][  0]LogD3D11RHI: Adapter has 1985MB of dedicated video memory, 0MB of dedicated system memory, and 2048MB of shared system memory, 2 output[s]
[2015.04.06-22.12.55:213][  0]LogD3D11RHI: Found D3D11 adapter 1: Microsoft Basic Render Driver (Feature Level 11_0)
[2015.04.06-22.12.55:213][  0]LogD3D11RHI: Adapter has 0MB of dedicated video memory, 0MB of dedicated system memory, and 256MB of shared system memory, 0 output[s]
[2015.04.06-22.12.55:214][  0]LogD3D11RHI: Chosen D3D11 Adapter Id = 0
[2015.04.06-22.12.55:219][  0]LogRHI: Texture pool is 1361 MB (70% of 1945 MB)
[2015.04.06-22.12.55:300][  0]LogD3D11RHI: Async texture creation enabled
[2015.04.06-22.12.55:432][  0]LogTextLocalizationManager: The requested culture ('en_US') has no localization data; parent culture's ('en') localization data will be used.
[2015.04.06-22.12.55:507][  0]LogTextLocalizationManager:Warning: Loading localization resources contain conflicting entries for (Namespace:UICommands, Key:Save_ToolTip):
Resource: (C:/Program Files/Epic Games/4.7/Engine/Content