Log file open, 04/07/15 00:59:29
LogInit:Display: Running engine for game: FFMProject
LogInit: Version: 4.7.4-2497108+++depot+UE4-Releases+4.7
LogInit: API Version: 2455222
LogInit: Compiled (64-bit): Mar 31 2015 09:40:25
LogInit: Compiled with Visual C++: 18.00.21005.01
LogInit: Build Configuration: DebugGame
LogInit: Branch Name: ++depot+UE4-Releases+4.7
LogInit: Command line:  -debug
LogInit: Base directory: C:/Program Files/Epic Games/4.7/Engine/Binaries/Win64/
LogInit: Rocket: 1
[2015.04.06-22.59.29:613][  0]LogTaskGraph: Started task graph with 3 named threads and 6 total threads.
[2015.04.06-22.59.29:687][  0]LogOnline:Warning: No default platform service specified for OnlineSubsystem
[2015.04.06-22.59.29:735][  0]LogInit: Presizing for 0 objects not considered by GC, pre-allocating 0 bytes.
[2015.04.06-22.59.29:747][  0]LogInit: Object subsystem initialized
[2015.04.06-22.59.29:750][  0]LogConsoleResponse:Warning: Skipping Unknown console variable: 'TranslucentSortAxis = (X=0.000000,Y=-1.000000,Z=0.000000)'
[2015.04.06-22.59.29:750][  0]LogConsoleResponse:Warning:   Found in ini file 'D:/Works/Unreal/FFMProject/Saved/Config/Windows/Engine.ini', in section '[/Script/Engine.RendererSettings]'
[2015.04.06-22.59.29:751][  0]LogConsoleResponse:Warning: Skipping Unknown console variable: 'UIScaleRule = ShortestSide'
[2015.04.06-22.59.29:751][  0]LogConsoleResponse:Warning:   Found in ini file 'D:/Works/Unreal/FFMProject/Saved/Config/Windows/Engine.ini', in section '[/Script/Engine.RendererSettings]'
[2015.04.06-22.59.29:751][  0]LogConsoleResponse:Warning: Skipping Unknown console variable: 'UIScaleCurve = (EditorCurveData=(Keys=),ExternalCurve=None)'
[2015.04.06-22.59.29:752][  0]LogConsoleResponse:Warning:   Found in ini file 'D:/Works/Unreal/FFMProject/Saved/Config/Windows/Engine.ini', in section '[/Script/Engine.RendererSettings]'
[2015.04.06-22.59.29:752][  0]LogInit: Selected Device Profile: [Windows]
[2015.04.06-22.59.29:752][  0]LogInit: Applying CVar settings loaded from the selected device profile: [Windows]
[2015.04.06-22.59.29:757][  0]LogInit: Computer: SGSOFT-PC
[2015.04.06-22.59.29:758][  0]LogInit: User: SGSoft
[2015.04.06-22.59.29:758][  0]LogInit: CPU Page size=4096, Cores=4
[2015.04.06-22.59.29:758][  0]LogInit: High frequency timer resolution =3.330093 MHz
[2015.04.06-22.59.29:759][  0]LogMemory: Memory total: Physical=8.0GB (8GB approx) Virtual=131072.0GB
[2015.04.06-22.59.29:759][  0]LogMemory: Platform Memory Stats for Windows
[2015.04.06-22.59.29:760][  0]LogMemory: Process Physical Memory: 45.75 MB used, 45.75 MB peak
[2015.04.06-22.59.29:760][  0]LogMemory: Process Virtual Memory: 22.64 MB used, 22.65 MB peak
[2015.04.06-22.59.29:760][  0]LogMemory: Physical Memory: 3942.39 MB used, 8144.52 MB total
[2015.04.06-22.59.29:760][  0]LogMemory: Virtual Memory: 284.21 MB used, 134217728.00 MB total
[2015.04.06-22.59.29:817][  0]LogD3D11RHI: Found D3D11 adapter 0: NVIDIA GeForce GTX 760 (Feature Level 11_0)
[2015.04.06-22.59.29:817][  0]LogD3D11RHI: Adapter has 1985MB of dedicated video memory, 0MB of dedicated system memory, and 2048MB of shared system memory, 2 output[s]
[2015.04.06-22.59.29:820][  0]LogD3D11RHI: Found D3D11 adapter 1: Microsoft Basic Render Driver (Feature Level 11_0)
[2015.04.06-22.59.29:820][  0]LogD3D11RHI: Adapter has 0MB of dedicated video memory, 0MB of dedicated system memory, and 256MB of shared system memory, 0 output[s]
[2015.04.06-22.59.29:821][  0]LogD3D11RHI: Chosen D3D11 Adapter Id = 0
[2015.04.06-22.59.29:823][  0]LogRHI: Texture pool is 1361 MB (70% of 1945 MB)
[2015.04.06-22.59.29:860][  0]LogD3D11RHI: Async texture creation enabled
[2015.04.06-22.59.29:931][  0]LogTextLocalizationManager: The requested culture ('en_US') has no localization data; parent culture's ('en') localization data will be used.
[2015.04.06-22.59.29:982][  0]LogTextLocalizationManager:Warning: Loading localization resources contain conflicting entries for (Namespace:UICommands, Key:Save_ToolTip):
Resource: (C:/Program Files/Epic Games/4.7/Engine/Content/Localization/Editor/en/Editor.locres) Hash: (-29098895) String: (Saves the current level to disk)
Resource: (C:/Program Files/Epic Games/4.7/Engine/Content/Localization/Engine/en/Engine.locres) Hash: (-1280300587) String: (Save selected data to vlog file)
[2015.04.06-22.59.29:982][  0]LogTextLocalizationManager:Warning: Loading localization resources contain conflicting entries for (Namespace:ContentBrowser, Key:ImportAssetToolTip):
Resource: (C:/Program Files/Epic Games/4.7/Engine/Content/Localization/Editor/en/Editor.locres) Hash: (-630476809) String: (Import to {0}...)
Resource: (C:/Program Files/Epic Games/4.7/Engine/Content/Localization/Editor/en/Editor.locres) Hash: (1271782899) String: (Imports an asset from file to this folder.)
[2015.04.06-22.59.30:049][  0]LogContentStreaming: Texture pool size is 0.000000MB
[2015.04.06-22.59.32:154][  0]LogTargetPlatformManager:Display: Building Assets For Windows
[2015.04.06-22.59.32:706][  0]LogTargetPlatformManager:Display: Building Assets For Windows
[2015.04.06-22.59.32:772][  0]LogDerivedDataCache:Display: Max Cache Size: 512 MB
[2015.04.06-22.59.32:804][  0]LogDerivedDataCache: Loaded boot cache 0.03s 39MB C:/Users/SGSoft/AppData/Local/UnrealEngine/4.7/DerivedDataCache/Boot.ddc.
[2015.04.06-22.59.32:804][  0]LogDerivedDataCache:Display: Loaded Boot cache: C:/Users/SGSoft/AppData/Local/UnrealEngine/4.7/DerivedDataCache/Boot.ddc
[2015.04.06-22.59.32:805][  0]LogDerivedDataCache: FDerivedDataBackendGraph:  Pak pak cache file D:/Works/Unreal/FFMProject/DerivedDataCache/DDC.ddp not found, will not use a pak cache.
[2015.04.06-22.59.32:805][  0]LogDerivedDataCache: Unable to find inner node Pak for hierarchical cache Hierarchy.
[2015.04.06-22.59.32:909][  0]LogDerivedDataCache:Display: Pak cache opened for reading ../../../Engine/DerivedDataCache/Compressed.ddp.
[2015.04.06-22.59.32:922][  0]LogDerivedDataCache: Using Local data cache path C:/Users/SGSoft/AppData/Local/UnrealEngine/Common/DerivedDataCache: Writable
[2015.04.06-22.59.33:187][  0]LogMeshUtilities: No automatic mesh reduction module available
[2015.04.06-22.59.33:187][  0]LogMeshUtilities: No automatic mesh merging module available
[2015.04.06-22.59.33:536][  0]LogInit: WinSock: version 1.1 (2.2), MaxSocks=32767, MaxUdp=65467
[2015.04.06-22.59.33:636][  0]LogSlate:Warning: Failed to load font data from '../../../Engine/Content/Slate/Fonts/Roboto-Italic.ttf'
[2015.04.06-22.59.34:532][  0]UdpMessaging: Initializing bridge on interface 0.0.0.0:0 to multicast group 230.0.0.1:6666.
[2015.04.06-22.59.34:647][  0]LogLinker:Warning: Can't find file '/Game/Materials/BaseColor'
[2015.04.06-22.59.34:647][  0]LogLinker:Warning: Can't find file '/Game/Materials/BaseColor'
[2015.04.06-22.59.34:647][  0]LogUObjectGlobals:Warning: Failed to find object 'MaterialInterface /Game/Materials/BaseColor.BaseColor'
[2015.04.06-22.59.34:648][  0]Error: CDO Constructor (BoxPrimitiveModel): Failed to find Material'/Game/Materials/BaseColor.BaseColor'

[2015.04.06-22.59.34:648][  0]LogUObjectBase:Warning: -------------- Default Property warnings and errors:
[2015.04.06-22.59.34:648][  0]LogUObjectBase:Warning: Error: CDO Constructor (BoxPrimitiveModel): Failed to find Material'/Game/Materials/BaseColor.BaseColor'

[2015.04.06-22.59.37:968][  0]SourceControl: Info Source control is disabled
[2015.04.06-22.59.37:968][  0]SourceControl: Info Source control is disabled
[2015.04.06-22.59.37:969][  0]SourceControl: Info Source control is disabled
[2015.04.06-22.59.37:969][  0]LogSourceControl: RunCommandInternalRaw: 'git version'
[2015.04.06-22.59.37:970][  0]LogSourceControl: RunCommandInternalRaw: ExecProcess ReturnCode=2 OutResults=''
[2015.04.06-22.59.37:981][  0]SourceControl: Info Source control is disabled
[2015.04.06-22.59.38:284][  0]LogObj: 24263 objects as part of root set at end of initial load.
[2015.04.06-22.59.38:284][  0]LogUObjectAllocator: 5147880 out of 0 bytes used by permanent object pool.
[2015.04.06-22.59.38:378][  0]LogEngine: Initializing Engine...
[2015.04.06-22.59.40:593][  0]LogInit: XAudio2 using 'Lautsprecher (Realtek High Definition Audio)' : 2 channels at 48 kHz using 32 bits per sample (channel mask 0x3)
[2015.04.06-22.59.40:617][  0]LogInit: FAudioDevice initialized.
[2015.04.06-22.59.40:691][  0]LogAIModule: Creating AISystem for world NewWorld
[2015.04.06-22.59.40:711][  0]LogDerivedDataCache: Saved boot cache 0.02s 39MB C:/Users/SGSoft/AppData/Local/UnrealEngine/4.7/DerivedDataCache/Boot.ddc.
[2015.04.06-22.59.40:715][  0]LogInit: Texture streaming: Enabled
[2015.04.06-22.59.40:872][  0]LogAnalytics: Creating configured Analytics provider AnalyticsET
[2015.04.06-22.59.40:872][  0]LogAnalytics: ET APIKey = Rocket.Release. APIServer = http://et2.epicgames.com/ET2/. AppVersion = 4.7.4-2497108+++depot+UE4-Releases+4.7
[2015.04.06-22.59.40:873][  0]LogAnalytics: ET APIKey = Rocket.Release. DataRouterUploadURL = https://datarouter-public-service-gamedev.ol.epicgames.net/datarouter/api/v1/public/data. AppVersion = 4.7.4-2497108+++depot+UE4-Releases+4.7
[2015.04.06-22.59.40:874][  0]LogAnalytics: SetUserId a4f2ed4f47d76c443fcab9a99498089f|ab70b434162440e89bbb6a7cf7531383|e4d26380-4fa6-4617-996d-595afa92f20d
[2015.04.06-22.59.40:874][  0]LogAnalytics: AnalyticsET::StartSession [Rocket.Release]
[2015.04.06-22.59.40:898][  0]LogInit: Transaction tracking system initialized
[2015.04.06-22.59.41:156][  0]BlueprintLog: New page: Editor Load
[2015.04.06-22.59.41:210][  0]LogAssetRegistry: FAssetRegistry took 0.0113 seconds to start up
[2015.04.06-22.59.41:211][  0]LogDirectoryWatcher:Warning: Failed to begin reading directory changes for ../../../Engine/Plugins/Experimental/CharacterAI/Content/. Error: 0
[2015.04.06-22.59.42:024][  0]LogTargetPlatformManager:Display: Building Assets For Windows
[2015.04.06-22.59.42:401][  0]LogTargetPlatformManager:Display: Building Assets For Windows
[2015.04.06-22.59.42:933][  0]LogSlate:Warning: Failed to load font data from '../../../Engine/Content/Editor/Slate/Fonts/Roboto-Regular.ttf'
[2015.04.06-22.59.42:933][  0]LogSlate:Warning: Failed to load font data from '../../../Engine/Content/Editor/Slate/Fonts/Roboto-Bold.ttf'
[2015.04.06-22.59.42:938][  0]LogConsoleResponse:Display: 
[2015.04.06-22.59.43:075][  0]LogCook:Display: Done creating registry. It took  0.00s.
[2015.04.06-22.59.43:302][  0]SourceControl: Info Source control is disabled
[2015.04.06-22.59.43:302][  0]Cmd: MAP LOAD FILE="D:/Works/Unreal/FFMProject/Content/StarterContent/Maps/Minimal_Default.umap" TEMPLATE=0 SHOWPROGRESS=1 FEATURELEVEL=3
[2015.04.06-22.59.43:303][  0]LightingResults: New page: Lighting Build
[2015.04.06-22.59.43:316][  0]MapCheck: New page: Map Check
[2015.04.06-22.59.43:316][  0]LightingResults: New page: Lighting Build
[2015.04.06-22.59.43:323][  0]LogParticles: Destroying 0 GPU particle simulations for FXSystem 0x0000000F95D74EA0
[2015.04.06-22.59.43:927][  0]LogEditorServer: Finished looking for orphan Actors (0.000 secs)
[2015.04.06-22.59.43:937][  0]LogAIModule: Creating AISystem for world Minimal_Default
[2015.04.06-22.59.43:938][  0]Cmd: MAP CHECKDEP
[2015.04.06-22.59.43:938][  0]MapCheck: New page: Minimal_Default - Apr 7, 2015, 2:59:43 AM
[2015.04.06-22.59.44:006][  0]MapCheck: Info Map check complete: 0 Error(s), 0 Warning(s), took 67.676ms to complete.
[2015.04.06-22.59.44:007][  0]LogFileHelpers: Loading map 'Minimal_Default' took 0.705
[2015.04.06-22.59.44:190][  0]LogCollectionManager: Loaded 0 collections in 0.001913 seconds
[2015.04.06-22.59.44:205][  0]LogContentBrowser: Native class hierarchy populated in 0.0139 seconds. Added 1700 classes and 263 folders.
[2015.04.06-22.59.44:265][  0]LogContentBrowser: Native class hierarchy updated for 'SceneOutliner' in 0.0048 seconds. Added 1 classes and 2 folders.
[2015.04.06-22.59.44:327][  0]LogCrashTracker: Crashtracker disabled due to settings.
[2015.04.06-22.59.44:328][  0]LogSlate:Warning: Failed to load font data from 'Veranda'
[2015.04.06-22.59.44:333][  0]LogUObjectGlobals:Warning: Failed to find object 'Class None.'
[2015.04.06-22.59.44:367][  0]LogLoad: Full Startup: 16.67 seconds (BP compile: 0.07 seconds)
[2015.04.06-22.59.44:917][  0]LogRenderer:Warning: Reallocating scene render targets to support 1208x576 (Frame:2).
[2015.04.06-22.59.46:804][  6]LogAssetRegistry: Asset discovery search completed in 5.6056 seconds
[2015.04.06-22.59.50:315][ 75]LogPlayLevel: PIE:  No blueprints needed recompiling
[2015.04.06-22.59.50:316][ 75]PIE: New page: PIE session: Minimal_Default (Apr 7, 2015, 2:59:50 AM)
[2015.04.06-22.59.50:319][ 75]LogPlayLevel: PIE: StaticDuplicateObject took: (0.003250s)
[2015.04.06-22.59.50:320][ 75]LogPlayLevel: PIE: World Init took: (0.000459s)
[2015.04.06-22.59.50:321][ 75]LogPlayLevel: PIE: Created PIE world by copying editor world from /Game/StarterContent/Maps/Minimal_Default.Minimal_Default to /Game/StarterContent/Maps/UEDPIE_0_Minimal_Default.Minimal_Default (0.004706s)
[2015.04.06-22.59.50:377][ 75]LogWorld: Game class is 'FFMProjectGameMode'
[2015.04.06-22.59.50:382][ 75]LogAIModule: Creating AISystem for world Minimal_Default
[2015.04.06-22.59.50:388][ 75]LogWorld: Bringing World /Game/StarterContent/Maps/UEDPIE_0_Minimal_Default.Minimal_Default up for play (max tick rate 0) at 2015.04.07-00.59.50
[2015.04.06-22.59.50:391][ 75]LogWorld: Bringing up level for play took: 0.006975
[2015.04.06-22.59.50:395][ 75]PIE: Info Play in editor start time for /Game/StarterContent/Maps/UEDPIE_0_Minimal_Default -0.509
[2015.04.06-23.00.11:446][572]LogParticles: Destroying 0 GPU particle simulations for FXSystem 0x0000000F87A69620
[2015.04.06-23.00.12:152][653]Recompiling FFMProject...
[2015.04.06-23.00.12:153][653]Launching UnrealBuildTool... [C:/Program Files/Epic Games/4.7/Engine/Binaries/DotNET/UnrealBuildTool.exe FFMProject -ModuleWithSuffix FFMProject 133 Win64 DebugGame -editorrecompile -canskiplink "D:/Works/Unreal/FFMProject/FFMProject.uproject" -rocket  -rocket]
[2015.04.06-23.00.12:154][653]Warning: Starting HotReload took  0.0s.
[2015.04.06-23.00.16:715][ 45]CompilerResultsLog: New page: Compilation - Apr 7, 2015, 3:00:16 AM
[2015.04.06-23.00.16:716][ 45]CompilerResultsLog: Info Performing 2 actions (4 in parallel)
[2015.04.06-23.00.16:717][ 45]CompilerResultsLog: Info MainScene.cpp
[2015.04.06-23.00.16:718][ 45]CompilerResultsLog: Info [2/2] Link UE4Editor-FFMProject-133-Win64-DebugGame.dll
[2015.04.06-23.00.16:718][ 45]CompilerResultsLog: Info    Creating library D:\Works\Unreal\FFMProject\Intermediate\Build\Win64\FFMProjectEditor\DebugGame\UE4Editor-FFMProject-133-Win64-DebugGame.lib and object D:\Works\Unreal\FFMProject\Intermediate\Build\Win64\FFMProjectEditor\DebugGame\UE4Editor-FFMProject-133-Win64-DebugGame.exp
[2015.04.06-23.00.16:719][ 45]CompilerResultsLog: Info -------- End Detailed Actions Stats -----------------------------------------------------------
[2015.04.06-23.00.16:720][ 45]CompilerResultsLog: Info Cumulative action seconds (8 processors): 0.00 building projects, 0.30 compiling, 0.00 creating app bundles, 0.00 generating debug info, 0.54 linking, 0.00 other
[2015.04.06-23.00.16:720][ 45]CompilerResultsLog: Info UBT execution time: 4.28 seconds
[2015.04.06-23.00.16:721][ 45]LogMainFrame: MainFrame: Module compiling took 4.581 seconds
[2015.04.06-23.00.16:962][ 45]LogLinker:Warning: Can't find file '/Game/Materials/BaseColor'
[2015.04.06-23.00.16:963][ 45]LogLinker:Warning: Can't find file '/Game/Materials/BaseColor'
[2015.04.06-23.00.16:963][ 45]LogUObjectGlobals:Warning: Failed to find object 'MaterialInterface /Game/Materials/BaseColor.BaseColor'
[2015.04.06-23.00.16:964][ 45]Error: CDO Constructor (BoxPrimitiveModel): Failed to find Material'/Game/Materials/BaseColor.BaseColor'

[2015.04.06-23.00.16:965][ 45]LogClass: ProceduralMeshVertex HotReload.
[2015.04.06-23.00.16:965][ 45]LogClass: ProceduralMeshTriangle HotReload.
[2015.04.06-23.00.16:967][ 45]LogHotReload: Re-instancing MainScene after hot-reload.
[2015.04.06-23.00.17:018][ 45]LogContentBrowser: Native class hierarchy updated for 'FFMProject' in 0.0043 seconds. Added 4 classes and 2 folders.
[2015.04.06-23.00.17:019][ 45]Warning: Some classes could not be reloaded:
Error: CDO Constructor (BoxPrimitiveModel): Failed to find Material'/Game/Materials/BaseColor.BaseColor'


[2015.04.06-23.00.17:020][ 45]Warning: HotReload successful (3 functions remapped  2 scriptstructs remapped)
[2015.04.06-23.00.17:035][ 45]LogContentBrowser: Native class hierarchy populated in 0.0097 seconds. Added 1701 classes and 265 folders.
[2015.04.06-23.00.37:232][292]Recompiling FFMProject...
[2015.04.06-23.00.37:232][292]Launching UnrealBuildTool... [C:/Program Files/Epic Games/4.7/Engine/Binaries/DotNET/UnrealBuildTool.exe FFMProject -ModuleWithSuffix FFMProject 8797 Win64 DebugGame -editorrecompile -canskiplink "D:/Works/Unreal/FFMProject/FFMProject.uproject" -rocket  -rocket]
[2015.04.06-23.00.37:234][292]Warning: Starting HotReload took  0.0s.
[2015.04.06-23.00.39:446][521]CompilerResultsLog: New page: Compilation - Apr 7, 2015, 3:00:39 AM
[2015.04.06-23.00.39:447][521]CompilerResultsLog: Info Target is up to date.
[2015.04.06-23.00.39:447][521]LogMainFrame: MainFrame: Module compiling took 2.225 seconds
[2015.04.06-23.00.40:836][687]LogPlayLevel: PIE:  No blueprints needed recompiling
[2015.04.06-23.00.40:837][687]PIE: New page: PIE session: Minimal_Default (Apr 7, 2015, 3:00:40 AM)
[2015.04.06-23.00.40:841][687]LogPlayLevel: PIE: StaticDuplicateObject took: (0.003155s)
[2015.04.06-23.00.40:842][687]LogPlayLevel: PIE: World Init took: (0.000489s)
[2015.04.06-23.00.40:842][687]LogPlayLevel: PIE: Created PIE world by copying editor world from /Game/StarterContent/Maps/Minimal_Default.Minimal_Default to /Game/StarterContent/Maps/UEDPIE_0_Minimal_Default.Minimal_Default (0.004571s)
[2015.04.06-23.00.40:877][687]LogWorld: Game class is 'FFMProjectGameMode'
[2015.04.06-23.00.40:879][687]LogAIModule: Creating AISystem for world Minimal_Default
[2015.04.06-23.00.40:882][687]LogWorld: Bringing World /Game/StarterContent/Maps/UEDPIE_0_Minimal_Default.Minimal_Default up for play (max tick rate 0) at 2015.04.07-01.00.40
[2015.04.06-23.00.40:883][687]LogWorld: Bringing up level for play took: 0.002920
[2015.04.06-23.00.40:885][687]PIE: Info Play in editor start time for /Game/StarterContent/Maps/UEDPIE_0_Minimal_Default -0.02
[2015.04.06-23.00.54:720][397]LogParticles: Destroying 0 GPU particle simulations for FXSystem 0x0000000F9F190F40
[2015.04.06-23.00.56:606][621]LogPlayLevel: PIE:  No blueprints needed recompiling
[2015.04.06-23.00.56:607][621]PIE: New page: PIE session: Minimal_Default (Apr 7, 2015, 3:00:56 AM)
[2015.04.06-23.00.56:611][621]LogPlayLevel: PIE: StaticDuplicateObject took: (0.003057s)
[2015.04.06-23.00.56:612][621]LogPlayLevel: PIE: World Init took: (0.000853s)
[2015.04.06-23.00.56:612][621]LogPlayLevel: PIE: Created PIE world by copying editor world from /Game/StarterContent/Maps/Minimal_Default.Minimal_Default to /Game/StarterContent/Maps/UEDPIE_0_Minimal_Default.Minimal_Default (0.004765s)
[2015.04.06-23.00.56:653][621]LogWorld: Game class is 'FFMProjectGameMode'
[2015.04.06-23.00.56:655][621]LogAIModule: Creating AISystem for world Minimal_Default
[2015.04.06-23.00.56:658][621]LogWorld: Bringing World /Game/StarterContent/Maps/UEDPIE_0_Minimal_Default.Minimal_Default up for play (max tick rate 0) at 2015.04.07-01.00.56
[2015.04.06-23.00.56:659][621]LogWorld: Bringing up level for play took: 0.003021
[2015.04.06-23.00.56:661][621]PIE: Info Play in editor start time for /Game/StarterContent/Maps/UEDPIE_0_Minimal_Default -0.244
[2015.04.06-23.01.01:800][798]LogParticles: Destroying 0 GPU particle simulations for FXSystem 0x0000000F90111800
[2015.04.06-23.01.02:350][862]LogPlayLevel: PIE:  No blueprints needed recompiling
[2015.04.06-23.01.02:350][862]PIE: New page: PIE session: Minimal_Default (Apr 7, 2015, 3:01:02 AM)
[2015.04.06-23.01.20:007][862]LogPlayLevel: PIE: StaticDuplicateObject took: (17.655991s)
[2015.04.06-23.01.20:008][862]LogPlayLevel: PIE: World Init took: (0.000780s)
[2015.04.06-23.01.20:009][862]LogPlayLevel: PIE: Created PIE world by copying editor world from /Game/StarterContent/Maps/Minimal_Default.Minimal_Default to /Game/StarterContent/Maps/UEDPIE_0_Minimal_Default.Minimal_Default (17.657871s)
[2015.04.06-23.01.20:043][862]LogWorld: Game class is 'FFMProjectGameMode'
[2015.04.06-23.01.20:045][862]LogAIModule: Creating AISystem for world Minimal_Default
[2015.04.06-23.01.20:048][862]LogWorld: Bringing World /Game/StarterContent/Maps/UEDPIE_0_Minimal_Default.Minimal_Default up for play (max tick rate 3) at 2015.04.07-01.01.20
[2015.04.06-23.01.20:049][862]LogWorld: Bringing up level for play took: 0.003299
[2015.04.06-23.01.20:051][862]PIE: Info Play in editor start time for /Game/StarterContent/Maps/UEDPIE_0_Minimal_Default 17.146
[2015.04.06-23.01.22:182][988]Recompiling FFMProject...
[2015.04.06-23.01.22:182][988]Launching UnrealBuildTool... [C:/Program Files/Epic Games/4.7/Engine/Binaries/DotNET/UnrealBuildTool.exe FFMProject -ModuleWithSuffix FFMProject 7604 Win64 DebugGame -editorrecompile -canskiplink "D:/Works/Unreal/FFMProject/FFMProject.uproject" -rocket  -rocket]
[2015.04.06-23.01.22:184][988]Warning: Starting HotReload took  0.0s.
[2015.04.06-23.01.26:638][486]CompilerResultsLog: New page: Compilation - Apr 7, 2015, 3:01:26 AM
[2015.04.06-23.01.26:639][486]CompilerResultsLog: Info Performing 2 actions (4 in parallel)
[2015.04.06-23.01.26:639][486]CompilerResultsLog: Info MainScene.cpp
[2015.04.06-23.01.26:639][486]CompilerResultsLog: Info [2/2] Link UE4Editor-FFMProject-7604-Win64-DebugGame.dll
[2015.04.06-23.01.26:639][486]CompilerResultsLog: Info    Creating library D:\Works\Unreal\FFMProject\Intermediate\Build\Win64\FFMProjectEditor\DebugGame\UE4Editor-FFMProject-7604-Win64-DebugGame.lib and object D:\Works\Unreal\FFMProject\Intermediate\Build\Win64\FFMProjectEditor\DebugGame\UE4Editor-FFMProject-7604-Win64-DebugGame.exp
[2015.04.06-23.01.26:640][486]CompilerResultsLog: Info -------- End Detailed Actions Stats -----------------------------------------------------------
[2015.04.06-23.01.26:640][486]CompilerResultsLog: Info Cumulative action seconds (8 processors): 0.00 building projects, 0.38 compiling, 0.00 creating app bundles, 0.00 generating debug info, 0.55 linking, 0.00 other
[2015.04.06-23.01.26:640][486]CompilerResultsLog: Info UBT execution time: 4.32 seconds
[2015.04.06-23.01.26:640][486]LogMainFrame: MainFrame: Module compiling took 4.467 seconds
[2015.04.06-23.01.26:731][486]LogLinker:Warning: Can't find file '/Game/Materials/BaseColor'
[2015.04.06-23.01.26:731][486]LogLinker:Warning: Can't find file '/Game/Materials/BaseColor'
[2015.04.06-23.01.26:732][486]LogUObjectGlobals:Warning: Failed to find object 'MaterialInterface /Game/Materials/BaseColor.BaseColor'
[2015.04.06-23.01.26:732][486]Error: CDO Constructor (BoxPrimitiveModel): Failed to find Material'/Game/Materials/BaseColor.BaseColor'

[2015.04.06-23.01.26:733][486]LogClass: ProceduralMeshVertex HotReload.
[2015.04.06-23.01.26:734][486]LogClass: ProceduralMeshTriangle HotReload.
[2015.04.06-23.01.26:735][486]LogHotReload: Re-instancing MainScene after hot-reload.
[2015.04.06-23.01.26:806][486]LogContentBrowser: Native class hierarchy updated for 'FFMProject' in 0.0052 seconds. Added 4 classes and 2 folders.
[2015.04.06-23.01.26:807][486]Warning: Some classes could not be reloaded:
Error: CDO Constructor (BoxPrimitiveModel): Failed to find Material'/Game/Materials/BaseColor.BaseColor'


[2015.04.06-23.01.26:808][486]Warning: HotReload successful (3 functions remapped  2 scriptstructs remapped)
[2015.04.06-23.01.26:825][486]LogContentBrowser: Native class hierarchy populated in 0.0104 seconds. Added 1701 classes and 265 folders.
[2015.04.06-23.01.29:573][810]LogParticles: Destroying 0 GPU particle simulations for FXSystem 0x0000000F9FB28360
[2015.04.06-23.01.30:850][961]LogPlayLevel: PIE:  No blueprints needed recompiling
[2015.04.06-23.01.30:850][961]PIE: New page: PIE session: Minimal_Default (Apr 7, 2015, 3:01:30 AM)
[2015.04.06-23.01.30:854][961]LogPlayLevel: PIE: StaticDuplicateObject took: (0.002823s)
[2015.04.06-23.01.30:855][961]LogPlayLevel: PIE: World Init took: (0.000663s)
[2015.04.06-23.01.30:855][961]LogPlayLevel: PIE: Created PIE world by copying editor world from /Game/StarterContent/Maps/Minimal_Default.Minimal_Default to /Game/StarterContent/Maps/UEDPIE_0_Minimal_Default.Minimal_Default (0.004353s)
[2015.04.06-23.01.30:891][961]LogWorld: Game class is 'FFMProjectGameMode'
[2015.04.06-23.01.30:893][961]LogAIModule: Creating AISystem for world Minimal_Default
[2015.04.06-23.01.30:896][961]LogWorld: Bringing World /Game/StarterContent/Maps/UEDPIE_0_Minimal_Default.Minimal_Default up for play (max tick rate 0) at 2015.04.07-01.01.30
[2015.04.06-23.01.30:929][961]LogWorld: Bringing up level for play took: 0.035204
[2015.04.06-23.01.30:933][961]PIE: Info Play in editor start time for /Game/StarterContent/Maps/UEDPIE_0_Minimal_Default 0.028
[2015.04.06-23.01.35:549][231]LogParticles: Destroying 0 GPU particle simulations for FXSystem 0x0000000F9FBD00E0
[2015.04.06-23.01.36:042][289]LogPlayLevel: PIE:  No blueprints needed recompiling
[2015.04.06-23.01.36:043][289]PIE: New page: PIE session: Minimal_Default (Apr 7, 2015, 3:01:36 AM)
[2015.04.06-23.01.44:526][289]LogPlayLevel: PIE: StaticDuplicateObject took: (8.482302s)
[2015.04.06-23.01.44:528][289]LogPlayLevel: PIE: World Init took: (0.001305s)
[2015.04.06-23.01.44:529][289]LogPlayLevel: PIE: Created PIE world by copying editor world from /Game/StarterContent/Maps/Minimal_Default.Minimal_Default to /Game/StarterContent/Maps/UEDPIE_0_Minimal_Default.Minimal_Default (8.485294s)
[2015.04.06-23.01.44:577][289]LogWorld: Game class is 'FFMProjectGameMode'
[2015.04.06-23.01.44:579][289]LogAIModule: Creating AISystem for world Minimal_Default
[2015.04.06-23.01.44:583][289]LogWorld: Bringing World /Game/StarterContent/Maps/UEDPIE_0_Minimal_Default.Minimal_Default up for play (max tick rate 3) at 2015.04.07-01.01.44
[2015.04.06-23.01.44:586][289]LogWorld: Bringing up level for play took: 0.005899
[2015.04.06-23.01.44:590][289]PIE: Info Play in editor start time for /Game/StarterContent/Maps/UEDPIE_0_Minimal_Default 7.685
[2015.04.06-23.01.54:298][ 32]LogParticles: Destroying 0 GPU particle simulations for FXSystem 0x0000000F90112F20
[2015.04.06-23.05.42:787][ 82]LogContentBrowser:Verbose: The content browser source was changed by the sources view to '/Classes_Game/FFMProject'
[2015.04.06-23.05.44:037][231]LogEditorViewport: Clicking on Actor (LMB): MainScene (MainScene1)
[2015.04.06-23.05.49:696][897]LogEditorViewport: Clicking on Actor (LMB): MainScene (MainScene1)
[2015.04.06-23.05.50:162][947]LogEditorViewport: Clicking on Actor (LMB): MainScene (MainScene1)
[2015.04.06-23.05.51:087][ 54]Cmd: DELETE
[2015.04.06-23.05.51:087][ 54]Cmd: ACTOR DELETE
[2015.04.06-23.05.51:088][ 54]LogEditorActor: Deleted Actor: MainScene
[2015.04.06-23.05.51:108][ 54]LogEditorActor: Deleted 1 Actors (0.020 secs)
[2015.04.06-23.05.56:118][644]LogEditor: Attempting to add actor of class 'MainScene' to level at 220.00,340.00,-150.00
[2015.04.06-23.05.56:803][722]LogEditor: Attempting to add actor of class 'MainScene' to level at 220.00,40.00,70.00
[2015.04.06-23.06.00:844][160]Cmd: OBJ SAVEPACKAGE PACKAGE="/Game/StarterContent/Maps/Minimal_Default" FILE="D:/Works/Unreal/FFMProject/Content/StarterContent/Maps/Minimal_Default.umap" SILENT=true AUTOSAVING=false KEEPDIRTY=false
[2015.04.06-23.06.01:014][160]LogSavePackage: Save=138.905426ms
[2015.04.06-23.06.01:015][160]LogSavePackage: Moving 'D:/Works/Unreal/FFMProject/Saved/Minimal_Default87800A224E557DF93A17F388EBC0E250.tmp' to 'D:/Works/Unreal/FFMProject/Content/StarterContent/Maps/Minimal_Default.umap'
[2015.04.06-23.06.01:029][160]LogFileHelpers: Saving map 'Minimal_Default' took 0.256
[2015.04.06-23.06.02:318][312]LogPlayLevel: PIE:  No blueprints needed recompiling
[2015.04.06-23.06.02:319][312]PIE: New page: PIE session: Minimal_Default (Apr 7, 2015, 3:06:02 AM)
[2015.04.06-23.06.02:323][312]LogPlayLevel: PIE: StaticDuplicateObject took: (0.003788s)
[2015.04.06-23.06.02:324][312]LogPlayLevel: PIE: World Init took: (0.000651s)
[2015.04.06-23.06.02:325][312]LogPlayLevel: PIE: Created PIE world by copying editor world from /Game/StarterContent/Maps/Minimal_Default.Minimal_Default to /Game/StarterContent/Maps/UEDPIE_0_Minimal_Default.Minimal_Default (0.005233s)
[2015.04.06-23.06.02:365][312]LogWorld: Game class is 'FFMProjectGameMode'
[2015.04.06-23.06.02:367][312]LogAIModule: Creating AISystem for world Minimal_Default
[2015.04.06-23.06.02:370][312]LogWorld: Bringing World /Game/StarterContent/Maps/UEDPIE_0_Minimal_Default.Minimal_Default up for play (max tick rate 0) at 2015.04.07-01.06.02
[2015.04.06-23.06.02:381][312]LogWorld: Bringing up level for play took: 0.013010
[2015.04.06-23.06.02:388][312]PIE: Info Play in editor start time for /Game/StarterContent/Maps/UEDPIE_0_Minimal_Default -0.518
[2015.04.06-23.06.06:883][836]LogParticles: Destroying 0 GPU particle simulations for FXSystem 0x0000000F940A8180
[2015.04.06-23.06.09:765][164]LogPlayLevel: PIE:  No blueprints needed recompiling
[2015.04.06-23.06.09:765][164]PIE: New page: PIE session: Minimal_Default (Apr 7, 2015, 3:06:09 AM)
[2015.04.06-23.06.09:769][164]LogPlayLevel: PIE: StaticDuplicateObject took: (0.003472s)
[2015.04.06-23.06.09:771][164]LogPlayLevel: PIE: World Init took: (0.000727s)
[2015.04.06-23.06.09:771][164]LogPlayLevel: PIE: Created PIE world by copying editor world from /Game/StarterContent/Maps/Minimal_Default.Minimal_Default to /Game/StarterContent/Maps/UEDPIE_0_Minimal_Default.Minimal_Default (0.005137s)
[2015.04.06-23.06.09:807][164]LogWorld: Game class is 'FFMProjectGameMode'
[2015.04.06-23.06.09:810][164]LogAIModule: Creating AISystem for world Minimal_Default
[2015.04.06-23.06.09:812][164]LogWorld: Bringing World /Game/StarterContent/Maps/UEDPIE_0_Minimal_Default.Minimal_Default up for play (max tick rate 0) at 2015.04.07-01.06.09
[2015.04.06-23.06.09:813][164]LogWorld: Bringing up level for play took: 0.003005
[2015.04.06-23.06.09:815][164]PIE: Info Play in editor start time for /Game/StarterContent/Maps/UEDPIE_0_Minimal_Default 0.91
[2015.04.06-23.06.16:960][  9]LogSelection:Warning: PIE object was selected: "PostProcessVolume /Game/StarterContent/Maps/UEDPIE_0_Minimal_Default.Minimal_Default:PersistentLevel.GlobalPostProcessVolume"
[2015.04.06-23.06.19:579][286]LogParticles: Destroying 0 GPU particle simulations for FXSystem 0x0000000F940AA7A0
[2015.04.06-23.06.27:275][ 66]LogPlayLevel: PIE:  No blueprints needed recompiling
[2015.04.06-23.06.27:275][ 66]PIE: New page: PIE session: Minimal_Default (Apr 7, 2015, 3:06:27 AM)
[2015.04.06-23.06.27:279][ 66]LogPlayLevel: PIE: StaticDuplicateObject took: (0.003357s)
[2015.04.06-23.06.27:281][ 66]LogPlayLevel: PIE: World Init took: (0.000918s)
[2015.04.06-23.06.27:281][ 66]LogPlayLevel: PIE: Created PIE world by copying editor world from /Game/StarterContent/Maps/Minimal_Default.Minimal_Default to /Game/StarterContent/Maps/UEDPIE_0_Minimal_Default.Minimal_Default (0.005154s)
[2015.04.06-23.06.27:315][ 66]LogWorld: Game class is 'FFMProjectGameMode'
[2015.04.06-23.06.27:317][ 66]LogAIModule: Creating AISystem for world Minimal_Default
[2015.04.06-23.06.27:320][ 66]LogWorld: Bringing World /Game/StarterContent/Maps/UEDPIE_0_Minimal_Default.Minimal_Default up for play (max tick rate 0) at 2015.04.07-01.06.27
[2015.04.06-23.06.27:321][ 66]LogWorld: Bringing up level for play took: 0.002718
[2015.04.06-23.06.27:322][ 66]PIE: Info Play in editor start time for /Game/StarterContent/Maps/UEDPIE_0_Minimal_Default 0.417
[2015.04.06-23.06.31:386][540]LogParticles: Destroying 0 GPU particle simulations for FXSystem 0x0000000F8F832CA0
[2015.04.06-23.06.41:160][537]LogPlayLevel: PIE:  No blueprints needed recompiling
[2015.04.06-23.06.41:160][537]PIE: New page: PIE session: Minimal_Default (Apr 7, 2015, 3:06:41 AM)
[2015.04.06-23.06.41:164][537]LogPlayLevel: PIE: StaticDuplicateObject took: (0.003440s)
[2015.04.06-23.06.41:165][537]LogPlayLevel: PIE: World Init took: (0.000562s)
[2015.04.06-23.06.41:166][537]LogPlayLevel: PIE: Created PIE world by copying editor world from /Game/StarterContent/Maps/Minimal_Default.Minimal_Default to /Game/StarterContent/Maps/UEDPIE_0_Minimal_Default.Minimal_Default (0.004915s)
[2015.04.06-23.06.41:207][537]LogWorld: Game class is 'FFMProjectGameMode'
[2015.04.06-23.06.41:209][537]LogAIModule: Creating AISystem for world Minimal_Default
[2015.04.06-23.06.41:212][537]LogWorld: Bringing World /Game/StarterContent/Maps/UEDPIE_0_Minimal_Default.Minimal_Default up for play (max tick rate 0) at 2015.04.07-01.06.41
[2015.04.06-23.06.41:213][537]LogWorld: Bringing up level for play took: 0.002712
[2015.04.06-23.06.41:214][537]PIE: Info Play in editor start time for /Game/StarterContent/Maps/UEDPIE_0_Minimal_Default 0.309
[2015.04.06-23.06.44:142][877]LogParticles: Destroying 0 GPU particle simulations for FXSystem 0x0000000F8F8311C0
[2015.04.06-23.06.45:298][996]Cmd: TRANSACTION UNDO
[2015.04.06-23.06.45:298][996]LogEditorTransaction: Undo Rotate Actors
[2015.04.06-23.06.47:562][167]LogEditorViewport: Clicking on Actor (LMB): BP_Sky_Sphere_C (BP_Sky_Sphere)
[2015.04.06-23.06.47:914][191]Cmd: TRANSACTION UNDO
[2015.04.06-23.06.47:915][191]LogEditorTransaction: Undo Clicking on Actors
[2015.04.06-23.06.48:111][196]Cmd: TRANSACTION UNDO
[2015.04.06-23.06.48:112][196]LogEditorTransaction: Undo Move Actors
[2015.04.06-23.06.48:330][214]Cmd: TRANSACTION UNDO
[2015.04.06-23.06.48:330][214]LogEditorTransaction: Undo Move Actors
[2015.04.06-23.06.48:539][230]Cmd: TRANSACTION UNDO
[2015.04.06-23.06.48:539][230]LogEditorTransaction: Undo Move Actors
[2015.04.06-23.06.48:822][259]Cmd: TRANSACTION UNDO
[2015.04.06-23.06.48:822][259]LogEditorTransaction: Undo Move Actors
[2015.04.06-23.06.49:256][303]Cmd: TRANSACTION UNDO
[2015.04.06-23.06.49:257][303]LogEditorTransaction: Undo Clicking on Actors
[2015.04.06-23.06.49:632][341]Cmd: TRANSACTION UNDO
[2015.04.06-23.06.49:633][341]LogEditorTransaction: Undo Clicking on Actors
[2015.04.06-23.06.53:051][741]LogEditorViewport: Clicking on Actor (LMB): BP_Sky_Sphere_C (BP_Sky_Sphere)
[2015.04.06-23.06.53:930][840]Cmd: TRANSACTION UNDO
[2015.04.06-23.06.53:931][840]LogEditorTransaction: Undo Clicking on Actors
[2015.04.06-23.06.55:803][ 18]LogEditorViewport: Clicking on Actor (LMB): BP_Sky_Sphere_C (BP_Sky_Sphere)
[2015.04.06-23.06.57:255][141]LogEditorViewport: Clicking on Actor (LMB): StaticMeshActor (Floor)
[2015.04.06-23.06.57:974][185]LogEditorViewport: Clicking on Actor (LMB): StaticMeshActor (Floor)
[2015.04.06-23.06.59:513][311]LogEditorViewport: Clicking on Actor (LMB): BP_Sky_Sphere_C (BP_Sky_Sphere)
[2015.04.06-23.07.00:185][355]LogEditorViewport: Clicking on Actor (LMB): StaticMeshActor (Floor)
[2015.04.06-23.07.00:659][402]LogEditorViewport: Clicking on Actor (LMB): StaticMeshActor (Floor)
[2015.04.06-23.07.01:077][443]LogEditorViewport: Clicking on Actor (LMB): MainScene (MainScene4)
[2015.04.06-23.07.17:319][211]LogPlayLevel: PIE:  No blueprints needed recompiling
[2015.04.06-23.07.17:320][211]PIE: New page: PIE session: Minimal_Default (Apr 7, 2015, 3:07:17 AM)
[2015.04.06-23.07.17:323][211]LogPlayLevel: PIE: StaticDuplicateObject took: (0.002979s)
[2015.04.06-23.07.17:324][211]LogPlayLevel: PIE: World Init took: (0.000509s)
[2015.04.06-23.07.17:325][211]LogPlayLevel: PIE: Created PIE world by copying editor world from /Game/StarterContent/Maps/Minimal_Default.Minimal_Default to /Game/StarterContent/Maps/UEDPIE_0_Minimal_Default.Minimal_Default (0.004446s)
[2015.04.06-23.07.17:362][211]LogWorld: Game class is 'FFMProjectGameMode'
[2015.04.06-23.07.17:364][211]LogAIModule: Creating AISystem for world Minimal_Default
[2015.04.06-23.07.17:367][211]LogWorld: Bringing World /Game/StarterContent/Maps/UEDPIE_0_Minimal_Default.Minimal_Default up for play (max tick rate 0) at 2015.04.07-01.07.17
[2015.04.06-23.07.17:368][211]LogWorld: Bringing up level for play took: 0.002730
[2015.04.06-23.07.17:369][211]PIE: Info Play in editor start time for /Game/StarterContent/Maps/UEDPIE_0_Minimal_Default 0.464
[2015.04.06-23.07.27:068][817]LogParticles: Destroying 0 GPU particle simulations for FXSystem 0x0000000F940AB880
[2015.04.06-23.07.27:654][880]LogPlayLevel: PIE:  No blueprints needed recompiling
[2015.04.