Log file open, 04/07/15 02:00:18
LogInit:Display: Running engine for game: FFMProject
LogInit: Version: 4.7.4-2497108+++depot+UE4-Releases+4.7
LogInit: API Version: 2455222
LogInit: Compiled (64-bit): Mar 31 2015 09:40:25
LogInit: Compiled with Visual C++: 18.00.21005.01
LogInit: Build Configuration: Development
LogInit: Branch Name: ++depot+UE4-Releases+4.7
LogInit: Command line: 
LogInit: Base directory: C:/Program Files/Epic Games/4.7/Engine/Binaries/Win64/
LogInit: Rocket: 1
[2015.04.07-00.00.18:694][  0]LogTaskGraph: Started task graph with 3 named threads and 6 total threads.
[2015.04.07-00.00.18:749][  0]LogOnline:Warning: No default platform service specified for OnlineSubsystem
[2015.04.07-00.00.18:762][  0]LogInit: Presizing for 0 objects not considered by GC, pre-allocating 0 bytes.
[2015.04.07-00.00.18:770][  0]LogInit: Object subsystem initialized
[2015.04.07-00.00.18:772][  0]LogConsoleResponse:Warning: Skipping Unknown console variable: 'TranslucentSortAxis = (X=0.000000,Y=-1.000000,Z=0.000000)'
[2015.04.07-00.00.18:772][  0]LogConsoleResponse:Warning:   Found in ini file 'D:/Works/Unreal/FFMProject/Saved/Config/Windows/Engine.ini', in section '[/Script/Engine.RendererSettings]'
[2015.04.07-00.00.18:772][  0]LogConsoleResponse:Warning: Skipping Unknown console variable: 'UIScaleRule = ShortestSide'
[2015.04.07-00.00.18:772][  0]LogConsoleResponse:Warning:   Found in ini file 'D:/Works/Unreal/FFMProject/Saved/Config/Windows/Engine.ini', in section '[/Script/Engine.RendererSettings]'
[2015.04.07-00.00.18:772][  0]LogConsoleResponse:Warning: Skipping Unknown console variable: 'UIScaleCurve = (EditorCurveData=(Keys=),ExternalCurve=None)'
[2015.04.07-00.00.18:772][  0]LogConsoleResponse:Warning:   Found in ini file 'D:/Works/Unreal/FFMProject/Saved/Config/Windows/Engine.ini', in section '[/Script/Engine.RendererSettings]'
[2015.04.07-00.00.18:772][  0]LogInit: Selected Device Profile: [Windows]
[2015.04.07-00.00.18:772][  0]LogInit: Applying CVar settings loaded from the selected device profile: [Windows]
[2015.04.07-00.00.18:776][  0]LogInit: Computer: SGSOFT-PC
[2015.04.07-00.00.18:776][  0]LogInit: User: SGSoft
[2015.04.07-00.00.18:776][  0]LogInit: CPU Page size=4096, Cores=4
[2015.04.07-00.00.18:776][  0]LogInit: High frequency timer resolution =3.330093 MHz
[2015.04.07-00.00.18:776][  0]LogMemory: Memory total: Physical=8.0GB (8GB approx) Virtual=131072.0GB
[2015.04.07-00.00.18:776][  0]LogMemory: Platform Memory Stats for Windows
[2015.04.07-00.00.18:776][  0]LogMemory: Process Physical Memory: 45.74 MB used, 45.74 MB peak
[2015.04.07-00.00.18:776][  0]LogMemory: Process Virtual Memory: 22.57 MB used, 22.57 MB peak
[2015.04.07-00.00.18:776][  0]LogMemory: Physical Memory: 4905.80 MB used, 8144.52 MB total
[2015.04.07-00.00.18:776][  0]LogMemory: Virtual Memory: 285.19 MB used, 134217728.00 MB total
[2015.04.07-00.00.18:801][  0]LogD3D11RHI: Found D3D11 adapter 0: NVIDIA GeForce GTX 760 (Feature Level 11_0)
[2015.04.07-00.00.18:801][  0]LogD3D11RHI: Adapter has 1985MB of dedicated video memory, 0MB of dedicated system memory, and 2048MB of shared system memory, 2 output[s]
[2015.04.07-00.00.18:802][  0]LogD3D11RHI: Found D3D11 adapter 1: Microsoft Basic Render Driver (Feature Level 11_0)
[2015.04.07-00.00.18:802][  0]LogD3D11RHI: Adapter has 0MB of dedicated video memory, 0MB of dedicated system memory, and 256MB of shared system memory, 0 output[s]
[2015.04.07-00.00.18:802][  0]LogD3D11RHI: Chosen D3D11 Adapter Id = 0
[2015.04.07-00.00.18:805][  0]LogRHI: Texture pool is 1361 MB (70% of 1945 MB)
[2015.04.07-00.00.18:818][  0]LogD3D11RHI: Async texture creation enabled
[2015.04.07-00.00.18:876][  0]LogTextLocalizationManager: The requested culture ('en_US') has no localization data; parent culture's ('en') localization data will be used.
[2015.04.07-00.00.18:939][  0]LogTextLocalizationManager:Warning: Loading localization resources contain conflicting entries for (Namespace:UICommands, Key:Save_ToolTip):
Resource: (C:/Program Files/Epic Games/4.7/Engine/Content/Localization/Editor/en/Editor.locres) Hash: (-29098895) String: (Saves the current level to disk)
Resource: (C:/Program Files/Epic Games/4.7/Engine/Content/Localization/Engine/en/Engine.locres) Hash: (-1280300587) String: (Save selected data to vlog file)
[2015.04.07-00.00.18:939][  0]LogTextLocalizationManager:Warning: Loading localization resources contain conflicting entries for (Namespace:ContentBrowser, Key:ImportAssetToolTip):
Resource: (C:/Program Files/Epic Games/4.7/Engine/Content/Localization/Editor/en/Editor.locres) Hash: (-630476809) String: (Import to {0}...)
Resource: (C:/Program Files/Epic Games/4.7/Engine/Content/Localization/Editor/en/Editor.locres) Hash: (1271782899) String: (Imports an asset from file to this folder.)
[2015.04.07-00.00.19:013][  0]LogContentStreaming: Texture pool size is 0.000000MB
[2015.04.07-00.00.21:106][  0]LogTargetPlatformManager:Display: Building Assets For Windows
[2015.04.07-00.00.21:623][  0]LogTargetPlatformManager:Display: Building Assets For Windows
[2015.04.07-00.00.21:683][  0]LogDerivedDataCache:Display: Max Cache Size: 512 MB
[2015.04.07-00.00.21:717][  0]LogDerivedDataCache: Loaded boot cache 0.03s 39MB C:/Users/SGSoft/AppData/Local/UnrealEngine/4.7/DerivedDataCache/Boot.ddc.
[2015.04.07-00.00.21:717][  0]LogDerivedDataCache:Display: Loaded Boot cache: C:/Users/SGSoft/AppData/Local/UnrealEngine/4.7/DerivedDataCache/Boot.ddc
[2015.04.07-00.00.21:717][  0]LogDerivedDataCache: FDerivedDataBackendGraph:  Pak pak cache file D:/Works/Unreal/FFMProject/DerivedDataCache/DDC.ddp not found, will not use a pak cache.
[2015.04.07-00.00.21:717][  0]LogDerivedDataCache: Unable to find inner node Pak for hierarchical cache Hierarchy.
[2015.04.07-00.00.21:827][  0]LogDerivedDataCache:Display: Pak cache opened for reading ../../../Engine/DerivedDataCache/Compressed.ddp.
[2015.04.07-00.00.21:839][  0]LogDerivedDataCache: Using Local data cache path C:/Users/SGSoft/AppData/Local/UnrealEngine/Common/DerivedDataCache: Writable
[2015.04.07-00.00.22:101][  0]LogMeshUtilities: No automatic mesh reduction module available
[2015.04.07-00.00.22:101][  0]LogMeshUtilities: No automatic mesh merging module available
[2015.04.07-00.00.22:444][  0]LogInit: WinSock: version 1.1 (2.2), MaxSocks=32767, MaxUdp=65467
[2015.04.07-00.00.22:514][  0]LogSlate:Warning: Failed to load font data from '../../../Engine/Content/Slate/Fonts/Roboto-Italic.ttf'
[2015.04.07-00.00.23:239][  0]UdpMessaging: Initializing bridge on interface 0.0.0.0:0 to multicast group 230.0.0.1:6666.
[2015.04.07-00.00.23:313][  0]LogLinker:Warning: Can't find file '/Game/Materials/BaseColor'
[2015.04.07-00.00.23:313][  0]LogLinker:Warning: Can't find file '/Game/Materials/BaseColor'
[2015.04.07-00.00.23:313][  0]LogUObjectGlobals:Warning: Failed to find object 'MaterialInterface /Game/Materials/BaseColor.BaseColor'
[2015.04.07-00.00.23:313][  0]Error: CDO Constructor (BoxPrimitiveModel): Failed to find Material'/Game/Materials/BaseColor.BaseColor'

[2015.04.07-00.00.23:313][  0]LogUObjectBase:Warning: -------------- Default Property warnings and errors:
[2015.04.07-00.00.23:313][  0]LogUObjectBase:Warning: Error: CDO Constructor (BoxPrimitiveModel): Failed to find Material'/Game/Materials/BaseColor.BaseColor'

[2015.04.07-00.00.24:827][  0]SourceControl: Info Source control is disabled
[2015.04.07-00.00.24:827][  0]SourceControl: Info Source control is disabled
[2015.04.07-00.00.24:827][  0]SourceControl: Info Source control is disabled
[2015.04.07-00.00.24:827][  0]LogSourceControl: RunCommandInternalRaw: 'git version'
[2015.04.07-00.00.24:827][  0]LogSourceControl: RunCommandInternalRaw: ExecProcess ReturnCode=2 OutResults=''
[2015.04.07-00.00.24:835][  0]SourceControl: Info Source control is disabled
[2015.04.07-00.00.24:999][  0]LogObj: 24263 objects as part of root set at end of initial load.
[2015.04.07-00.00.24:999][  0]LogUObjectAllocator: 5147872 out of 0 bytes used by permanent object pool.
[2015.04.07-00.00.25:084][  0]LogEngine: Initializing Engine...
[2015.04.07-00.00.27:255][  0]LogInit: XAudio2 using 'Lautsprecher (Realtek High Definition Audio)' : 2 channels at 48 kHz using 32 bits per sample (channel mask 0x3)
[2015.04.07-00.00.27:262][  0]LogInit: FAudioDevice initialized.
[2015.04.07-00.00.27:298][  0]LogAIModule: Creating AISystem for world NewWorld
[2015.04.07-00.00.27:318][  0]LogDerivedDataCache: Saved boot cache 0.02s 39MB C:/Users/SGSoft/AppData/Local/UnrealEngine/4.7/DerivedDataCache/Boot.ddc.
[2015.04.07-00.00.27:322][  0]LogInit: Texture streaming: Enabled
[2015.04.07-00.00.27:413][  0]LogAnalytics: Creating configured Analytics provider AnalyticsET
[2015.04.07-00.00.27:413][  0]LogAnalytics: ET APIKey = Rocket.Release. APIServer = http://et2.epicgames.com/ET2/. AppVersion = 4.7.4-2497108+++depot+UE4-Releases+4.7
[2015.04.07-00.00.27:413][  0]LogAnalytics: ET APIKey = Rocket.Release. DataRouterUploadURL = https://datarouter-public-service-gamedev.ol.epicgames.net/datarouter/api/v1/public/data. AppVersion = 4.7.4-2497108+++depot+UE4-Releases+4.7
[2015.04.07-00.00.27:414][  0]LogAnalytics: SetUserId a4f2ed4f47d76c443fcab9a99498089f|ab70b434162440e89bbb6a7cf7531383|e4d26380-4fa6-4617-996d-595afa92f20d
[2015.04.07-00.00.27:414][  0]LogAnalytics: AnalyticsET::StartSession [Rocket.Release]
[2015.04.07-00.00.27:434][  0]LogInit: Transaction tracking system initialized
[2015.04.07-00.00.27:605][  0]BlueprintLog: New page: Editor Load
[2015.04.07-00.00.27:640][  0]LogAssetRegistry: FAssetRegistry took 0.0112 seconds to start up
[2015.04.07-00.00.27:640][  0]LogDirectoryWatcher:Warning: Failed to begin reading directory changes for ../../../Engine/Plugins/Experimental/CharacterAI/Content/. Error: 0
[2015.04.07-00.00.28:208][  0]LogTargetPlatformManager:Display: Building Assets For Windows
[2015.04.07-00.00.28:584][  0]LogTargetPlatformManager:Display: Building Assets For Windows
[2015.04.07-00.00.28:830][  0]LogSlate:Warning: Failed to load font data from '../../../Engine/Content/Editor/Slate/Fonts/Roboto-Regular.ttf'
[2015.04.07-00.00.28:830][  0]LogSlate:Warning: Failed to load font data from '../../../Engine/Content/Editor/Slate/Fonts/Roboto-Bold.ttf'
[2015.04.07-00.00.28:834][  0]LogConsoleResponse:Display: 
[2015.04.07-00.00.28:946][  0]LogCook:Display: Done creating registry. It took  0.00s.
[2015.04.07-00.00.29:071][  0]SourceControl: Info Source control is disabled
[2015.04.07-00.00.29:071][  0]Cmd: MAP LOAD FILE="D:/Works/Unreal/FFMProject/Content/StarterContent/Maps/Minimal_Default.umap" TEMPLATE=0 SHOWPROGRESS=1 FEATURELEVEL=3
[2015.04.07-00.00.29:071][  0]LightingResults: New page: Lighting Build
[2015.04.07-00.00.29:083][  0]MapCheck: New page: Map Check
[2015.04.07-00.00.29:083][  0]LightingResults: New page: Lighting Build
[2015.04.07-00.00.29:089][  0]LogParticles: Destroying 0 GPU particle simulations for FXSystem 0x000000819DF94E00
[2015.04.07-00.00.29:727][  0]LogEditorServer: Finished looking for orphan Actors (0.000 secs)
[2015.04.07-00.00.29:739][  0]LogAIModule: Creating AISystem for world Minimal_Default
[2015.04.07-00.00.29:739][  0]Cmd: MAP CHECKDEP
[2015.04.07-00.00.29:739][  0]MapCheck: New page: Minimal_Default - Apr 7, 2015, 4:00:29 AM
[2015.04.07-00.00.29:808][  0]MapCheck: Info Map check complete: 0 Error(s), 0 Warning(s), took 68.608ms to complete.
[2015.04.07-00.00.29:808][  0]LogFileHelpers: Loading map 'Minimal_Default' took 0.737
[2015.04.07-00.00.29:935][  0]LogCollectionManager: Loaded 0 collections in 0.001388 seconds
[2015.04.07-00.00.29:944][  0]LogContentBrowser: Native class hierarchy populated in 0.0092 seconds. Added 1700 classes and 263 folders.
[2015.04.07-00.00.29:974][  0]LogContentBrowser: Native class hierarchy updated for 'SceneOutliner' in 0.0029 seconds. Added 1 classes and 2 folders.
[2015.04.07-00.00.30:015][  0]LogCrashTracker: Crashtracker disabled due to settings.
[2015.04.07-00.00.30:017][  0]LogSlate:Warning: Failed to load font data from 'Veranda'
[2015.04.07-00.00.30:022][  0]LogUObjectGlobals:Warning: Failed to find object 'Class None.'
[2015.04.07-00.00.30:047][  0]LogLoad: Full Startup: 13.04 seconds (BP compile: 0.08 seconds)
[2015.04.07-00.00.30:234][  0]LogRenderer:Warning: Reallocating scene render targets to support 1208x576 (Frame:2).
[2015.04.07-00.00.30:439][  4]LogAssetRegistry: Asset discovery search completed in 2.8108 seconds
[2015.04.07-00.00.35:618][590]LogSourceControl: RunCommandInternalRaw: 'git version'
[2015.04.07-00.00.35:624][590]LogSourceControl: RunCommandInternalRaw: ExecProcess ReturnCode=0 OutResults='git version 1.9.5.msysgit.1
'
[2015.04.07-00.00.41:588][298]LogSourceControl: RunCommandInternalRaw: 'git status'
[2015.04.07-00.00.41:598][299]LogSourceControl: RunCommandInternalRaw: ExecProcess ReturnCode=0 OutResults='On branch master
Changes not staged for commit:
  (use "git add <file>..." to update what will be committed)
  (use "git checkout -- <file>..." to discard changes in working directory)

	modified:   .gitignore

Untracked files:
  (use "git add <file>..." to include in what will be committed)

	Build/
	Config/
	Content/
	FFMProject.uproject
	Saved/
	Source/

no changes added to commit (use "git add" and/or "git commit -a")
'
[2015.04.07-00.00.41:598][299]LogSourceControl: RunCommandInternalRaw: 'git symbolic-ref --short HEAD'
[2015.04.07-00.00.41:605][300]LogSourceControl: RunCommandInternalRaw: ExecProcess ReturnCode=0 OutResults='master
'
[2015.04.07-00.00.41:608][300]SourceControl: Info master
[2015.04.07-00.00.49:596][751]Cmd: QUIT_EDITOR
[2015.04.07-00.00.49:789][751]LogExit: Preparing to exit.
[2015.04.07-00.00.50:396][751]LogExit: Editor shut down
[2015.04.07-00.00.50:397][751]LogExit: Transaction tracking system shut down
[2015.04.07-00.00.50:397][751]LogParticles: Destroying 0 GPU particle simulations for FXSystem 0x000000819BE2E520
[2015.04.07-00.00.50:397][751]LogParticles: Destroying 0 GPU particle simulations for FXSystem 0x00000081A7E03A60
[2015.04.07-00.00.50:431][751]LogExit: Object subsystem successfully closed.
[2015.04.07-00.00.50:473][751]LogModuleManager: Shutting down and abandoning module CrashTracker (178)
[2015.04.07-00.00.50:473][751]LogModuleManager: Shutting down and abandoning module SuperSearch (177)
[2015.04.07-00.00.50:473][751]LogModuleManager: Shutting down and abandoning module SceneOutliner (176)
[2015.04.07-00.00.50:473][751]LogModuleManager: Shutting down and abandoning module EditorWidgets (175)
[2015.04.07-00.00.50:473][751]LogModuleManager: Shutting down and abandoning module CollectionManager (174)
[2015.04.07-00.00.50:484][751]LogModuleManager: Shutting down and abandoning module StatsViewer (173)
[2015.04.07-00.00.50:484][751]LogModuleManager: Shutting down and abandoning module FoliageEdit (172)
[2015.04.07-00.00.50:484][751]LogModuleManager: Shutting down and abandoning module LandscapeEditor (171)
[2015.04.07-00.00.50:484][751]LogModuleManager: Shutting down and abandoning module MeshPaint (170)
[2015.04.07-00.00.50:484][751]LogModuleManager: Shutting down and abandoning module ActorPickerMode (169)
[2015.04.07-00.00.50:484][751]LogModuleManager: Shutting down and abandoning module GeometryMode (168)
[2015.04.07-00.00.50:484][751]LogModuleManager: Shutting down and abandoning module TextureAlignMode (167)
[2015.04.07-00.00.50:484][751]LogModuleManager: Shutting down and abandoning module BspMode (166)
[2015.04.07-00.00.50:484][751]LogModuleManager: Shutting down and abandoning module PlacementMode (165)
[2015.04.07-00.00.50:484][751]LogModuleManager: Shutting down and abandoning module AutomationWorker (164)
[2015.04.07-00.00.50:484][751]LogModuleManager: Shutting down and abandoning module CharacterAI (163)
[2015.04.07-00.00.50:484][751]LogModuleManager: Shutting down and abandoning module SmartSnapping (162)
[2015.04.07-00.00.50:484][751]LogModuleManager: Shutting down and abandoning module ViewportSnapping (161)
[2015.04.07-00.00.50:484][751]LogModuleManager: Shutting down and abandoning module LogVisualizer (160)
[2015.04.07-00.00.50:484][751]LogModuleManager: Shutting down and abandoning module GameProjectGeneration (159)
[2015.04.07-00.00.50:484][751]LogModuleManager: Shutting down and abandoning module IntroTutorials (158)
[2015.04.07-00.00.50:484][751]LogModuleManager: Shutting down and abandoning module EditorLiveStreaming (157)
[2015.04.07-00.00.50:484][751]LogModuleManager: Shutting down and abandoning module HardwareTargeting (156)
[2015.04.07-00.00.50:484][751]LogModuleManager: Shutting down and abandoning module DeviceProfileEditor (155)
[2015.04.07-00.00.50:484][751]LogModuleManager: Shutting down and abandoning module UndoHistory (154)
[2015.04.07-00.00.50:484][751]LogModuleManager: Shutting down and abandoning module GameplayTagsEditor (153)
[2015.04.07-00.00.50:484][751]LogModuleManager: Shutting down and abandoning module UserFeedback (152)
[2015.04.07-00.00.50:484][751]LogModuleManager: Shutting down and abandoning module XmlParser (151)
[2015.04.07-00.00.50:484][751]LogModuleManager: Shutting down and abandoning module Blutility (150)
[2015.04.07-00.00.50:484][751]LogModuleManager: Shutting down and abandoning module IOSPlatformEditor (149)
[2015.04.07-00.00.50:484][751]LogModuleManager: Shutting down and abandoning module IOSRuntimeSettings (148)
[2015.04.07-00.00.50:484][751]LogModuleManager: Shutting down and abandoning module AndroidDeviceDetection (147)
[2015.04.07-00.00.50:672][751]LogModuleManager: Shutting down and abandoning module AndroidPlatformEditor (146)
[2015.04.07-00.00.50:672][751]LogModuleManager: Shutting down and abandoning module AndroidRuntimeSettings (145)
[2015.04.07-00.00.50:672][751]LogModuleManager: Shutting down and abandoning module ProjectTargetPlatformEditor (144)
[2015.04.07-00.00.50:672][751]LogModuleManager: Shutting down and abandoning module ProjectSettingsViewer (143)
[2015.04.07-00.00.50:672][751]LogModuleManager: Shutting down and abandoning module InputBindingEditor (142)
[2015.04.07-00.00.50:672][751]LogModuleManager: Shutting down and abandoning module EditorSettingsViewer (141)
[2015.04.07-00.00.50:672][751]LogModuleManager: Shutting down and abandoning module SettingsEditor (140)
[2015.04.07-00.00.50:672][751]LogModuleManager: Shutting down and abandoning module ProjectLauncher (139)
[2015.04.07-00.00.50:672][751]LogModuleManager: Shutting down and abandoning module SessionFrontend (138)
[2015.04.07-00.00.50:672][751]LogModuleManager: Shutting down and abandoning module ProfilerClient (137)
[2015.04.07-00.00.50:672][751]LogModuleManager: Shutting down and abandoning module TargetDeviceServices (136)
[2015.04.07-00.00.50:672][751]LogModuleManager: Shutting down and abandoning module DeviceManager (135)
[2015.04.07-00.00.50:672][751]LogModuleManager: Shutting down and abandoning module AutomationController (134)
[2015.04.07-00.00.50:672][751]LogModuleManager: Shutting down and abandoning module AutomationWindow (133)
[2015.04.07-00.00.50:672][751]LogModuleManager: Shutting down and abandoning module Layers (132)
[2015.04.07-00.00.50:672][751]LogModuleManager: Shutting down and abandoning module ComponentVisualizers (131)
[2015.04.07-00.00.50:672][751]LogModuleManager: Shutting down and abandoning module DetailCustomizations (130)
[2015.04.07-00.00.50:672][751]LogModuleManager: Shutting down and abandoning module PackagesDialog (129)
[2015.04.07-00.00.50:672][751]LogModuleManager: Shutting down and abandoning module AssetRegistry (128)
[2015.04.07-00.00.50:700][751]LogModuleManager: Shutting down and abandoning module Persona (127)
[2015.04.07-00.00.50:701][751]LogModuleManager: Shutting down and abandoning module SlateReflector (126)
[2015.04.07-00.00.50:701][751]LogModuleManager: Shutting down and abandoning module LevelEditor (125)
[2015.04.07-00.00.50:701][751]LogModuleManager: Shutting down and abandoning module Kismet (124)
[2015.04.07-00.00.50:701][751]LogModuleManager: Shutting down and abandoning module GraphEditor (123)
[2015.04.07-00.00.50:701][751]LogModuleManager: Shutting down and abandoning module ClassViewer (122)
[2015.04.07-00.00.50:701][751]LogModuleManager: Shutting down and abandoning module Toolbox (121)
[2015.04.07-00.00.50:701][751]LogModuleManager: Shutting down and abandoning module ModuleUI (120)
[2015.04.07-00.00.50:701][751]LogModuleManager: Shutting down and abandoning module MovieSceneTools (119)
[2015.04.07-00.00.50:701][751]LogModuleManager: Shutting down and abandoning module OutputLog (118)
[2015.04.07-00.00.50:701][751]LogModuleManager: Shutting down and abandoning module GammaUI (117)
[2015.04.07-00.00.50:701][751]LogModuleManager: Shutting down and abandoning module Documentation (116)
[2015.04.07-00.00.50:701][751]LogModuleManager: Shutting down and abandoning module GameLiveStreaming (115)
[2015.04.07-00.00.50:701][751]LogModuleManager: Shutting down and abandoning module StreamingPauseRendering (114)
[2015.04.07-00.00.50:702][751]LogModuleManager: Shutting down and abandoning module HTTP (113)
[2015.04.07-00.00.50:702][751]LogModuleManager: Shutting down and abandoning module AnalyticsET (112)
[2015.04.07-00.00.50:702][751]LogModuleManager: Shutting down and abandoning module Analytics (111)
[2015.04.07-00.00.50:702][751]LogModuleManager: Shutting down and abandoning module AITestSuite (110)
[2015.04.07-00.00.50:702][751]LogModuleManager: Shutting down and abandoning module GameplayDebugger (109)
[2015.04.07-00.00.50:702][751]LogModuleManager: Shutting down and abandoning module AIModule (108)
[2015.04.07-00.00.50:702][751]LogModuleManager: Shutting down and abandoning module ProfilerService (107)
[2015.04.07-00.00.50:797][751]LogModuleManager: Shutting down and abandoning module TaskGraph (106)
[2015.04.07-00.00.50:797][751]LogModuleManager: Shutting down and abandoning module SlateRemote (105)
[2015.04.07-00.00.50:797][751]LogModuleManager: Shutting down and abandoning module ScriptEditorPlugin (104)
[2015.04.07-00.00.50:797][751]LogModuleManager: Shutting down and abandoning module CustomMeshComponent (103)
[2015.04.07-00.00.50:797][751]LogModuleManager: Shutting down and abandoning module CableComponent (102)
[2015.04.07-00.00.50:797][751]LogModuleManager: Shutting down and abandoning module MessagingDebugger (101)
[2015.04.07-00.00.50:797][751]LogModuleManager: Shutting down and abandoning module MediaPlayerEditor (100)
[2015.04.07-00.00.50:797][751]LogModuleManager: Shutting down and abandoning module SpeedTreeImporter (99)
[2015.04.07-00.00.50:797][751]LogModuleManager: Shutting down and abandoning module PluginsEditor (98)
[2015.04.07-00.00.50:797][751]LogModuleManager: Shutting down and abandoning module MainFrame (97)
[2015.04.07-00.00.50:797][751]LogModuleManager: Shutting down and abandoning module EpicSurvey (96)
[2015.04.07-00.00.50:812][751]LogModuleManager: Shutting down and abandoning module DesktopPlatform (95)
[2015.04.07-00.00.50:812][751]LogModuleManager: Shutting down and abandoning module DirectoryWatcher (94)
[2015.04.07-00.00.50:813][751]LogModuleManager: Shutting down and abandoning module HotReload (93)
[2015.04.07-00.00.50:813][751]LogModuleManager: Shutting down and abandoning module VisualStudioSourceCodeAccess (92)
[2015.04.07-00.00.50:813][751]LogModuleManager: Shutting down and abandoning module UObjectPlugin (91)
[2015.04.07-00.00.50:813][751]LogModuleManager: Shutting down and abandoning module SubversionSourceControl (90)
[2015.04.07-00.00.50:813][751]LogModuleManager: Shutting down and abandoning module PerforceSourceControl (89)
[2015.04.07-00.00.50:813][751]LogModuleManager: Shutting down and abandoning module SourceControl (88)
[2015.04.07-00.00.50:813][751]LogModuleManager: Shutting down and abandoning module GitSourceControl (87)
[2015.04.07-00.00.50:813][751]LogModuleManager: Shutting down and abandoning module BlankPlugin (86)
[2015.04.07-00.00.50:813][751]LogModuleManager: Shutting down and abandoning module PaperTiledImporter (85)
[2015.04.07-00.00.50:813][751]LogModuleManager: Shutting down and abandoning module PaperJsonImporter (84)
[2015.04.07-00.00.50:813][751]LogModuleManager: Shutting down and abandoning module ContentBrowser (83)
[2015.04.07-00.00.50:813][751]LogModuleManager: Shutting down and abandoning module Paper2DEditor (82)
[2015.04.07-00.00.50:813][751]LogModuleManager: Shutting down and abandoning module FFMProject (81)
[2015.04.07-00.00.50:813][751]LogModuleManager: Shutting down and abandoning module ScriptPlugin (80)
[2015.04.07-00.00.50:813][751]LogModuleManager: Shutting down and abandoning module UdpMessaging (79)
[2015.04.07-00.00.50:914][751]LogModuleManager: Shutting down and abandoning module Paper2D (78)
[2015.04.07-00.00.50:914][751]LogModuleManager: Shutting down and abandoning module WindowsMoviePlayer (77)
[2015.04.07-00.00.50:915][751]LogModuleManager: Shutting down and abandoning module Media (76)
[2015.04.07-00.00.50:915][751]LogModuleManager: Shutting down and abandoning module WmfMedia (75)
[2015.04.07-00.00.50:916][751]LogModuleManager: Shutting down and abandoning module OnlineBlueprintSupport (74)
[2015.04.07-00.00.50:916][751]LogModuleManager: Shutting down and abandoning module PropertyEditor (73)
[2015.04.07-00.00.50:916][751]LogModuleManager: Shutting down and abandoning module BehaviorTreeEditor (72)
[2015.04.07-00.00.50:916][751]LogModuleManager: Shutting down and abandoning module FunctionalTesting (71)
[2015.04.07-00.00.50:916][751]LogModuleManager: Shutting down and abandoning module CollisionAnalyzer (70)
[2015.04.07-00.00.50:916][751]LogModuleManager: Shutting down and abandoning module WorkspaceMenuStructure (69)
[2015.04.07-00.00.50:916][751]LogModuleManager: Shutting down and abandoning module MessageLog (68)
[2015.04.07-00.00.50:916][751]LogModuleManager: Shutting down and abandoning module Sequencer (67)
[2015.04.07-00.00.50:916][751]LogModuleManager: Shutting down and abandoning module AssetTools (66)
[2015.04.07-00.00.50:916][751]LogModuleManager: Shutting down and abandoning module UMGEditor (65)
[2015.04.07-00.00.50:916][751]LogModuleManager: Shutting down and abandoning module UMG (64)
[2015.04.07-00.00.50:916][751]LogModuleManager: Shutting down and abandoning module Slate (63)
[2015.04.07-00.00.50:916][751]LogModuleManager: Shutting down and abandoning module EditorStyle (62)
[2015.04.07-00.00.50:919][751]LogModuleManager: Shutting down and abandoning module SessionServices (61)
[2015.04.07-00.00.50:919][751]LogModuleManager: Shutting down and abandoning module SourceCodeAccess (60)
[2015.04.07-00.00.50:919][751]LogModuleManager: Shutting down and abandoning module HeadMountedDisplay (59)
[2015.04.07-00.00.50:919][751]LogModuleManager: Shutting down and abandoning module XAudio2 (58)
[2015.04.07-00.00.50:919][751]LogModuleManager: Shutting down and abandoning module Networking (56)
[2015.04.07-00.00.50:919][751]LogModuleManager: Shutting down and abandoning module Core (55)
[2015.04.07-00.00.50:919][751]LogModuleManager: Shutting down and abandoning module KismetCompiler (54)
[2015.04.07-00.00.50:919][751]LogModuleManager: Shutting down and abandoning module PhysXFormats (53)
[2015.04.07-00.00.50:919][751]LogModuleManager: Shutting down and abandoning module MeshUtilities (52)
[2015.04.07-00.00.50:919][751]LogModuleManager: Shutting down and abandoning module DerivedDataCache (51)
[2015.04.07-00.00.51:360][751]LogDerivedDataCache: Shutdown
[2015.04.07-00.00.51:360][751]LogModuleManager: Shutting down and abandoning module ShaderFormatOpenGL (50)
[2015.04.07-00.00.51:360][751]LogModuleManager: Shutting down and abandoning module ShaderFormatD3D (49)
[2015.04.07-00.00.51:360][751]LogModuleManager: Shutting down and abandoning module MetalShaderFormat (48)
[2015.04.07-00.00.51:360][751]LogModuleManager: Shutting down and abandoning module TextureFormatUncompressed (47)
[2015.04.07-00.00.51:360][751]LogModuleManager: Shutting down and abandoning module TextureFormatPVR (46)
[2015.04.07-00.00.51:360][751]LogModuleManager: Shutting down and abandoning module TextureFormatIntelISPCTexComp (45)
[2015.04.07-00.00.51:360][751]LogModuleManager: Shutting down and abandoning module TextureFormatDXT (44)
[2015.04.07-00.00.51:360][751]LogModuleManager: Shutting down and abandoning module ImageWrapper (43)
[2015.04.07-00.00.51:360][751]LogModuleManager: Shutting down and abandoning module TextureFormatASTC (42)
[2015.04.07-00.00.51:360][751]LogModuleManager: Shutting down and abandoning module TextureFormatAndroid (41)
[2015.04.07-00.00.51:360][751]LogModuleManager: Shutting down and abandoning module AudioFormatOpus (40)
[2015.04.07-00.00.51:360][751]LogModuleManager: Shutting down and abandoning module AudioFormatOgg (39)
[2015.04.07-00.00.51:360][751]LogModuleManager: Shutting down and abandoning module AudioFormatADPCM (38)
[2015.04.07-00.00.51:360][751]LogModuleManager: Shutting down and abandoning module LinuxTargetPlatform (37)
[2015.04.07-00.00.51:360][751]LogModuleManager: Shutting down and abandoning module LinuxServerTargetPlatform (36)
[2015.04.07-00.00.51:360][751]LogModuleManager: Shutting down and abandoning module LinuxNoEditorTargetPlatform (35)
[2015.04.07-00.00.51:360][751]LogModuleManager: Shutting down and abandoning module Messaging (34)
[2015.04.07-00.00.51:360][751]LogModuleManager: Shutting down and abandoning module IOSTargetPlatform (33)
[2015.04.07-00.00.51:360][751]LogModuleManager: Shutting down and abandoning module HTML5TargetPlatform (32)
[2015.04.07-00.00.51:360][751]LogModuleManager: Shutting down and abandoning module Android_PVRTCTargetPlatform (31)
[2015.04.07-00.00.51:360][751]LogModuleManager: Shutting down and abandoning module Android_ETC2TargetPlatform (30)
[2015.04.07-00.00.51:360][751]LogModuleManager: Shutting down and abandoning module Android_ETC1TargetPlatform (29)
[2015.04.07-00.00.51:360][751]LogModuleManager: Shutting down and abandoning module Android_ES31TargetPlatform (28)
[2015.04.07-00.00.51:360][751]LogModuleManager: Shutting down and abandoning module Android_DXTTargetPlatform (27)
[2015.04.07-00.00.51:360][751]LogModuleManager: Shutting down and abandoning module Android_ATCTargetPlatform (26)
[2015.04.07-00.00.51:360][751]LogModuleManager: Shutting down and abandoning module AndroidTargetPlatform (25)
[2015.04.07-00.00.51:360][751]LogModuleManager: Shutting down and abandoning module WindowsTargetPlatform (24)
[2015.04.07-00.00.51:360][751]LogModuleManager: Shutting down and abandoning module WindowsServerTargetPlatform (23)
[2015.04.07-00.00.51:360][751]LogModuleManager: Shutting down and abandoning module WindowsNoEditorTargetPlatform (22)
[2015.04.07-00.00.51:360][751]LogModuleManager: Shutting down and abandoning module WindowsClientTargetPlatform (21)
[2015.04.07-00.00.51:360][751]LogModuleManager: Shutting down and abandoning module TargetPlatform (20)
[2015.04.07-00.00.51:360][751]LogModuleManager: Shutting down and abandoning module InputCore (19)
[2015.04.07-00.00.51:360][751]LogModuleManager: Shutting down and abandoning module Settings (18)
[2015.04.07-00.00.51:360][751]LogModuleManager: Shutting down and abandoning module OnlineSubsystem (16)
[2015.04.07-00.00.51:360][751]LogModuleManager: Shutting down and abandoning module OculusRift (15)
[2015.04.07-00.00.51:360][751]LogModuleManager: Shutting down and abandoning module ExampleDeviceProfileSelector (14)
[2015.04.07-00.00.51:360][751]LogModuleManager: Shutting down and abandoning module TextureCompressor (13)
[2015.04.07-00.00.51:360][751]LogModuleManager: Shutting down and abandoning module ShaderCore (12)
[2015.04.07-00.00.51:360][751]LogModuleManager: Shutting down and abandoning module Landscape (11)
[2015.04.07-00.00.51:360][751]LogModuleManager: Shutting down and abandoning module SlateRHIRenderer (10)
[2015.04.07-00.00.51:361][751]LogModuleManager: Shutting down and abandoning module OpenGLDrv (9)
[2015.04.07-00.00.51:361][751]LogModuleManager: Shutting down and abandoning module D3D11RHI (8)
[2015.04.07-00.00.51:361][751]LogModuleManager: Shutting down and abandoning module Renderer (7)
[2015.04.07-00.00.51:361][751]LogModuleManager: Shutting down and abandoning module Engine (6)
[2015.04.07-00.00.51:361][751]LogModuleManager: Shutting down and abandoning module CoreUObject (5)
[2015.04.07-00.00.51:361][751]LogModuleManager: Shutting down and abandoning module NetworkFile (4)
[2015.04.07-00.00.51:361][751]LogModuleManager: Shutting down and abandoning module StreamingFile (3)
[2015.04.07-00.00.51:361][751]LogModuleManager: Shutting down and abandoning module SandboxFile (2)
[2015.04.07-00.00.51:361][751]LogModuleManager: Shutting down and abandoning module PakFile (1)
[2015.04.07-00.00.51:362][751]LogExit: Exiting.
[2015.04.07-00.00.51:372][751]Log file closed, 04/07/15 02:00:51
